Using pre-set license
Built from '2022.3/staging' branch; Version is '2022.3.23f1 (dbb3f7c5b5c6) revision 14398455'; Using compiler version '192829333'; Build Type 'Release'
OS: 'Windows 10  (10.0.19045) 64bit Professional' Language: 'zh' Physical Memory: 32674 MB
BatchMode: 1, IsHumanControllingUs: 0, StartBugReporterOnCrash: 0, Is64bit: 1, IsPro: 1

COMMAND LINE ARGUMENTS:
C:\Program Files\Unity\Hub\Editor\2022.3.23f1\Editor\Unity.exe
-adb2
-batchMode
-noUpm
-name
AssetImportWorker0
-projectPath
C:/Users/ChenD/Downloads/cs190i_ZMMWM/VR Room
-logFile
Logs/AssetImportWorker0.log
-srvPort
55018
Successfully changed project path to: C:/Users/ChenD/Downloads/cs190i_ZMMWM/VR Room
C:/Users/ChenD/Downloads/cs190i_ZMMWM/VR Room
[UnityMemory] Configuration Parameters - Can be set up in boot.config
    "memorysetup-bucket-allocator-granularity=16"
    "memorysetup-bucket-allocator-bucket-count=8"
    "memorysetup-bucket-allocator-block-size=33554432"
    "memorysetup-bucket-allocator-block-count=8"
    "memorysetup-main-allocator-block-size=16777216"
    "memorysetup-thread-allocator-block-size=16777216"
    "memorysetup-gfx-main-allocator-block-size=16777216"
    "memorysetup-gfx-thread-allocator-block-size=16777216"
    "memorysetup-cache-allocator-block-size=4194304"
    "memorysetup-typetree-allocator-block-size=2097152"
    "memorysetup-profiler-bucket-allocator-granularity=16"
    "memorysetup-profiler-bucket-allocator-bucket-count=8"
    "memorysetup-profiler-bucket-allocator-block-size=33554432"
    "memorysetup-profiler-bucket-allocator-block-count=8"
    "memorysetup-profiler-allocator-block-size=16777216"
    "memorysetup-profiler-editor-allocator-block-size=1048576"
    "memorysetup-temp-allocator-size-main=16777216"
    "memorysetup-job-temp-allocator-block-size=2097152"
    "memorysetup-job-temp-allocator-block-size-background=1048576"
    "memorysetup-job-temp-allocator-reduction-small-platforms=262144"
    "memorysetup-allocator-temp-initial-block-size-main=262144"
    "memorysetup-allocator-temp-initial-block-size-worker=262144"
    "memorysetup-temp-allocator-size-background-worker=32768"
    "memorysetup-temp-allocator-size-job-worker=262144"
    "memorysetup-temp-allocator-size-preload-manager=33554432"
    "memorysetup-temp-allocator-size-nav-mesh-worker=65536"
    "memorysetup-temp-allocator-size-audio-worker=65536"
    "memorysetup-temp-allocator-size-cloud-worker=32768"
    "memorysetup-temp-allocator-size-gi-baking-worker=262144"
    "memorysetup-temp-allocator-size-gfx=262144"
Unable to join player connection multicast group (err: 10013).
Player connection [89604] Host "[IP] 172.23.0.1 [Port] 0 [Flags] 2 [Guid] 1920197761 [EditorId] 1920197761 [Version] 1048832 [Id] WindowsEditor(7,DESKTOP-R6511M2) [Debug] 1 [PackageName] WindowsEditor [ProjectName] Editor" joined alternative multi-casting on [225.0.0.222:34997]...

[Physics::Module] Initialized MultithreadedJobDispatcher with 15 workers.
Refreshing native plugins compatible for Editor in 150.64 ms, found 11 plugins.
Preloading 3 native plugins for Editor in 8.92 ms.
Initialize engine version: 2022.3.23f1 (dbb3f7c5b5c6)
[Subsystems] Discovering subsystems at path C:/Program Files/Unity/Hub/Editor/2022.3.23f1/Editor/Data/Resources/UnitySubsystems
[Subsystems] Discovering subsystems at path C:/Users/ChenD/Downloads/cs190i_ZMMWM/VR Room/Assets
GfxDevice: creating device client; threaded=0; jobified=0
Direct3D:
    Version:  Direct3D 11.0 [level 11.1]
    Renderer: NVIDIA GeForce RTX 2070 Super with Max-Q Design (ID=0x1ed1)
    Vendor:   NVIDIA
    VRAM:     7989 MB
    Driver:   32.0.15.5585
Shader 'Meta/MRUK/Scene/HighlightsAndShadows': fallback shader 'Off' not found
Shader 'Oculus/OVRMRCameraFrameLit': fallback shader 'Alpha-Diffuse' not found
Initialize mono
Mono path[0] = 'C:/Program Files/Unity/Hub/Editor/2022.3.23f1/Editor/Data/Managed'
Mono path[1] = 'C:/Program Files/Unity/Hub/Editor/2022.3.23f1/Editor/Data/MonoBleedingEdge/lib/mono/unityjit-win32'
Mono config path = 'C:/Program Files/Unity/Hub/Editor/2022.3.23f1/Editor/Data/MonoBleedingEdge/etc'
Using monoOptions --debugger-agent=transport=dt_socket,embedding=1,server=y,suspend=n,address=127.0.0.1:56520
Begin MonoManager ReloadAssembly
Registering precompiled unity dll's ...
Register platform support module: C:/Program Files/Unity/Hub/Editor/2022.3.23f1/Editor/Data/PlaybackEngines/WebGLSupport/UnityEditor.WebGL.Extensions.dll
Register platform support module: C:/Program Files/Unity/Hub/Editor/2022.3.23f1/Editor/Data/PlaybackEngines/MacStandaloneSupport/UnityEditor.OSXStandalone.Extensions.dll
Register platform support module: C:/Program Files/Unity/Hub/Editor/2022.3.23f1/Editor/Data/PlaybackEngines/AndroidPlayer/UnityEditor.Android.Extensions.dll
Register platform support module: C:/Program Files/Unity/Hub/Editor/2022.3.23f1/Editor/Data/PlaybackEngines/WindowsStandaloneSupport/UnityEditor.WindowsStandalone.Extensions.dll
Register platform support module: C:/Program Files/Unity/Hub/Editor/2022.3.23f1/Editor/Data/PlaybackEngines/MetroSupport/UnityEditor.UWP.Extensions.dll
Registered in 0.118240 seconds.
- Loaded All Assemblies, in  0.981 seconds
Native extension for UWP target not found
Native extension for WindowsStandalone target not found
Native extension for Android target not found
Android Extension - Scanning For ADB Devices 1476 ms
Native extension for OSXStandalone target not found
Native extension for WebGL target not found
Mono: successfully reloaded assembly
- Finished resetting the current domain, in  2.202 seconds
Domain Reload Profiling: 3166ms
	BeginReloadAssembly (320ms)
		ExecutionOrderSort (0ms)
		DisableScriptedObjects (0ms)
		BackupInstance (0ms)
		ReleaseScriptingObjects (0ms)
		CreateAndSetChildDomain (1ms)
	RebuildCommonClasses (68ms)
	RebuildNativeTypeToScriptingClass (14ms)
	initialDomainReloadingComplete (253ms)
	LoadAllAssembliesAndSetupDomain (308ms)
		LoadAssemblies (314ms)
		RebuildTransferFunctionScriptingTraits (0ms)
		AnalyzeDomain (297ms)
			TypeCache.Refresh (295ms)
				TypeCache.ScanAssembly (273ms)
			ScanForSourceGeneratedMonoScriptInfo (1ms)
			ResolveRequiredComponents (1ms)
	FinalizeReload (2202ms)
		ReleaseScriptCaches (0ms)
		RebuildScriptCaches (0ms)
		SetupLoadedEditorAssemblies (2114ms)
			LogAssemblyErrors (0ms)
			InitializePlatformSupportModulesInManaged (1765ms)
			SetLoadedEditorAssemblies (8ms)
			RefreshPlugins (0ms)
			BeforeProcessingInitializeOnLoad (4ms)
			ProcessInitializeOnLoadAttributes (231ms)
			ProcessInitializeOnLoadMethodAttributes (105ms)
			AfterProcessingInitializeOnLoad (0ms)
			EditorAssembliesLoaded (0ms)
		ExecutionOrderSort2 (0ms)
		AwakeInstancesAfterBackupRestoration (0ms)
========================================================================
Worker process is ready to serve import requests
Begin MonoManager ReloadAssembly
Symbol file LoadedFromMemory is not a mono symbol file
- Loaded All Assemblies, in  2.601 seconds
Refreshing native plugins compatible for Editor in 76.33 ms, found 11 plugins.
Native extension for UWP target not found
Native extension for WindowsStandalone target not found
Native extension for Android target not found
Native extension for OSXStandalone target not found
Native extension for WebGL target not found
Package Manager log level set to [2]
[Package Manager] Server::EnsureServerProcessIsRunning -- launch failed, reason: Unity was launched with the -noUpm command-line argument
[Package Manager] UpmClient::Send -- Unable to send message (not connected to UPM process).
[Package Manager] Cannot connect to Unity Package Manager local server
[Package Manager] Server::EnsureServerProcessIsRunning -- launch failed, reason: Unity was launched with the -noUpm command-line argument
[Package Manager] UpmClient::Send -- Unable to send message (not connected to UPM process).
[Package Manager] Cannot connect to Unity Package Manager local server
[Package Manager] Server::EnsureServerProcessIsRunning -- launch failed, reason: Unity was launched with the -noUpm command-line argument
[Package Manager] UpmClient::Send -- Unable to send message (not connected to UPM process).
[Package Manager] Cannot connect to Unity Package Manager local server
System.Reflection.TargetInvocationException: Exception has been thrown by the target of an invocation. ---> System.NullReferenceException: Object reference not set to an instance of an object
  at Unity.XR.Oculus.OculusLoader.AssetPathToAbsolutePath (System.String assetPath) [0x0003d] in .\Library\PackageCache\com.unity.xr.oculus@4.2.0\Runtime\OculusLoader.cs:298 
  at Unity.XR.Oculus.OculusLoader.EditorLoadOVRPlugin () [0x0008c] in .\Library\PackageCache\com.unity.xr.oculus@4.2.0\Runtime\OculusLoader.cs:283 
  at (wrapper managed-to-native) System.Reflection.RuntimeMethodInfo.InternalInvoke(System.Reflection.RuntimeMethodInfo,object,object[],System.Exception&)
  at System.Reflection.RuntimeMethodInfo.Invoke (System.Object obj, System.Reflection.BindingFlags invokeAttr, System.Reflection.Binder binder, System.Object[] parameters, System.Globalization.CultureInfo culture) [0x0006a] in <b11ba2a8fbf24f219f7cc98532a11304>:0 
   --- End of inner exception stack trace ---
  at System.Reflection.RuntimeMethodInfo.Invoke (System.Object obj, System.Reflection.BindingFlags invokeAttr, System.Reflection.Binder binder, System.Object[] parameters, System.Globalization.CultureInfo culture) [0x00083] in <b11ba2a8fbf24f219f7cc98532a11304>:0 
  at System.Reflection.MethodBase.Invoke (System.Object obj, System.Object[] parameters) [0x00000] in <b11ba2a8fbf24f219f7cc98532a11304>:0 
  at UnityEditor.EditorAssemblies.ProcessInitializeOnLoadMethodAttributes () [0x000a5] in <1899c5bd2a6d466081cd705bee01d689>:0 
UnityEngine.StackTraceUtility:ExtractStackTrace ()
UnityEngine.DebugLogHandler:LogFormat (UnityEngine.LogType,UnityEngine.Object,string,object[])
UnityEngine.Logger:Log (UnityEngine.LogType,object)
UnityEngine.Debug:LogError (object)
UnityEditor.EditorAssemblies:ProcessInitializeOnLoadMethodAttributes ()

Mono: successfully reloaded assembly
[Package Manager] Server::EnsureServerProcessIsRunning -- launch failed, reason: Unity was launched with the -noUpm command-line argument
[Package Manager] UpmClient::Send -- Unable to send message (not connected to UPM process).
[Package Manager] Cannot connect to Unity Package Manager local server
[Package Manager] Server::EnsureServerProcessIsRunning -- launch failed, reason: Unity was launched with the -noUpm command-line argument
[Package Manager] UpmClient::Send -- Unable to send message (not connected to UPM process).
[Package Manager] Cannot connect to Unity Package Manager local server
- Finished resetting the current domain, in  1.882 seconds
Domain Reload Profiling: 4439ms
	BeginReloadAssembly (354ms)
		ExecutionOrderSort (0ms)
		DisableScriptedObjects (13ms)
		BackupInstance (0ms)
		ReleaseScriptingObjects (0ms)
		CreateAndSetChildDomain (31ms)
	RebuildCommonClasses (68ms)
	RebuildNativeTypeToScriptingClass (17ms)
	initialDomainReloadingComplete (116ms)
	LoadAllAssembliesAndSetupDomain (2001ms)
		LoadAssemblies (1643ms)
		RebuildTransferFunctionScriptingTraits (0ms)
		AnalyzeDomain (599ms)
			TypeCache.Refresh (474ms)
				TypeCache.ScanAssembly (426ms)
			ScanForSourceGeneratedMonoScriptInfo (80ms)
			ResolveRequiredComponents (43ms)
	FinalizeReload (1883ms)
		ReleaseScriptCaches (0ms)
		RebuildScriptCaches (0ms)
		SetupLoadedEditorAssemblies (1498ms)
			LogAssemblyErrors (0ms)
			InitializePlatformSupportModulesInManaged (106ms)
			SetLoadedEditorAssemblies (6ms)
			RefreshPlugins (0ms)
			BeforeProcessingInitializeOnLoad (351ms)
			ProcessInitializeOnLoadAttributes (818ms)
			ProcessInitializeOnLoadMethodAttributes (156ms)
			AfterProcessingInitializeOnLoad (60ms)
			EditorAssembliesLoaded (0ms)
		ExecutionOrderSort2 (0ms)
		AwakeInstancesAfterBackupRestoration (24ms)
Shader 'Oculus/OVRMRCameraFrameLit': fallback shader 'Alpha-Diffuse' not found
Shader 'Meta/MRUK/Scene/HighlightsAndShadows': fallback shader 'Off' not found
Launched and connected shader compiler UnityShaderCompiler.exe after 0.12 seconds
Refreshing native plugins compatible for Editor in 88.86 ms, found 11 plugins.
Preloading 3 native plugins for Editor in 0.63 ms.
Unloading 8005 Unused Serialized files (Serialized files now loaded: 0)
Unloading 119 unused Assets / (369.8 KB). Loaded Objects now: 8440.
Memory consumption went from 298.5 MB to 298.1 MB.
Total: 9.503300 ms (FindLiveObjects: 0.733500 ms CreateObjectMapping: 0.815700 ms MarkObjects: 7.538500 ms  DeleteObjects: 0.413800 ms)

AssetImportParameters requested are different than current active one (requested -> active):
  custom:scripting/monoscript/fileName/MetaXRSubsampledLayout.cs: 6aaebe357f0f2d3b4a093057b5676315 -> 
  custom:container-demuxer-ogg: 62fdf1f143b41e24485cea50d1cbac27 -> 
  custom:scripting/monoscript/fileName/UWPCoreWindowBuildHooks.cs: 528ee0545204f8083d130ec04efc78bc -> 
  custom:scripting/monoscript/fileName/MetaQuestFeatureEditor.cs: fff340053bb2e94334d0d5989f2eb349 -> 
  custom:scripting/monoscript/fileName/PalmPoseInteraction.cs: 6bd25b6029acb9127f25748cb0b6d2a8 -> 
  custom:scripting/monoscript/fileName/OpenXRRuntime.cs: c3a00f9ce6a0283dcb391b83637adf44 -> 
  custom:framework-win-MediaFoundation: 216162199b28c13a410421893ffa2e32 -> 
  custom:scripting/monoscript/fileName/OpenXRFeatureSettings.cs: 90647cc400823b41df847a6cbfc29026 -> 
  custom:scripting/monoscript/fileName/OpenXRBuildProcessor.cs: 48dc0e114f75799c0d74bafe70808189 -> 
  custom:scripting/monoscript/fileName/OpenXRFeatureInternal.cs: 90647cc400823b41df847a6cbfc29026 -> 
  custom:scripting/monoscript/fileName/OpenXRSpaceSettings.cs: 90647cc400823b41df847a6cbfc29026 -> 
  custom:scripting/monoscript/fileName/DPadInteractionCustomEditor.cs: d93785eeae2b4d41d39f603bd6f9849d -> 
  custom:scripting/monoscript/fileName/FeatureHelpers.cs: 0e8d07707daeed1da30b1605e903226b -> 
  custom:scripting/monoscript/fileName/DebuggerState.cs: 41070b7a08cc178a9ea51324cdaf5b81 -> 
  custom:scripting/monoscript/fileName/OpenXRHmd.cs: 1624687aa096b40d58d149d9c6304cca -> 
  custom:scripting/monoscript/fileName/OculusTouchControllerProfile.cs: 03df51b5c781d1980f509408bae72bc8 -> 
  custom:scripting/monoscript/fileName/RuntimeDebuggerWindow.cs: 0bc1d5ee7ce2553d42d62861471f3c44 -> 
  custom:scripting/monoscript/fileName/MetaXRSpaceWarp.cs: f1275400e64de7ac37cd4ecb60b92864 -> 
  custom:container-muxer-webm: aa71ff27fc2769a1b78a27578f13a17b -> 
  custom:video-decoder-webm-vp8: 9c59270c3fd7afecdb556c50c9e8de78 -> 
  custom:scripting/monoscript/fileName/OculusQuestFeature.cs: 041c3418dd65b8e99ca410c708996814 -> 
  custom:scripting/monoscript/fileName/OpenXRFeatureSetManager.cs: 4f340a53d115a7e1888d00ddc4cd614b -> 
  custom:SearchIndexIgnoredProperties: e643bd26f0fe6173181afceb89e7c659 -> 
  custom:AudioImporter_EditorPlatform: d09bf68614088b80899f8185d706f6e7 -> 
  custom:scripting/monoscript/fileName/OpenXRDevice.cs: 1b3be9b024fb29351711164fb0577202 -> 
  custom:scripting/monoscript/fileName/HTCViveControllerProfile.cs: 575b921c71649e99576a05f0add9cf5d -> 
  custom:scripting/monoscript/fileName/OpenXRRenderSettings.cs: 90647cc400823b41df847a6cbfc29026 -> 
  custom:scripting/monoscript/fileName/EyeGazeInteraction.cs: dc1f12620c8656649cfc16f13969f5fa -> 
  custom:scripting/monoscript/fileName/OpenXRAnalytics.cs: 67d5de80ae8e3ee46bb1b4907783d54c -> 
  custom:scripting/monoscript/fileName/MetaXRFeature.cs: 782504a5ed2525f1dc5bc090683802e5 -> 
  custom:scripting/monoscript/fileName/OpenXRFeatureAttribute.cs: cb6dde4b346c754b123a290cdf928c65 -> 
  custom:scripting/monoscript/fileName/OpenXRLoaderNoPreInit.cs: 8f7a064e1e0bb6e17b9f5d171fe53dfc -> 
  custom:scripting/monoscript/fileName/HandCommonPosesInteraction.cs: c984aa78f460c3bf39ec56bc9a0a414a -> 
  custom:scripting/monoscript/fileName/RuntimeDebuggerOpenXRFeatureEditor.cs: 26a9be57964b520d3a47d8c20db877e9 -> 
  custom:scripting/monoscript/fileName/HPReverbG2ControllerProfile.cs: 6aadb5e22feaccfa77ef6db6c4d4541c -> 
  custom:scripting/monoscript/fileName/BootConfig.cs: b2c4d54615a39b14509e601dd0f329ff -> 
  custom:audio-decoder-ogg-vorbis: bf7c407c2cedff20999df2af8eb42d56 -> 
  custom:scripting/monoscript/fileName/MetaXRFeatureEnabler.cs: 411456e96065709848597c49ea9e7866 -> 
  custom:scripting/monoscript/fileName/OpenXRPackageSettings.cs: 4f4aaba453bf105fb1c3c3d64247142d -> 
  custom:scripting/monoscript/fileName/OpenXRFeatureSetAttribute.cs: 9e20f05fe0a3688af8836175869f0bb7 -> 
  custom:scripting/monoscript/fileName/HapticControl.cs: d7a5389cafde2a1337c58e2f0d91a837 -> 
  custom:scripting/monoscript/fileName/MetaQuestFeature.cs: b9c317336250afc5bb5fa2c2df269ea6 -> 
  custom:scripting/monoscript/fileName/OpenXRRuntimeSelector.cs: 976a19637455f3c9d6af12ad00b783e3 -> 
  custom:scripting/monoscript/fileName/BuildHelperUtils.cs: 619773c3d1b7f3f0ca7461f5c27242a8 -> 
  custom:audio-encoder-webm-vorbis: bf7c407c2cedff20999df2af8eb42d56 -> 
  custom:scripting/monoscript/fileName/RuntimeDebuggerOpenXRFeature.cs: 8b269b64ad1c99e85d7f28185c15f7bb -> 
  custom:scripting/monoscript/fileName/MetaQuestFeatureBuildHooks.cs: 2ac755c66ffd4e4b7c22530386a7ba47 -> 
  custom:scripting/monoscript/fileName/OpenXRInteractionFeature.cs: a60484418ad6b497996467bb6f98db73 -> 
  custom:scripting/monoscript/fileName/DPadInteraction.cs: 93f85c8ba74c4199c8fc9b6e8c6fb8a6 -> 
  custom:scripting/monoscript/fileName/OpenXRFeatureSettingsEditor.cs: 46f7bc9b6667349416d592c92274a2cd -> 
  custom:video-decoder-ogg-theora: a1e56fd34408186e4bbccfd4996cb3dc -> 
  custom:scripting/monoscript/fileName/MetaQuestTouchProControllerProfile.cs: 9fffae235d4c14901711127c7daeb86c -> 
  custom:scripting/monoscript/fileName/OpenXRConstants.cs: f878d042bd3999b796b9387b0c8a1032 -> 
  custom:scripting/monoscript/fileName/OpenXRFeatureUICommon.cs: 45f7a59cd9c5cd84e28e0f7a429879c2 -> 
  custom:scripting/monoscript/fileName/OpenXRLoaderUI.cs: ebd8d704d5e26f054d43886c272cd005 -> 
  custom:scripting/monoscript/fileName/WaitForRestartFinish.cs: 0e76bf389cf347a5d8d6432ec661895f -> 
  custom:scripting/monoscript/fileName/KHRSimpleControllerProfile.cs: bcdcb81587b2075f7af2f75706b9e69a -> 
  custom:scripting/monoscript/fileName/ConformanceAutomationFeature.cs: 97112e825fad9ed87f6a9c7acc231c0b -> 
  custom:scripting/monoscript/fileName/OpenXRLoaderInternal.cs: 90647cc400823b41df847a6cbfc29026 -> 
  custom:CustomObjectIndexerAttribute: 72b91833f83ae208fae7752999fa3104 -> 
  custom:scripting/monoscript/fileName/OpenXRMangementSettings.cs: 5a013b6c45b1e1d06085cb1496493b86 -> 
  custom:scripting/monoscript/fileName/OpenXRNativeTypes.cs: 91cde5f962ea5dcb75652e72bac8769f -> 
  custom:container-demuxer-webm: 4f35f7cbe854078d1ac9338744f61a02 -> 
  custom:scripting/monoscript/fileName/KnownFeatureSets.cs: 2cf391597f07a52473981e9cc2b41b67 -> 
  custom:scripting/monoscript/fileName/OpenXRProjectValidationRulesSetup.cs: 63c520149123eced22b6028c5ebd9d08 -> 
  custom:scripting/monoscript/fileName/MicrosoftHandInteraction.cs: dac920740153b0163dda0f7e56920e40 -> 
  custom:scripting/monoscript/fileName/PackageSettingsEditor.cs: 6212fddebb8f67c4da0f50592230839b -> 
  custom:scripting/monoscript/fileName/OpenXRLoader.cs: 18020e98a4b26e822e0c5684b0251e04 -> 
  custom:scripting/monoscript/fileName/ValveIndexControllerProfile.cs: f923b1771c835a70375d3505e818878d -> 
  custom:scripting/monoscript/fileName/OculusQuestFeatureEditor.cs: af70b82209b4cf6ce20a2da2892dfc5f -> 
  custom:scripting/monoscript/fileName/OpenXRChooseRuntimeLibraries.cs: 3923c2f1337a35d737ad0192eb46b432 -> 
  custom:scripting/monoscript/fileName/MetaXREyeTrackedFoveationFeature.cs: 460473d07f8096e9f1344662eb214fcc -> 
  custom:scripting/monoscript/fileName/MockRuntime.cs: 8e970d93da4762c7d57e9c9dd2b36dbb -> 
  custom:scripting/monoscript/fileName/MetaXRFeatureSet.cs: e0d039fe304aca373e5d7962ffb0e24d -> 
  custom:scripting/monoscript/fileName/BootConfigBuilder.cs: a174d8870c7a69fabc7d42a75b0f23aa -> 
  custom:scripting/monoscript/fileName/MicrosoftMotionControllerProfile.cs: 6dcaa2067404bed7771687f2f9dfa057 -> 
  custom:scripting/monoscript/fileName/OpenXRRestarter.cs: c236f3f43c026f409512d203b81e6184 -> 
  custom:scripting/monoscript/fileName/OpenXRDiagnosticReport.cs: f43e8307d90025ed39c346ed63d1208d -> 
  custom:scripting/monoscript/fileName/PoseControl.cs: 4ff0d325328ef40fb1693e34ac3358bf -> 26044499bf9bfd77ab38d92d33de1d80
  custom:scripting/monoscript/fileName/OpenXRFeatureBuildHooks.cs: da31756dd3c74e69bcd7ed1a1983ed53 -> 
  custom:scripting/monoscript/fileName/MetaXRFoveationFeature.cs: cfbe3655078beed7fcdedd0ad51afce0 -> 
  custom:video-encoder-webm-vp8: eb34c28f22e8b96e1ab97ce403110664 -> 
  custom:scripting/monoscript/fileName/ModifyAndroidManifestMeta.cs: 3b920058e4dd8cbdb95cce4af271f981 -> 
  custom:scripting/monoscript/fileName/OpenXRFeatureEditor.cs: 01dd3fecc4e9c7ce9fb6af5d0948ba2a -> 
  custom:scripting/monoscript/fileName/HandInteractionProfile.cs: 9c7649bd495ee99cc73ddacbe0a8cd95 -> 
  custom:scripting/monoscript/fileName/ModifyAndroidManifestOculus.cs: 1d09740e7edd66fffc5895aae9e385d3 -> 
  custom:scripting/monoscript/fileName/OpenXRInput.cs: b351db87f98ee399e568b78e0ed353e3 -> 
  custom:scripting/monoscript/fileName/OpenXREditorSettings.cs: 321e3a8126bc4b0248cbcecf63892f31 -> 
  custom:scripting/monoscript/fileName/OpenXRProjectValidation.cs: 181508e149a91a64c6dfdc447b97c322 -> 
========================================================================
Received Import Request.
  Time since last request: 46821.235311 seconds.
  path: Assets/AK Studio Art/Bowling Club/Models/Bowling Alley Equipment/Bowling Alley Equipment AO.png
  artifactKey: Guid(8b3a4fce17e5aab46b1b4cfc5be65eb4) Importer(815301076,1909f56bfc062723c751e8b465ee728b)
Start importing Assets/AK Studio Art/Bowling Club/Models/Bowling Alley Equipment/Bowling Alley Equipment AO.png using Guid(8b3a4fce17e5aab46b1b4cfc5be65eb4) Importer(815301076,1909f56bfc062723c751e8b465ee728b)  -> (artifact id: '5792d133ce1d5a50a69697e0fb602f33') in 0.214183 seconds
Number of updated asset objects reloaded before import = 0
Number of asset objects unloaded after import = 2
========================================================================
Received Import Request.
  Time since last request: 0.000050 seconds.
  path: Assets/AK Studio Art
  artifactKey: Guid(45dedfff7ad7e7a4a911e0cd5c3e27c2) Importer(815301076,1909f56bfc062723c751e8b465ee728b)
Start importing Assets/AK Studio Art using Guid(45dedfff7ad7e7a4a911e0cd5c3e27c2) Importer(815301076,1909f56bfc062723c751e8b465ee728b)  -> (artifact id: 'f431a405679325032f0a556a22f675c7') in 0.001295 seconds
Number of updated asset objects reloaded before import = 0
Number of asset objects unloaded after import = 0
========================================================================
Received Import Request.
  Time since last request: 0.000080 seconds.
  path: Assets/AK Studio Art/Bowling Club/Models/Bowling Ball
  artifactKey: Guid(e14c90cd2ca372945af714ced1f1d9b5) Importer(815301076,1909f56bfc062723c751e8b465ee728b)
Start importing Assets/AK Studio Art/Bowling Club/Models/Bowling Ball using Guid(e14c90cd2ca372945af714ced1f1d9b5) Importer(815301076,1909f56bfc062723c751e8b465ee728b)  -> (artifact id: '6a4e6748184feb0b2543f660bf064ddb') in 0.000859 seconds
Number of updated asset objects reloaded before import = 0
Number of asset objects unloaded after import = 0
========================================================================
Received Import Request.
  Time since last request: 0.000023 seconds.
  path: Assets/AK Studio Art/Bowling Club
  artifactKey: Guid(6811690d48ecfc3458ffa2dd84c43ef7) Importer(815301076,1909f56bfc062723c751e8b465ee728b)
Start importing Assets/AK Studio Art/Bowling Club using Guid(6811690d48ecfc3458ffa2dd84c43ef7) Importer(815301076,1909f56bfc062723c751e8b465ee728b)  -> (artifact id: 'b5fd23a749e1e61f6880b959dbe473b9') in 0.001024 seconds
Number of updated asset objects reloaded before import = 0
Number of asset objects unloaded after import = 0
========================================================================
Received Import Request.
  Time since last request: 0.000024 seconds.
  path: Assets/AK Studio Art/Bowling Club/Prefabs/Ball Return.prefab
  artifactKey: Guid(a56f8d21652ea204cbfdc1b8aa527fd7) Importer(815301076,1909f56bfc062723c751e8b465ee728b)
Start importing Assets/AK Studio Art/Bowling Club/Prefabs/Ball Return.prefab using Guid(a56f8d21652ea204cbfdc1b8aa527fd7) Importer(815301076,1909f56bfc062723c751e8b465ee728b)  -> (artifact id: '0e649d2bb1c4e2e5b81c9b74e593fe52') in 0.447800 seconds
Number of updated asset objects reloaded before import = 0
Number of asset objects unloaded after import = 29
========================================================================
Received Import Request.
  Time since last request: 0.000038 seconds.
  path: Assets/AK Studio Art/Bowling Club/Prefabs
  artifactKey: Guid(b2cd3e1c23bdc274dbac404d0a95bbb3) Importer(815301076,1909f56bfc062723c751e8b465ee728b)
Start importing Assets/AK Studio Art/Bowling Club/Prefabs using Guid(b2cd3e1c23bdc274dbac404d0a95bbb3) Importer(815301076,1909f56bfc062723c751e8b465ee728b)  -> (artifact id: '47eb36bc68a75dd154e9ecebeb14ab39') in 0.001332 seconds
Number of updated asset objects reloaded before import = 0
Number of asset objects unloaded after import = 0
========================================================================
Received Import Request.
  Time since last request: 0.000043 seconds.
  path: Assets/AK Studio Art/Bowling Club/Models/Room/Panel MetallicSmoothness.png
  artifactKey: Guid(d2b246e99013c264a9ba9d30d87bec1d) Importer(815301076,1909f56bfc062723c751e8b465ee728b)
Start importing Assets/AK Studio Art/Bowling Club/Models/Room/Panel MetallicSmoothness.png using Guid(d2b246e99013c264a9ba9d30d87bec1d) Importer(815301076,1909f56bfc062723c751e8b465ee728b)  -> (artifact id: '18975344b337d0dc0bc8491223253c3c') in 0.034058 seconds
Number of updated asset objects reloaded before import = 0
Number of asset objects unloaded after import = 2
========================================================================
Received Import Request.
  Time since last request: 0.000043 seconds.
  path: Assets/AK Studio Art/Bowling Club/Models/Bowling Alley Equipment/Bowling Alley Equipment.fbx
  artifactKey: Guid(89bc8d7cc806e0b448866e56b437d5c1) Importer(815301076,1909f56bfc062723c751e8b465ee728b)
Start importing Assets/AK Studio Art/Bowling Club/Models/Bowling Alley Equipment/Bowling Alley Equipment.fbx using Guid(89bc8d7cc806e0b448866e56b437d5c1) Importer(815301076,1909f56bfc062723c751e8b465ee728b)  -> (artifact id: 'fbfad3a5e31c010324257421a1d183e1') in 0.141115 seconds
Number of updated asset objects reloaded before import = 0
Number of asset objects unloaded after import = 39
========================================================================
Received Import Request.
  Time since last request: 0.000041 seconds.
  path: Assets/AK Studio Art/Bowling Club/Prefabs/Room.prefab
  artifactKey: Guid(dd4931663b3ced445b5e8c83a2d8c6ee) Importer(815301076,1909f56bfc062723c751e8b465ee728b)
Start importing Assets/AK Studio Art/Bowling Club/Prefabs/Room.prefab using Guid(dd4931663b3ced445b5e8c83a2d8c6ee) Importer(815301076,1909f56bfc062723c751e8b465ee728b)  -> (artifact id: '82c00d7bfec37d878e62a3bfb9b9c3cb') in 0.855191 seconds
Number of updated asset objects reloaded before import = 0
Number of asset objects unloaded after import = 468
========================================================================
Received Import Request.
  Time since last request: 0.000045 seconds.
  path: Assets/AK Studio Art/Bowling Club/Models/Room/Panel Normal.png
  artifactKey: Guid(eef37b04ef5f64644afe6609c2b4b126) Importer(815301076,1909f56bfc062723c751e8b465ee728b)
Start importing Assets/AK Studio Art/Bowling Club/Models/Room/Panel Normal.png using Guid(eef37b04ef5f64644afe6609c2b4b126) Importer(815301076,1909f56bfc062723c751e8b465ee728b)  -> (artifact id: 'c236f311d34640887354dd5d561236b0') in 0.032121 seconds
Number of updated asset objects reloaded before import = 0
Number of asset objects unloaded after import = 2
========================================================================
Received Import Request.
  Time since last request: 0.000028 seconds.
  path: Assets/AK Studio Art/Bowling Club/Models/Bowling Alley Equipment/Bowling Alley Equipment Normal.png
  artifactKey: Guid(987f161a9daf8db42be97f5be0ad6758) Importer(815301076,1909f56bfc062723c751e8b465ee728b)
Start importing Assets/AK Studio Art/Bowling Club/Models/Bowling Alley Equipment/Bowling Alley Equipment Normal.png using Guid(987f161a9daf8db42be97f5be0ad6758) Importer(815301076,1909f56bfc062723c751e8b465ee728b)  -> (artifact id: 'cd7d0d98a41804cef2758a9adcac26fd') in 0.027769 seconds
Number of updated asset objects reloaded before import = 0
Number of asset objects unloaded after import = 2
========================================================================
Received Import Request.
  Time since last request: 0.000144 seconds.
  path: Assets/AK Studio Art/Bowling Club/Prefabs/Ball Return With Balls.prefab
  artifactKey: Guid(42299aadd6818954289c8f673fbe756a) Importer(815301076,1909f56bfc062723c751e8b465ee728b)
Start importing Assets/AK Studio Art/Bowling Club/Prefabs/Ball Return With Balls.prefab using Guid(42299aadd6818954289c8f673fbe756a) Importer(815301076,1909f56bfc062723c751e8b465ee728b)  -> (artifact id: 'e2ec64f642835b036582b5920c8889ba') in 0.068880 seconds
Number of updated asset objects reloaded before import = 0
Number of asset objects unloaded after import = 126
========================================================================
Received Import Request.
  Time since last request: 0.000035 seconds.
  path: Assets/AK Studio Art/Bowling Club/Models/Room
  artifactKey: Guid(7f264b85972fb804cae64b8139d8d790) Importer(815301076,1909f56bfc062723c751e8b465ee728b)
Start importing Assets/AK Studio Art/Bowling Club/Models/Room using Guid(7f264b85972fb804cae64b8139d8d790) Importer(815301076,1909f56bfc062723c751e8b465ee728b)  -> (artifact id: '268f03cd888d3c910e7d90938b35e3fb') in 0.000965 seconds
Number of updated asset objects reloaded before import = 0
Number of asset objects unloaded after import = 0
========================================================================
Received Import Request.
  Time since last request: 0.000024 seconds.
  path: Assets/AK Studio Art/Bowling Club/Prefabs/Bowling Pins.prefab
  artifactKey: Guid(bc08b2a12b8cead44a74d1819839ec6e) Importer(815301076,1909f56bfc062723c751e8b465ee728b)
Start importing Assets/AK Studio Art/Bowling Club/Prefabs/Bowling Pins.prefab using Guid(bc08b2a12b8cead44a74d1819839ec6e) Importer(815301076,1909f56bfc062723c751e8b465ee728b)  -> (artifact id: '6681b3b88013d0573aadaa3be67de236') in 0.037576 seconds
Number of updated asset objects reloaded before import = 0
Number of asset objects unloaded after import = 88
========================================================================
Received Import Request.
  Time since last request: 0.000031 seconds.
  path: Assets/AK Studio Art/Bowling Club/Models/Bowling Alley Equipment/Bowling Alley Equipment AlbedoTransparency.png
  artifactKey: Guid(1184fbaa5d125114fb865177d1c04abe) Importer(815301076,1909f56bfc062723c751e8b465ee728b)
Start importing Assets/AK Studio Art/Bowling Club/Models/Bowling Alley Equipment/Bowling Alley Equipment AlbedoTransparency.png using Guid(1184fbaa5d125114fb865177d1c04abe) Importer(815301076,1909f56bfc062723c751e8b465ee728b)  -> (artifact id: 'dee78fc771d6ffc6582a98f5a6d8b06b') in 0.024318 seconds
Number of updated asset objects reloaded before import = 0
Number of asset objects unloaded after import = 2
========================================================================
Received Import Request.
  Time since last request: 0.000031 seconds.
  path: Assets/AK Studio Art/Bowling Club/Models/Bowling Alley Equipment
  artifactKey: Guid(c341dabf5cb53dc419c53b7bcc8c42a8) Importer(815301076,1909f56bfc062723c751e8b465ee728b)
Start importing Assets/AK Studio Art/Bowling Club/Models/Bowling Alley Equipment using Guid(c341dabf5cb53dc419c53b7bcc8c42a8) Importer(815301076,1909f56bfc062723c751e8b465ee728b)  -> (artifact id: '887f19ca1747bcfa11489c7c187cbde2') in 0.001014 seconds
Number of updated asset objects reloaded before import = 0
Number of asset objects unloaded after import = 0
========================================================================
Received Import Request.
  Time since last request: 0.000040 seconds.
  path: Assets/AK Studio Art/Bowling Club/Models/Room/Panel AO.png
  artifactKey: Guid(a52e2401ecac01144a6f89bb1bf71d36) Importer(815301076,1909f56bfc062723c751e8b465ee728b)
Start importing Assets/AK Studio Art/Bowling Club/Models/Room/Panel AO.png using Guid(a52e2401ecac01144a6f89bb1bf71d36) Importer(815301076,1909f56bfc062723c751e8b465ee728b)  -> (artifact id: '66893118e75bed48b41e1bc29cc5bb35') in 0.023899 seconds
Number of updated asset objects reloaded before import = 0
Number of asset objects unloaded after import = 2
========================================================================
Received Import Request.
  Time since last request: 0.000024 seconds.
  path: Assets/AK Studio Art/Bowling Club/Models/Bowling Alley Equipment/Bowling Alley Equipment MetallicSmoothness.png
  artifactKey: Guid(934e26bd2e10b044b9acdf781d5c1555) Importer(815301076,1909f56bfc062723c751e8b465ee728b)
Start importing Assets/AK Studio Art/Bowling Club/Models/Bowling Alley Equipment/Bowling Alley Equipment MetallicSmoothness.png using Guid(934e26bd2e10b044b9acdf781d5c1555) Importer(815301076,1909f56bfc062723c751e8b465ee728b)  -> (artifact id: '39741a18c3e56db6c206d1935eb13c97') in 0.029989 seconds
Number of updated asset objects reloaded before import = 0
Number of asset objects unloaded after import = 2
========================================================================
Received Import Request.
  Time since last request: 0.000026 seconds.
  path: Assets/AK Studio Art/Bowling Club/Models/Bowling Pin
  artifactKey: Guid(179ee3e30dca85e4eb9599ef98e718f4) Importer(815301076,1909f56bfc062723c751e8b465ee728b)
Start importing Assets/AK Studio Art/Bowling Club/Models/Bowling Pin using Guid(179ee3e30dca85e4eb9599ef98e718f4) Importer(815301076,1909f56bfc062723c751e8b465ee728b)  -> (artifact id: '8467a1b39b631072d4966850fb373c13') in 0.001151 seconds
Number of updated asset objects reloaded before import = 0
Number of asset objects unloaded after import = 0
========================================================================
Received Import Request.
  Time since last request: 0.000026 seconds.
  path: Assets/AK Studio Art/Bowling Club/Models/Room/Panel Emission.png
  artifactKey: Guid(979099581cb772c4b9cbfa568537d7b1) Importer(815301076,1909f56bfc062723c751e8b465ee728b)
Start importing Assets/AK Studio Art/Bowling Club/Models/Room/Panel Emission.png using Guid(979099581cb772c4b9cbfa568537d7b1) Importer(815301076,1909f56bfc062723c751e8b465ee728b)  -> (artifact id: '45eb5e2bc5e29c20f23657d9617d5558') in 0.028029 seconds
Number of updated asset objects reloaded before import = 0
Number of asset objects unloaded after import = 2
========================================================================
Received Import Request.
  Time since last request: 0.000023 seconds.
  path: Assets/AK Studio Art/Bowling Club/Prefabs/Bowling Alley Equipment.prefab
  artifactKey: Guid(a6f9bdd62d99a744ab9bbc8b3ff8f40b) Importer(815301076,1909f56bfc062723c751e8b465ee728b)
Start importing Assets/AK Studio Art/Bowling Club/Prefabs/Bowling Alley Equipment.prefab using Guid(a6f9bdd62d99a744ab9bbc8b3ff8f40b) Importer(815301076,1909f56bfc062723c751e8b465ee728b)  -> (artifact id: 'eccb59b73a63827e2db4890a6e4acbf6') in 0.068509 seconds
Number of updated asset objects reloaded before import = 0
Number of asset objects unloaded after import = 229
========================================================================
Received Import Request.
  Time since last request: 8.890874 seconds.
  path: Assets/AK Studio Art/Bowling Club/Models/Ball Return/Ball Return AlbedoTransparency.png
  artifactKey: Guid(e07e678903b7341418a96a5ffa227f09) Importer(815301076,1909f56bfc062723c751e8b465ee728b)
Start importing Assets/AK Studio Art/Bowling Club/Models/Ball Return/Ball Return AlbedoTransparency.png using Guid(e07e678903b7341418a96a5ffa227f09) Importer(815301076,1909f56bfc062723c751e8b465ee728b)  -> (artifact id: '69478543622dce9223e149311edb4ced') in 0.023377 seconds
Number of updated asset objects reloaded before import = 0
Number of asset objects unloaded after import = 2
========================================================================
Received Import Request.
  Time since last request: 0.000021 seconds.
  path: Assets/AK Studio Art/Bowling Club/Models/Ball Return/Ball Return Normal.png
  artifactKey: Guid(cf6e40cc69d7b6841be5a25608988bb7) Importer(815301076,1909f56bfc062723c751e8b465ee728b)
Start importing Assets/AK Studio Art/Bowling Club/Models/Ball Return/Ball Return Normal.png using Guid(cf6e40cc69d7b6841be5a25608988bb7) Importer(815301076,1909f56bfc062723c751e8b465ee728b)  -> (artifact id: 'edbc27c3c7dfaa3f5d35b8525d8467e5') in 0.028121 seconds
Number of updated asset objects reloaded before import = 0
Number of asset objects unloaded after import = 2
Editor requested this worker to shutdown with reason: Scaling down because of idle timeout
TcpMessagingSession - receive error: operation aborted. errorcode: 995, details: 由于线程退出或应用程序请求，已中止 I/O 操作。
AssetImportWorker is now disconnected from the server
Process exiting
Exiting without the bug reporter. Application will terminate with return code 0