Using pre-set license
Built from '2022.3/staging' branch; Version is '2022.3.23f1 (dbb3f7c5b5c6) revision 14398455'; Using compiler version '192829333'; Build Type 'Release'
OS: 'Windows 10  (10.0.19045) 64bit Professional' Language: 'zh' Physical Memory: 32674 MB
BatchMode: 1, IsHumanControllingUs: 0, StartBugReporterOnCrash: 0, Is64bit: 1, IsPro: 1

COMMAND LINE ARGUMENTS:
C:\Program Files\Unity\Hub\Editor\2022.3.23f1\Editor\Unity.exe
-adb2
-batchMode
-noUpm
-name
AssetImportWorker8
-projectPath
C:/Users/ChenD/Downloads/cs190i_ZMMWM/VR Room
-logFile
Logs/AssetImportWorker8.log
-srvPort
55018
Successfully changed project path to: C:/Users/ChenD/Downloads/cs190i_ZMMWM/VR Room
C:/Users/ChenD/Downloads/cs190i_ZMMWM/VR Room
[UnityMemory] Configuration Parameters - Can be set up in boot.config
    "memorysetup-bucket-allocator-granularity=16"
    "memorysetup-bucket-allocator-bucket-count=8"
    "memorysetup-bucket-allocator-block-size=33554432"
    "memorysetup-bucket-allocator-block-count=8"
    "memorysetup-main-allocator-block-size=16777216"
    "memorysetup-thread-allocator-block-size=16777216"
    "memorysetup-gfx-main-allocator-block-size=16777216"
    "memorysetup-gfx-thread-allocator-block-size=16777216"
    "memorysetup-cache-allocator-block-size=4194304"
    "memorysetup-typetree-allocator-block-size=2097152"
    "memorysetup-profiler-bucket-allocator-granularity=16"
    "memorysetup-profiler-bucket-allocator-bucket-count=8"
    "memorysetup-profiler-bucket-allocator-block-size=33554432"
    "memorysetup-profiler-bucket-allocator-block-count=8"
    "memorysetup-profiler-allocator-block-size=16777216"
    "memorysetup-profiler-editor-allocator-block-size=1048576"
    "memorysetup-temp-allocator-size-main=16777216"
    "memorysetup-job-temp-allocator-block-size=2097152"
    "memorysetup-job-temp-allocator-block-size-background=1048576"
    "memorysetup-job-temp-allocator-reduction-small-platforms=262144"
    "memorysetup-allocator-temp-initial-block-size-main=262144"
    "memorysetup-allocator-temp-initial-block-size-worker=262144"
    "memorysetup-temp-allocator-size-background-worker=32768"
    "memorysetup-temp-allocator-size-job-worker=262144"
    "memorysetup-temp-allocator-size-preload-manager=33554432"
    "memorysetup-temp-allocator-size-nav-mesh-worker=65536"
    "memorysetup-temp-allocator-size-audio-worker=65536"
    "memorysetup-temp-allocator-size-cloud-worker=32768"
    "memorysetup-temp-allocator-size-gi-baking-worker=262144"
    "memorysetup-temp-allocator-size-gfx=262144"
Unable to join player connection multicast group (err: 10013).
Player connection [105132] Host "[IP] 172.23.0.1 [Port] 0 [Flags] 2 [Guid] 963124723 [EditorId] 963124723 [Version] 1048832 [Id] WindowsEditor(7,DESKTOP-R6511M2) [Debug] 1 [PackageName] WindowsEditor [ProjectName] Editor" joined alternative multi-casting on [225.0.0.222:34997]...

[Physics::Module] Initialized MultithreadedJobDispatcher with 15 workers.
Refreshing native plugins compatible for Editor in 184.35 ms, found 11 plugins.
Preloading 3 native plugins for Editor in 8.31 ms.
Initialize engine version: 2022.3.23f1 (dbb3f7c5b5c6)
[Subsystems] Discovering subsystems at path C:/Program Files/Unity/Hub/Editor/2022.3.23f1/Editor/Data/Resources/UnitySubsystems
[Subsystems] Discovering subsystems at path C:/Users/ChenD/Downloads/cs190i_ZMMWM/VR Room/Assets
GfxDevice: creating device client; threaded=0; jobified=0
Direct3D:
    Version:  Direct3D 11.0 [level 11.1]
    Renderer: NVIDIA GeForce RTX 2070 Super with Max-Q Design (ID=0x1ed1)
    Vendor:   NVIDIA
    VRAM:     7989 MB
    Driver:   32.0.15.5585
Shader 'Meta/MRUK/Scene/HighlightsAndShadows': fallback shader 'Off' not found
Shader 'Oculus/OVRMRCameraFrameLit': fallback shader 'Alpha-Diffuse' not found
Initialize mono
Mono path[0] = 'C:/Program Files/Unity/Hub/Editor/2022.3.23f1/Editor/Data/Managed'
Mono path[1] = 'C:/Program Files/Unity/Hub/Editor/2022.3.23f1/Editor/Data/MonoBleedingEdge/lib/mono/unityjit-win32'
Mono config path = 'C:/Program Files/Unity/Hub/Editor/2022.3.23f1/Editor/Data/MonoBleedingEdge/etc'
Using monoOptions --debugger-agent=transport=dt_socket,embedding=1,server=y,suspend=n,address=127.0.0.1:56928
Begin MonoManager ReloadAssembly
Registering precompiled unity dll's ...
Register platform support module: C:/Program Files/Unity/Hub/Editor/2022.3.23f1/Editor/Data/PlaybackEngines/WebGLSupport/UnityEditor.WebGL.Extensions.dll
Register platform support module: C:/Program Files/Unity/Hub/Editor/2022.3.23f1/Editor/Data/PlaybackEngines/MacStandaloneSupport/UnityEditor.OSXStandalone.Extensions.dll
Register platform support module: C:/Program Files/Unity/Hub/Editor/2022.3.23f1/Editor/Data/PlaybackEngines/AndroidPlayer/UnityEditor.Android.Extensions.dll
Register platform support module: C:/Program Files/Unity/Hub/Editor/2022.3.23f1/Editor/Data/PlaybackEngines/WindowsStandaloneSupport/UnityEditor.WindowsStandalone.Extensions.dll
Register platform support module: C:/Program Files/Unity/Hub/Editor/2022.3.23f1/Editor/Data/PlaybackEngines/MetroSupport/UnityEditor.UWP.Extensions.dll
Registered in 0.134433 seconds.
- Loaded All Assemblies, in  2.652 seconds
Native extension for UWP target not found
Native extension for WindowsStandalone target not found
Native extension for Android target not found
Android Extension - Scanning For ADB Devices 2845 ms
Native extension for OSXStandalone target not found
Native extension for WebGL target not found
Mono: successfully reloaded assembly
- Finished resetting the current domain, in  3.983 seconds
Domain Reload Profiling: 6550ms
	BeginReloadAssembly (1334ms)
		ExecutionOrderSort (0ms)
		DisableScriptedObjects (0ms)
		BackupInstance (0ms)
		ReleaseScriptingObjects (0ms)
		CreateAndSetChildDomain (2ms)
	RebuildCommonClasses (82ms)
	RebuildNativeTypeToScriptingClass (24ms)
	initialDomainReloadingComplete (466ms)
	LoadAllAssembliesAndSetupDomain (661ms)
		LoadAssemblies (1245ms)
		RebuildTransferFunctionScriptingTraits (0ms)
		AnalyzeDomain (638ms)
			TypeCache.Refresh (635ms)
				TypeCache.ScanAssembly (579ms)
			ScanForSourceGeneratedMonoScriptInfo (1ms)
			ResolveRequiredComponents (1ms)
	FinalizeReload (3984ms)
		ReleaseScriptCaches (0ms)
		RebuildScriptCaches (0ms)
		SetupLoadedEditorAssemblies (3816ms)
			LogAssemblyErrors (0ms)
			InitializePlatformSupportModulesInManaged (3288ms)
			SetLoadedEditorAssemblies (9ms)
			RefreshPlugins (0ms)
			BeforeProcessingInitializeOnLoad (5ms)
			ProcessInitializeOnLoadAttributes (313ms)
			ProcessInitializeOnLoadMethodAttributes (201ms)
			AfterProcessingInitializeOnLoad (0ms)
			EditorAssembliesLoaded (0ms)
		ExecutionOrderSort2 (0ms)
		AwakeInstancesAfterBackupRestoration (0ms)
========================================================================
Worker process is ready to serve import requests
Begin MonoManager ReloadAssembly
Symbol file LoadedFromMemory is not a mono symbol file
- Loaded All Assemblies, in  4.893 seconds
Refreshing native plugins compatible for Editor in 110.89 ms, found 11 plugins.
Native extension for UWP target not found
Native extension for WindowsStandalone target not found
Native extension for Android target not found
Native extension for OSXStandalone target not found
Native extension for WebGL target not found
Package Manager log level set to [2]
[Package Manager] Server::EnsureServerProcessIsRunning -- launch failed, reason: Unity was launched with the -noUpm command-line argument
[Package Manager] UpmClient::Send -- Unable to send message (not connected to UPM process).
[Package Manager] Cannot connect to Unity Package Manager local server
[Package Manager] Server::EnsureServerProcessIsRunning -- launch failed, reason: Unity was launched with the -noUpm command-line argument
[Package Manager] UpmClient::Send -- Unable to send message (not connected to UPM process).
[Package Manager] Cannot connect to Unity Package Manager local server
[Package Manager] Server::EnsureServerProcessIsRunning -- launch failed, reason: Unity was launched with the -noUpm command-line argument
[Package Manager] UpmClient::Send -- Unable to send message (not connected to UPM process).
[Package Manager] Cannot connect to Unity Package Manager local server
System.Reflection.TargetInvocationException: Exception has been thrown by the target of an invocation. ---> System.NullReferenceException: Object reference not set to an instance of an object
  at Unity.XR.Oculus.OculusLoader.AssetPathToAbsolutePath (System.String assetPath) [0x0003d] in .\Library\PackageCache\com.unity.xr.oculus@4.2.0\Runtime\OculusLoader.cs:298 
  at Unity.XR.Oculus.OculusLoader.EditorLoadOVRPlugin () [0x0008c] in .\Library\PackageCache\com.unity.xr.oculus@4.2.0\Runtime\OculusLoader.cs:283 
  at (wrapper managed-to-native) System.Reflection.RuntimeMethodInfo.InternalInvoke(System.Reflection.RuntimeMethodInfo,object,object[],System.Exception&)
  at System.Reflection.RuntimeMethodInfo.Invoke (System.Object obj, System.Reflection.BindingFlags invokeAttr, System.Reflection.Binder binder, System.Object[] parameters, System.Globalization.CultureInfo culture) [0x0006a] in <b11ba2a8fbf24f219f7cc98532a11304>:0 
   --- End of inner exception stack trace ---
  at System.Reflection.RuntimeMethodInfo.Invoke (System.Object obj, System.Reflection.BindingFlags invokeAttr, System.Reflection.Binder binder, System.Object[] parameters, System.Globalization.CultureInfo culture) [0x00083] in <b11ba2a8fbf24f219f7cc98532a11304>:0 
  at System.Reflection.MethodBase.Invoke (System.Object obj, System.Object[] parameters) [0x00000] in <b11ba2a8fbf24f219f7cc98532a11304>:0 
  at UnityEditor.EditorAssemblies.ProcessInitializeOnLoadMethodAttributes () [0x000a5] in <1899c5bd2a6d466081cd705bee01d689>:0 
UnityEngine.StackTraceUtility:ExtractStackTrace ()
UnityEngine.DebugLogHandler:LogFormat (UnityEngine.LogType,UnityEngine.Object,string,object[])
UnityEngine.Logger:Log (UnityEngine.LogType,object)
UnityEngine.Debug:LogError (object)
UnityEditor.EditorAssemblies:ProcessInitializeOnLoadMethodAttributes ()

Mono: successfully reloaded assembly
[Package Manager] Server::EnsureServerProcessIsRunning -- launch failed, reason: Unity was launched with the -noUpm command-line argument
[Package Manager] UpmClient::Send -- Unable to send message (not connected to UPM process).
[Package Manager] Cannot connect to Unity Package Manager local server
[Package Manager] Server::EnsureServerProcessIsRunning -- launch failed, reason: Unity was launched with the -noUpm command-line argument
[Package Manager] UpmClient::Send -- Unable to send message (not connected to UPM process).
[Package Manager] Cannot connect to Unity Package Manager local server
- Finished resetting the current domain, in  3.397 seconds
Domain Reload Profiling: 8144ms
	BeginReloadAssembly (833ms)
		ExecutionOrderSort (0ms)
		DisableScriptedObjects (12ms)
		BackupInstance (0ms)
		ReleaseScriptingObjects (0ms)
		CreateAndSetChildDomain (49ms)
	RebuildCommonClasses (96ms)
	RebuildNativeTypeToScriptingClass (34ms)
	initialDomainReloadingComplete (299ms)
	LoadAllAssembliesAndSetupDomain (3484ms)
		LoadAssemblies (3102ms)
		RebuildTransferFunctionScriptingTraits (0ms)
		AnalyzeDomain (1031ms)
			TypeCache.Refresh (858ms)
				TypeCache.ScanAssembly (781ms)
			ScanForSourceGeneratedMonoScriptInfo (109ms)
			ResolveRequiredComponents (60ms)
	FinalizeReload (3398ms)
		ReleaseScriptCaches (0ms)
		RebuildScriptCaches (0ms)
		SetupLoadedEditorAssemblies (2791ms)
			LogAssemblyErrors (0ms)
			InitializePlatformSupportModulesInManaged (249ms)
			SetLoadedEditorAssemblies (14ms)
			RefreshPlugins (0ms)
			BeforeProcessingInitializeOnLoad (947ms)
			ProcessInitializeOnLoadAttributes (1267ms)
			ProcessInitializeOnLoadMethodAttributes (199ms)
			AfterProcessingInitializeOnLoad (114ms)
			EditorAssembliesLoaded (1ms)
		ExecutionOrderSort2 (0ms)
		AwakeInstancesAfterBackupRestoration (34ms)
Shader 'Oculus/OVRMRCameraFrameLit': fallback shader 'Alpha-Diffuse' not found
Shader 'Meta/MRUK/Scene/HighlightsAndShadows': fallback shader 'Off' not found
Launched and connected shader compiler UnityShaderCompiler.exe after 0.19 seconds
Refreshing native plugins compatible for Editor in 410.18 ms, found 11 plugins.
Preloading 3 native plugins for Editor in 2.74 ms.
Unloading 8027 Unused Serialized files (Serialized files now loaded: 0)
Unloading 119 unused Assets / (369.7 KB). Loaded Objects now: 8463.
Memory consumption went from 299.9 MB to 299.5 MB.
Total: 174.368000 ms (FindLiveObjects: 4.072600 ms CreateObjectMapping: 2.398100 ms MarkObjects: 166.589800 ms  DeleteObjects: 1.261100 ms)

AssetImportParameters requested are different than current active one (requested -> active):
  custom:scripting/monoscript/fileName/MetaXRSubsampledLayout.cs: 6aaebe357f0f2d3b4a093057b5676315 -> 
  custom:container-demuxer-ogg: 62fdf1f143b41e24485cea50d1cbac27 -> 
  custom:scripting/monoscript/fileName/UWPCoreWindowBuildHooks.cs: 528ee0545204f8083d130ec04efc78bc -> 
  custom:scripting/monoscript/fileName/MetaQuestFeatureEditor.cs: fff340053bb2e94334d0d5989f2eb349 -> 
  custom:scripting/monoscript/fileName/PalmPoseInteraction.cs: 6bd25b6029acb9127f25748cb0b6d2a8 -> 
  custom:scripting/monoscript/fileName/OpenXRRuntime.cs: c3a00f9ce6a0283dcb391b83637adf44 -> 
  custom:framework-win-MediaFoundation: 216162199b28c13a410421893ffa2e32 -> 
  custom:scripting/monoscript/fileName/OpenXRFeatureSettings.cs: 90647cc400823b41df847a6cbfc29026 -> 
  custom:scripting/monoscript/fileName/OpenXRBuildProcessor.cs: 48dc0e114f75799c0d74bafe70808189 -> 
  custom:scripting/monoscript/fileName/OpenXRFeatureInternal.cs: 90647cc400823b41df847a6cbfc29026 -> 
  custom:scripting/monoscript/fileName/OpenXRSpaceSettings.cs: 90647cc400823b41df847a6cbfc29026 -> 
  custom:scripting/monoscript/fileName/DPadInteractionCustomEditor.cs: d93785eeae2b4d41d39f603bd6f9849d -> 
  custom:scripting/monoscript/fileName/FeatureHelpers.cs: 0e8d07707daeed1da30b1605e903226b -> 
  custom:scripting/monoscript/fileName/DebuggerState.cs: 41070b7a08cc178a9ea51324cdaf5b81 -> 
  custom:scripting/monoscript/fileName/OpenXRHmd.cs: 1624687aa096b40d58d149d9c6304cca -> 
  custom:scripting/monoscript/fileName/OculusTouchControllerProfile.cs: 03df51b5c781d1980f509408bae72bc8 -> 
  custom:scripting/monoscript/fileName/RuntimeDebuggerWindow.cs: 0bc1d5ee7ce2553d42d62861471f3c44 -> 
  custom:scripting/monoscript/fileName/MetaXRSpaceWarp.cs: f1275400e64de7ac37cd4ecb60b92864 -> 
  custom:container-muxer-webm: aa71ff27fc2769a1b78a27578f13a17b -> 
  custom:video-decoder-webm-vp8: 9c59270c3fd7afecdb556c50c9e8de78 -> 
  custom:scripting/monoscript/fileName/OculusQuestFeature.cs: 041c3418dd65b8e99ca410c708996814 -> 
  custom:scripting/monoscript/fileName/OpenXRFeatureSetManager.cs: 4f340a53d115a7e1888d00ddc4cd614b -> 
  custom:SearchIndexIgnoredProperties: e643bd26f0fe6173181afceb89e7c659 -> 
  custom:AudioImporter_EditorPlatform: d09bf68614088b80899f8185d706f6e7 -> 
  custom:scripting/monoscript/fileName/OpenXRDevice.cs: 1b3be9b024fb29351711164fb0577202 -> 
  custom:scripting/monoscript/fileName/HTCViveControllerProfile.cs: 575b921c71649e99576a05f0add9cf5d -> 
  custom:scripting/monoscript/fileName/OpenXRRenderSettings.cs: 90647cc400823b41df847a6cbfc29026 -> 
  custom:scripting/monoscript/fileName/EyeGazeInteraction.cs: dc1f12620c8656649cfc16f13969f5fa -> 
  custom:scripting/monoscript/fileName/OpenXRAnalytics.cs: 67d5de80ae8e3ee46bb1b4907783d54c -> 
  custom:scripting/monoscript/fileName/MetaXRFeature.cs: 782504a5ed2525f1dc5bc090683802e5 -> 
  custom:scripting/monoscript/fileName/OpenXRFeatureAttribute.cs: cb6dde4b346c754b123a290cdf928c65 -> 
  custom:scripting/monoscript/fileName/OpenXRLoaderNoPreInit.cs: 8f7a064e1e0bb6e17b9f5d171fe53dfc -> 
  custom:scripting/monoscript/fileName/HandCommonPosesInteraction.cs: c984aa78f460c3bf39ec56bc9a0a414a -> 
  custom:scripting/monoscript/fileName/RuntimeDebuggerOpenXRFeatureEditor.cs: 26a9be57964b520d3a47d8c20db877e9 -> 
  custom:scripting/monoscript/fileName/HPReverbG2ControllerProfile.cs: 6aadb5e22feaccfa77ef6db6c4d4541c -> 
  custom:scripting/monoscript/fileName/BootConfig.cs: b2c4d54615a39b14509e601dd0f329ff -> 
  custom:audio-decoder-ogg-vorbis: bf7c407c2cedff20999df2af8eb42d56 -> 
  custom:scripting/monoscript/fileName/MetaXRFeatureEnabler.cs: 411456e96065709848597c49ea9e7866 -> 
  custom:scripting/monoscript/fileName/OpenXRPackageSettings.cs: 4f4aaba453bf105fb1c3c3d64247142d -> 
  custom:scripting/monoscript/fileName/OpenXRFeatureSetAttribute.cs: 9e20f05fe0a3688af8836175869f0bb7 -> 
  custom:scripting/monoscript/fileName/HapticControl.cs: d7a5389cafde2a1337c58e2f0d91a837 -> 
  custom:scripting/monoscript/fileName/MetaQuestFeature.cs: b9c317336250afc5bb5fa2c2df269ea6 -> 
  custom:scripting/monoscript/fileName/OpenXRRuntimeSelector.cs: 976a19637455f3c9d6af12ad00b783e3 -> 
  custom:scripting/monoscript/fileName/BuildHelperUtils.cs: 619773c3d1b7f3f0ca7461f5c27242a8 -> 
  custom:audio-encoder-webm-vorbis: bf7c407c2cedff20999df2af8eb42d56 -> 
  custom:scripting/monoscript/fileName/RuntimeDebuggerOpenXRFeature.cs: 8b269b64ad1c99e85d7f28185c15f7bb -> 
  custom:scripting/monoscript/fileName/MetaQuestFeatureBuildHooks.cs: 2ac755c66ffd4e4b7c22530386a7ba47 -> 
  custom:scripting/monoscript/fileName/OpenXRInteractionFeature.cs: a60484418ad6b497996467bb6f98db73 -> 
  custom:scripting/monoscript/fileName/DPadInteraction.cs: 93f85c8ba74c4199c8fc9b6e8c6fb8a6 -> 
  custom:scripting/monoscript/fileName/OpenXRFeatureSettingsEditor.cs: 46f7bc9b6667349416d592c92274a2cd -> 
  custom:video-decoder-ogg-theora: a1e56fd34408186e4bbccfd4996cb3dc -> 
  custom:scripting/monoscript/fileName/MetaQuestTouchProControllerProfile.cs: 9fffae235d4c14901711127c7daeb86c -> 
  custom:scripting/monoscript/fileName/OpenXRConstants.cs: f878d042bd3999b796b9387b0c8a1032 -> 
  custom:scripting/monoscript/fileName/OpenXRFeatureUICommon.cs: 45f7a59cd9c5cd84e28e0f7a429879c2 -> 
  custom:scripting/monoscript/fileName/OpenXRLoaderUI.cs: ebd8d704d5e26f054d43886c272cd005 -> 
  custom:scripting/monoscript/fileName/WaitForRestartFinish.cs: 0e76bf389cf347a5d8d6432ec661895f -> 
  custom:scripting/monoscript/fileName/KHRSimpleControllerProfile.cs: bcdcb81587b2075f7af2f75706b9e69a -> 
  custom:scripting/monoscript/fileName/ConformanceAutomationFeature.cs: 97112e825fad9ed87f6a9c7acc231c0b -> 
  custom:scripting/monoscript/fileName/OpenXRLoaderInternal.cs: 90647cc400823b41df847a6cbfc29026 -> 
  custom:CustomObjectIndexerAttribute: 72b91833f83ae208fae7752999fa3104 -> 
  custom:scripting/monoscript/fileName/OpenXRMangementSettings.cs: 5a013b6c45b1e1d06085cb1496493b86 -> 
  custom:scripting/monoscript/fileName/OpenXRNativeTypes.cs: 91cde5f962ea5dcb75652e72bac8769f -> 
  custom:container-demuxer-webm: 4f35f7cbe854078d1ac9338744f61a02 -> 
  custom:scripting/monoscript/fileName/KnownFeatureSets.cs: 2cf391597f07a52473981e9cc2b41b67 -> 
  custom:scripting/monoscript/fileName/OpenXRProjectValidationRulesSetup.cs: 63c520149123eced22b6028c5ebd9d08 -> 
  custom:scripting/monoscript/fileName/MicrosoftHandInteraction.cs: dac920740153b0163dda0f7e56920e40 -> 
  custom:scripting/monoscript/fileName/PackageSettingsEditor.cs: 6212fddebb8f67c4da0f50592230839b -> 
  custom:scripting/monoscript/fileName/OpenXRLoader.cs: 18020e98a4b26e822e0c5684b0251e04 -> 
  custom:scripting/monoscript/fileName/ValveIndexControllerProfile.cs: f923b1771c835a70375d3505e818878d -> 
  custom:scripting/monoscript/fileName/OculusQuestFeatureEditor.cs: af70b82209b4cf6ce20a2da2892dfc5f -> 
  custom:scripting/monoscript/fileName/OpenXRChooseRuntimeLibraries.cs: 3923c2f1337a35d737ad0192eb46b432 -> 
  custom:scripting/monoscript/fileName/MetaXREyeTrackedFoveationFeature.cs: 460473d07f8096e9f1344662eb214fcc -> 
  custom:scripting/monoscript/fileName/MockRuntime.cs: 8e970d93da4762c7d57e9c9dd2b36dbb -> 
  custom:scripting/monoscript/fileName/MetaXRFeatureSet.cs: e0d039fe304aca373e5d7962ffb0e24d -> 
  custom:scripting/monoscript/fileName/BootConfigBuilder.cs: a174d8870c7a69fabc7d42a75b0f23aa -> 
  custom:scripting/monoscript/fileName/MicrosoftMotionControllerProfile.cs: 6dcaa2067404bed7771687f2f9dfa057 -> 
  custom:scripting/monoscript/fileName/OpenXRRestarter.cs: c236f3f43c026f409512d203b81e6184 -> 
  custom:scripting/monoscript/fileName/OpenXRDiagnosticReport.cs: f43e8307d90025ed39c346ed63d1208d -> 
  custom:scripting/monoscript/fileName/PoseControl.cs: 4ff0d325328ef40fb1693e34ac3358bf -> 26044499bf9bfd77ab38d92d33de1d80
  custom:scripting/monoscript/fileName/OpenXRFeatureBuildHooks.cs: da31756dd3c74e69bcd7ed1a1983ed53 -> 
  custom:scripting/monoscript/fileName/MetaXRFoveationFeature.cs: cfbe3655078beed7fcdedd0ad51afce0 -> 
  custom:video-encoder-webm-vp8: eb34c28f22e8b96e1ab97ce403110664 -> 
  custom:scripting/monoscript/fileName/ModifyAndroidManifestMeta.cs: 3b920058e4dd8cbdb95cce4af271f981 -> 
  custom:scripting/monoscript/fileName/OpenXRFeatureEditor.cs: 01dd3fecc4e9c7ce9fb6af5d0948ba2a -> 
  custom:scripting/monoscript/fileName/HandInteractionProfile.cs: 9c7649bd495ee99cc73ddacbe0a8cd95 -> 
  custom:scripting/monoscript/fileName/ModifyAndroidManifestOculus.cs: 1d09740e7edd66fffc5895aae9e385d3 -> 
  custom:scripting/monoscript/fileName/OpenXRInput.cs: b351db87f98ee399e568b78e0ed353e3 -> 
  custom:scripting/monoscript/fileName/OpenXREditorSettings.cs: 321e3a8126bc4b0248cbcecf63892f31 -> 
  custom:scripting/monoscript/fileName/OpenXRProjectValidation.cs: 181508e149a91a64c6dfdc447b97c322 -> 
========================================================================
Received Import Request.
  Time since last request: 60395.195968 seconds.
  path: Assets/ArchVizPRO Interior Vol.5/3D MATERIAL/Metal_Cable/Metal_Cable_ambient_occlusion.jpg
  artifactKey: Guid(954137d524bff2a4da78593eb0a05b93) Importer(2089858483,0ecaa5967403d082aa24f35e1b516d23)
Start importing Assets/ArchVizPRO Interior Vol.5/3D MATERIAL/Metal_Cable/Metal_Cable_ambient_occlusion.jpg using Guid(954137d524bff2a4da78593eb0a05b93) Importer(2089858483,0ecaa5967403d082aa24f35e1b516d23)  -> (artifact id: '324b86ce7d855fcdcd91ee2da42d9a88') in 2.278133 seconds
Number of updated asset objects reloaded before import = 0
Number of asset objects unloaded after import = 1
========================================================================
Received Import Request.
  Time since last request: 0.000031 seconds.
  path: Assets/_Course Library/_Prefabs/Bins/Bin_Square_White.prefab
  artifactKey: Guid(dbe7b9e1570050841a8f1d6f3ee2629f) Importer(2089858483,3d70f49cd1c2eb9ae422958d1c652c6b)
Start importing Assets/_Course Library/_Prefabs/Bins/Bin_Square_White.prefab using Guid(dbe7b9e1570050841a8f1d6f3ee2629f) Importer(2089858483,3d70f49cd1c2eb9ae422958d1c652c6b)  -> (artifact id: '26d9338714aa2ca89397ad71b4af5803') in 0.113621 seconds
Number of updated asset objects reloaded before import = 0
Number of asset objects unloaded after import = 9
========================================================================
Received Import Request.
  Time since last request: 0.000044 seconds.
  path: Assets/_Course Library/_Prefabs/Art/Art_Painting_Sunset.prefab
  artifactKey: Guid(7b844f6cdc7f1ce4fba989b2d7db9659) Importer(2089858483,3d70f49cd1c2eb9ae422958d1c652c6b)
Start importing Assets/_Course Library/_Prefabs/Art/Art_Painting_Sunset.prefab using Guid(7b844f6cdc7f1ce4fba989b2d7db9659) Importer(2089858483,3d70f49cd1c2eb9ae422958d1c652c6b)  -> (artifact id: '85ecad57f36ed2114d78df63d29be621') in 0.067446 seconds
Number of updated asset objects reloaded before import = 0
Number of asset objects unloaded after import = 9
========================================================================
Received Import Request.
  Time since last request: 0.000026 seconds.
  path: Assets/_Course Library/_Prefabs/Tables/Table_Dining_Traditional_Dark.prefab
  artifactKey: Guid(f290f489f4196974db7a37718d9fa4c3) Importer(2089858483,3d70f49cd1c2eb9ae422958d1c652c6b)
Start importing Assets/_Course Library/_Prefabs/Tables/Table_Dining_Traditional_Dark.prefab using Guid(f290f489f4196974db7a37718d9fa4c3) Importer(2089858483,3d70f49cd1c2eb9ae422958d1c652c6b)  -> (artifact id: '534b86eef5872420ecb42f03c51b4013') in 0.857180 seconds
Number of updated asset objects reloaded before import = 0
Number of asset objects unloaded after import = 31
========================================================================
Received Import Request.
  Time since last request: 0.000031 seconds.
  path: Assets/Challenges/02_3DPainting/Prefabs/None.prefab
  artifactKey: Guid(5644929441ba642f0bcc0fea74e8623c) Importer(2089858483,0ecaa5967403d082aa24f35e1b516d23)
Start importing Assets/Challenges/02_3DPainting/Prefabs/None.prefab using Guid(5644929441ba642f0bcc0fea74e8623c) Importer(2089858483,0ecaa5967403d082aa24f35e1b516d23)  -> (artifact id: 'eccb41fe8517a45e97a95fa5e8e0bd1f') in 0.051868 seconds
Number of updated asset objects reloaded before import = 0
Number of asset objects unloaded after import = 4
========================================================================
Received Import Request.
  Time since last request: 0.000809 seconds.
  path: Assets/ArchVizPRO Interior Vol.5/3D MODEL/Rocks/Rocks_MetallicSmoothness.png
  artifactKey: Guid(cf11b96d8892ba745975c0094241e400) Importer(2089858483,0ecaa5967403d082aa24f35e1b516d23)
Start importing Assets/ArchVizPRO Interior Vol.5/3D MODEL/Rocks/Rocks_MetallicSmoothness.png using Guid(cf11b96d8892ba745975c0094241e400) Importer(2089858483,0ecaa5967403d082aa24f35e1b516d23)  -> (artifact id: 'c19087e5c98aa313c98e0a2817c156ae') in 0.092022 seconds
Number of updated asset objects reloaded before import = 0
Number of asset objects unloaded after import = 1
========================================================================
Received Import Request.
  Time since last request: 0.000027 seconds.
  path: Assets/_Course Library/_Prefabs/VR/Hands/VR_Hand_Blue_Left.prefab
  artifactKey: Guid(eb91affb984e740dbb2082626ba96efb) Importer(2089858483,3d70f49cd1c2eb9ae422958d1c652c6b)
Start importing Assets/_Course Library/_Prefabs/VR/Hands/VR_Hand_Blue_Left.prefab using Guid(eb91affb984e740dbb2082626ba96efb) Importer(2089858483,3d70f49cd1c2eb9ae422958d1c652c6b)  -> (artifact id: '9d63610ab7b671f85dceb401a07bf1ff') in 0.305530 seconds
Number of updated asset objects reloaded before import = 0
Number of asset objects unloaded after import = 16
========================================================================
Received Import Request.
  Time since last request: 0.000038 seconds.
  path: Assets/Samples/XR Interaction Toolkit/2.5.2/Starter Assets/Prefabs/XR Interaction Setup.prefab
  artifactKey: Guid(895f6f3c2d334633b5800312285058d2) Importer(2089858483,3d70f49cd1c2eb9ae422958d1c652c6b)
Start importing Assets/Samples/XR Interaction Toolkit/2.5.2/Starter Assets/Prefabs/XR Interaction Setup.prefab using Guid(895f6f3c2d334633b5800312285058d2) Importer(2089858483,3d70f49cd1c2eb9ae422958d1c652c6b)  -> (artifact id: '8ac9918c1960d3d8900730fccf76f563') in 0.481360 seconds
Number of updated asset objects reloaded before import = 0
Number of asset objects unloaded after import = 505
========================================================================
Received Import Request.
  Time since last request: 0.000041 seconds.
  path: Assets/ArchVizPRO Interior Vol.5/3D TEXTURE/Trees/Tree2.mat
  artifactKey: Guid(969f1dcabdfbff24f9142327eb05b028) Importer(2089858483,0ecaa5967403d082aa24f35e1b516d23)
Start importing Assets/ArchVizPRO Interior Vol.5/3D TEXTURE/Trees/Tree2.mat using Guid(969f1dcabdfbff24f9142327eb05b028) Importer(2089858483,0ecaa5967403d082aa24f35e1b516d23)  -> (artifact id: '8b5724ae7fdf5129f91b963d8a258a58') in 0.073853 seconds
Number of updated asset objects reloaded before import = 0
Number of asset objects unloaded after import = 2
========================================================================
Received Import Request.
  Time since last request: 0.000697 seconds.
  path: Assets/_Course Library/_Prefabs/Objects/Electronics/Camera_Photograph.prefab
  artifactKey: Guid(3dabf4d9563cdc0468cf785661c2ff17) Importer(2089858483,3d70f49cd1c2eb9ae422958d1c652c6b)
Start importing Assets/_Course Library/_Prefabs/Objects/Electronics/Camera_Photograph.prefab using Guid(3dabf4d9563cdc0468cf785661c2ff17) Importer(2089858483,3d70f49cd1c2eb9ae422958d1c652c6b)  -> (artifact id: '158a90b87c26ba0e0d2ab66366ff46aa') in 0.412071 seconds
Number of updated asset objects reloaded before import = 0
Number of asset objects unloaded after import = 16
========================================================================
Received Import Request.
  Time since last request: 0.000028 seconds.
  path: Assets/_Course Library/_Prefabs/Rooms/Room_Components/Room_Modern/Room_Modern_Panel.prefab
  artifactKey: Guid(6f2d1921af45843f0a9af92d7b506d6a) Importer(2089858483,3d70f49cd1c2eb9ae422958d1c652c6b)
Start importing Assets/_Course Library/_Prefabs/Rooms/Room_Components/Room_Modern/Room_Modern_Panel.prefab using Guid(6f2d1921af45843f0a9af92d7b506d6a) Importer(2089858483,3d70f49cd1c2eb9ae422958d1c652c6b)  -> (artifact id: '20368bf34175c43984cac2cff5f1b7b3') in 0.173688 seconds
Number of updated asset objects reloaded before import = 0
Number of asset objects unloaded after import = 9
========================================================================
Received Import Request.
  Time since last request: 0.005208 seconds.
  path: Assets/_Course Library/_Prefabs/Objects/Launchers/Launcher_Stapler.prefab
  artifactKey: Guid(891b1af7c2150f94f95fdcac2bcc28e4) Importer(2089858483,3d70f49cd1c2eb9ae422958d1c652c6b)
Start importing Assets/_Course Library/_Prefabs/Objects/Launchers/Launcher_Stapler.prefab using Guid(891b1af7c2150f94f95fdcac2bcc28e4) Importer(2089858483,3d70f49cd1c2eb9ae422958d1c652c6b)  -> (artifact id: '26fec7eaf00c79c502e01fc4e1bf5000') in 0.303189 seconds
Number of updated asset objects reloaded before import = 0
Number of asset objects unloaded after import = 19
========================================================================
Received Import Request.
  Time since last request: 0.000034 seconds.
  path: Assets/_Course Library/_Prefabs/Rooms/Room_Components/Room_Rustic/Room_Rustic_Ceiling.prefab
  artifactKey: Guid(de869cd46251a418dad2e905d26effb6) Importer(2089858483,3d70f49cd1c2eb9ae422958d1c652c6b)
Start importing Assets/_Course Library/_Prefabs/Rooms/Room_Components/Room_Rustic/Room_Rustic_Ceiling.prefab using Guid(de869cd46251a418dad2e905d26effb6) Importer(2089858483,3d70f49cd1c2eb9ae422958d1c652c6b)  -> (artifact id: 'a897107af78e88fb13e93ba465c95bf5') in 0.171953 seconds
Number of updated asset objects reloaded before import = 0
Number of asset objects unloaded after import = 18
========================================================================
Received Import Request.
  Time since last request: 0.000039 seconds.
  path: Assets/Challenges/03_Training/Materials/White.mat
  artifactKey: Guid(e66f40c9bcda846e29794d69192466ac) Importer(2089858483,0ecaa5967403d082aa24f35e1b516d23)
Start importing Assets/Challenges/03_Training/Materials/White.mat using Guid(e66f40c9bcda846e29794d69192466ac) Importer(2089858483,0ecaa5967403d082aa24f35e1b516d23)  -> (artifact id: '9f8486d1773626df6cce890040a07dc7') in 0.135795 seconds
Number of updated asset objects reloaded before import = 0
Number of asset objects unloaded after import = 1
========================================================================
Received Import Request.
  Time since last request: 0.000028 seconds.
  path: Assets/ArchVizPRO Interior Vol.5/3D TEXTURE/Smoke/Clouds.mat
  artifactKey: Guid(74cab8006e69f7540bf692fcfd95b52b) Importer(2089858483,0ecaa5967403d082aa24f35e1b516d23)
Start importing Assets/ArchVizPRO Interior Vol.5/3D TEXTURE/Smoke/Clouds.mat using Guid(74cab8006e69f7540bf692fcfd95b52b) Importer(2089858483,0ecaa5967403d082aa24f35e1b516d23)  -> (artifact id: '8467351ba5d05b32a9480bf7e3e9c1f8') in 0.079597 seconds
Number of updated asset objects reloaded before import = 0
Number of asset objects unloaded after import = 2
========================================================================
Received Import Request.
  Time since last request: 0.000029 seconds.
  path: Assets/Samples/XR Interaction Toolkit/2.5.2/Starter Assets/DemoSceneAssets/AffordanceThemes/InteractionColorAffordanceTheme.asset
  artifactKey: Guid(3ec238cb3e80e274c844d7b56f585392) Importer(2089858483,3d70f49cd1c2eb9ae422958d1c652c6b)
Start importing Assets/Samples/XR Interaction Toolkit/2.5.2/Starter Assets/DemoSceneAssets/AffordanceThemes/InteractionColorAffordanceTheme.asset using Guid(3ec238cb3e80e274c844d7b56f585392) Importer(2089858483,3d70f49cd1c2eb9ae422958d1c652c6b)  -> (artifact id: '28b2c1ef411f7302b28359b833874ba1') in 0.143470 seconds
Number of updated asset objects reloaded before import = 0
Number of asset objects unloaded after import = 0
========================================================================
Received Import Request.
  Time since last request: 0.003279 seconds.
  path: Assets/Samples/XR Interaction Toolkit/2.5.2/Starter Assets/DemoSceneAssets/Prefabs/Interactables Sample.prefab
  artifactKey: Guid(6821e1b7f44d8c44b8a2ba02f37309d5) Importer(2089858483,3d70f49cd1c2eb9ae422958d1c652c6b)
Start importing Assets/Samples/XR Interaction Toolkit/2.5.2/Starter Assets/DemoSceneAssets/Prefabs/Interactables Sample.prefab using Guid(6821e1b7f44d8c44b8a2ba02f37309d5) Importer(2089858483,3d70f49cd1c2eb9ae422958d1c652c6b)  -> (artifact id: 'cce0974da53831a5da8f7cd4e6fb44c9') in 0.119340 seconds
Number of updated asset objects reloaded before import = 0
Number of asset objects unloaded after import = 121
========================================================================
Received Import Request.
  Time since last request: 0.000025 seconds.
  path: Assets/_Course Library/_Prefabs/Objects/Books/Book_C_Gray.prefab
  artifactKey: Guid(ca18123093a406f489183b8b9bbb1407) Importer(2089858483,3d70f49cd1c2eb9ae422958d1c652c6b)
Start importing Assets/_Course Library/_Prefabs/Objects/Books/Book_C_Gray.prefab using Guid(ca18123093a406f489183b8b9bbb1407) Importer(2089858483,3d70f49cd1c2eb9ae422958d1c652c6b)  -> (artifact id: '27009a3c2ed94ea51f8aa61e3a047188') in 0.093756 seconds
Number of updated asset objects reloaded before import = 0
Number of asset objects unloaded after import = 9
========================================================================
Received Import Request.
  Time since last request: 0.000027 seconds.
  path: Assets/ArchVizPRO Interior Vol.5/3D MODEL/Bullone/Bullone_AO.jpg
  artifactKey: Guid(8e2f712ddce0e844f8f850a72ed47aff) Importer(2089858483,0ecaa5967403d082aa24f35e1b516d23)
Start importing Assets/ArchVizPRO Interior Vol.5/3D MODEL/Bullone/Bullone_AO.jpg using Guid(8e2f712ddce0e844f8f850a72ed47aff) Importer(2089858483,0ecaa5967403d082aa24f35e1b516d23)  -> (artifact id: 'c3acdc4ce9fa0fd4d56d2b97a753b2ed') in 0.079324 seconds
Number of updated asset objects reloaded before import = 0
Number of asset objects unloaded after import = 1
========================================================================
Received Import Request.
  Time since last request: 0.000037 seconds.
  path: Assets/Samples/XR Interaction Toolkit/2.5.2/Starter Assets/Prefabs/Teleport/Directional Teleport Reticle.prefab
  artifactKey: Guid(893219773891c784ab469a39151879b4) Importer(2089858483,3d70f49cd1c2eb9ae422958d1c652c6b)
Start importing Assets/Samples/XR Interaction Toolkit/2.5.2/Starter Assets/Prefabs/Teleport/Directional Teleport Reticle.prefab using Guid(893219773891c784ab469a39151879b4) Importer(2089858483,3d70f49cd1c2eb9ae422958d1c652c6b)  -> (artifact id: 'cddbc8f6997d05290fbe2b5b5357b992') in 0.066616 seconds
Number of updated asset objects reloaded before import = 0
Number of asset objects unloaded after import = 28
========================================================================
Received Import Request.
  Time since last request: 0.000022 seconds.
  path: Assets/Samples/XR Interaction Toolkit/2.5.2/Starter Assets/DemoSceneAssets/Prefabs/UI/Text Toggle.prefab
  artifactKey: Guid(6a448845c7017044e8a9f3d711cfe825) Importer(2089858483,3d70f49cd1c2eb9ae422958d1c652c6b)
Start importing Assets/Samples/XR Interaction Toolkit/2.5.2/Starter Assets/DemoSceneAssets/Prefabs/UI/Text Toggle.prefab using Guid(6a448845c7017044e8a9f3d711cfe825) Importer(2089858483,3d70f49cd1c2eb9ae422958d1c652c6b)  -> (artifact id: '78bdc18b10259ccf21e2b68227dac0e7') in 0.098197 seconds
Number of updated asset objects reloaded before import = 0
Number of asset objects unloaded after import = 28
========================================================================
Received Import Request.
  Time since last request: 0.000026 seconds.
  path: Assets/Standard Assets/Utility/CurveControlledBob.cs
  artifactKey: Guid(492f54f4accf00440828ffcb9e4fcc19) Importer(2089858483,0ecaa5967403d082aa24f35e1b516d23)
Start importing Assets/Standard Assets/Utility/CurveControlledBob.cs using Guid(492f54f4accf00440828ffcb9e4fcc19) Importer(2089858483,0ecaa5967403d082aa24f35e1b516d23)  -> (artifact id: '234ac725a5954e7f56cf3a71664a5b49') in 0.053878 seconds
Number of updated asset objects reloaded before import = 0
Number of asset objects unloaded after import = 1
========================================================================
Received Import Request.
  Time since last request: 0.000032 seconds.
  path: Assets/ArchVizPRO Interior Vol.5/3D MODEL/HandRail/HandRail_Normal.jpg
  artifactKey: Guid(4187e2efc7181bc47bd26c6171bdae92) Importer(2089858483,0ecaa5967403d082aa24f35e1b516d23)
Start importing Assets/ArchVizPRO Interior Vol.5/3D MODEL/HandRail/HandRail_Normal.jpg using Guid(4187e2efc7181bc47bd26c6171bdae92) Importer(2089858483,0ecaa5967403d082aa24f35e1b516d23)  -> (artifact id: 'bfb09ac30b4c58426f6ac38689d59e51') in 0.095304 seconds
Number of updated asset objects reloaded before import = 0
Number of asset objects unloaded after import = 1
========================================================================
Received Import Request.
  Time since last request: 0.000036 seconds.
  path: Assets/ArchVizPRO Interior Vol.5/3D MATERIAL/Concrete_Ceiling/Concrete_Ceiling_AlbedoTransparency.jpg
  artifactKey: Guid(844ade90c3c937a4096c7ea9fb7901dd) Importer(2089858483,0ecaa5967403d082aa24f35e1b516d23)
Start importing Assets/ArchVizPRO Interior Vol.5/3D MATERIAL/Concrete_Ceiling/Concrete_Ceiling_AlbedoTransparency.jpg using Guid(844ade90c3c937a4096c7ea9fb7901dd) Importer(2089858483,0ecaa5967403d082aa24f35e1b516d23)  -> (artifact id: '3f62a219a696f7d6531654e6d29a0b9d') in 0.178384 seconds
Number of updated asset objects reloaded before import = 0
Number of asset objects unloaded after import = 1
========================================================================
Received Import Request.
  Time since last request: 0.001507 seconds.
  path: Assets/TextMesh Pro/Examples & Extras/Scripts/Benchmark04.cs
  artifactKey: Guid(dc20866c0d5e413ab7559440e15333ae) Importer(2089858483,0ecaa5967403d082aa24f35e1b516d23)
Start importing Assets/TextMesh Pro/Examples & Extras/Scripts/Benchmark04.cs using Guid(dc20866c0d5e413ab7559440e15333ae) Importer(2089858483,0ecaa5967403d082aa24f35e1b516d23)  -> (artifact id: '6af039b561d767d94f6e14dee1dda6cb') in 0.047799 seconds
Number of updated asset objects reloaded before import = 0
Number of asset objects unloaded after import = 1
========================================================================
Received Import Request.
  Time since last request: 0.001262 seconds.
  path: Assets/Standard Assets/Editor/CrossPlatformInput/CrossPlatformInputInitialize.cs
  artifactKey: Guid(db7667203062c644ea1877077e30ebd6) Importer(2089858483,0ecaa5967403d082aa24f35e1b516d23)
Start importing Assets/Standard Assets/Editor/CrossPlatformInput/CrossPlatformInputInitialize.cs using Guid(db7667203062c644ea1877077e30ebd6) Importer(2089858483,0ecaa5967403d082aa24f35e1b516d23)  -> (artifact id: 'ff763952ac0230c5f68432a6acac0867') in 0.069626 seconds
Number of updated asset objects reloaded before import = 0
Number of asset objects unloaded after import = 1
========================================================================
Received Import Request.
  Time since last request: 0.000202 seconds.
  path: Assets/TextMesh Pro/Examples & Extras/Scripts/TeleType.cs
  artifactKey: Guid(e32c266ee6204b21a427753cb0694c81) Importer(2089858483,0ecaa5967403d082aa24f35e1b516d23)
Start importing Assets/TextMesh Pro/Examples & Extras/Scripts/TeleType.cs using Guid(e32c266ee6204b21a427753cb0694c81) Importer(2089858483,0ecaa5967403d082aa24f35e1b516d23)  -> (artifact id: '6984e037d64fe29261dc5781b0608371') in 0.089355 seconds
Number of updated asset objects reloaded before import = 0
Number of asset objects unloaded after import = 1
========================================================================
Received Import Request.
  Time since last request: 0.000035 seconds.
  path: Assets/Standard Assets/Utility/ForcedReset.cs
  artifactKey: Guid(9b886447cba80f74e820adb3c9e70c76) Importer(2089858483,0ecaa5967403d082aa24f35e1b516d23)
Start importing Assets/Standard Assets/Utility/ForcedReset.cs using Guid(9b886447cba80f74e820adb3c9e70c76) Importer(2089858483,0ecaa5967403d082aa24f35e1b516d23)  -> (artifact id: 'cc8013ab759a51a3a21b0612edd0e348') in 0.055192 seconds
Number of updated asset objects reloaded before import = 0
Number of asset objects unloaded after import = 1
========================================================================
Received Import Request.
  Time since last request: 0.000035 seconds.
  path: Assets/_Course Library/_Prefabs/Objects/Sports/Tennis_Racket_Green.prefab
  artifactKey: Guid(d6fcd67e436bca94ba8468915b91bc3f) Importer(2089858483,3d70f49cd1c2eb9ae422958d1c652c6b)
Start importing Assets/_Course Library/_Prefabs/Objects/Sports/Tennis_Racket_Green.prefab using Guid(d6fcd67e436bca94ba8468915b91bc3f) Importer(2089858483,3d70f49cd1c2eb9ae422958d1c652c6b)  -> (artifact id: '8577f90eb27710398a895a99721e00b3') in 0.085704 seconds
Number of updated asset objects reloaded before import = 0
Number of asset objects unloaded after import = 18
========================================================================
Received Import Request.
  Time since last request: 0.000023 seconds.
  path: Assets/_Course Library/_Prefabs/Objects/Electronics/Gaming_Controller.prefab
  artifactKey: Guid(d402ff832ccc1404c8a7261215a1a706) Importer(2089858483,3d70f49cd1c2eb9ae422958d1c652c6b)
Start importing Assets/_Course Library/_Prefabs/Objects/Electronics/Gaming_Controller.prefab using Guid(d402ff832ccc1404c8a7261215a1a706) Importer(2089858483,3d70f49cd1c2eb9ae422958d1c652c6b)  -> (artifact id: '74f09e613325a5e7d52db6d33741daa4') in 0.182997 seconds
Number of updated asset objects reloaded before import = 0
Number of asset objects unloaded after import = 58
========================================================================
Received Import Request.
  Time since last request: 0.000026 seconds.
  path: Assets/ArchVizPRO Interior Vol.5/3D MODEL/Rocks/Rocks.FBX
  artifactKey: Guid(8c77f3dd897bd58499ca64bfa5f09b47) Importer(2089858483,0ecaa5967403d082aa24f35e1b516d23)
Start importing Assets/ArchVizPRO Interior Vol.5/3D MODEL/Rocks/Rocks.FBX using Guid(8c77f3dd897bd58499ca64bfa5f09b47) Importer(2089858483,0ecaa5967403d082aa24f35e1b516d23)  -> (artifact id: 'c00631025f72298e096ee76de2b667d8') in 0.248413 seconds
Number of updated asset objects reloaded before import = 0
Number of asset objects unloaded after import = 57
========================================================================
Received Import Request.
  Time since last request: 0.000039 seconds.
  path: Assets/_Course Library/Audio/FX/SFX_Loop_Liquid_Pour.ogg
  artifactKey: Guid(2750d8f1e9746416a82993326371d29f) Importer(2089858483,0ecaa5967403d082aa24f35e1b516d23)
Start importing Assets/_Course Library/Audio/FX/SFX_Loop_Liquid_Pour.ogg using Guid(2750d8f1e9746416a82993326371d29f) Importer(2089858483,0ecaa5967403d082aa24f35e1b516d23)  -> (artifact id: '394ae4c7b5b0c9c8722c473bf6aa2819') in 0.139660 seconds
Number of updated asset objects reloaded before import = 0
Number of asset objects unloaded after import = 1
========================================================================
Received Import Request.
  Time since last request: 0.000021 seconds.
  path: Assets/_Course Library/Audio/FX/SFX_Polaroid_Print.ogg
  artifactKey: Guid(c8da34f5308f447e8a07706592954d21) Importer(2089858483,0ecaa5967403d082aa24f35e1b516d23)
Start importing Assets/_Course Library/Audio/FX/SFX_Polaroid_Print.ogg using Guid(c8da34f5308f447e8a07706592954d21) Importer(2089858483,0ecaa5967403d082aa24f35e1b516d23)  -> (artifact id: '2aaa842cf5fc5a1abc02a27c52326eb6') in 0.166736 seconds
Number of updated asset objects reloaded before import = 0
Number of asset objects unloaded after import = 1
========================================================================
Received Import Request.
  Time since last request: 0.000028 seconds.
  path: Assets/_Course Library/Audio/Music/Music_Classical_Chopin_Nocturne-no-2.ogg
  artifactKey: Guid(9b225ef4f19cf441f8d7df84ea0f21ad) Importer(2089858483,0ecaa5967403d082aa24f35e1b516d23)
Start importing Assets/_Course Library/Audio/Music/Music_Classical_Chopin_Nocturne-no-2.ogg using Guid(9b225ef4f19cf441f8d7df84ea0f21ad) Importer(2089858483,0ecaa5967403d082aa24f35e1b516d23)  -> (artifact id: '6ecf383e8bb8109645fb4110265a6f4e') in 1.302344 seconds
Number of updated asset objects reloaded before import = 0
Number of asset objects unloaded after import = 1
========================================================================
Received Import Request.
  Time since last request: 0.000034 seconds.
  path: Assets/_Course Library/Scripts/Actions/TeleportPlayer.cs
  artifactKey: Guid(9469e5ef7ce252d48a689ad38d7b5695) Importer(2089858483,0ecaa5967403d082aa24f35e1b516d23)
Start importing Assets/_Course Library/Scripts/Actions/TeleportPlayer.cs using Guid(9469e5ef7ce252d48a689ad38d7b5695) Importer(2089858483,0ecaa5967403d082aa24f35e1b516d23)  -> (artifact id: '90be71b0d9d697738d57705658539a7c') in 0.041331 seconds
Number of updated asset objects reloaded before import = 0
Number of asset objects unloaded after import = 1
========================================================================
Received Import Request.
  Time since last request: 0.000026 seconds.
  path: Assets/Challenges/03_Training/Materials/Slippery.physicMaterial
  artifactKey: Guid(69e9bd7ea9e6e45cfb5e74783123202e) Importer(2089858483,0ecaa5967403d082aa24f35e1b516d23)
Start importing Assets/Challenges/03_Training/Materials/Slippery.physicMaterial using Guid(69e9bd7ea9e6e45cfb5e74783123202e) Importer(2089858483,0ecaa5967403d082aa24f35e1b516d23)  -> (artifact id: '0eabbcc19d13ecf1f23711cb6e1b1b93') in 0.059459 seconds
Number of updated asset objects reloaded before import = 0
Number of asset objects unloaded after import = 1
========================================================================
Received Import Request.
  Time since last request: 0.000020 seconds.
  path: Assets/_Course Library/Audio/FX/SFX_Impact_Concrete.ogg
  artifactKey: Guid(d727703712b36426db75d0e99085a350) Importer(2089858483,0ecaa5967403d082aa24f35e1b516d23)
Start importing Assets/_Course Library/Audio/FX/SFX_Impact_Concrete.ogg using Guid(d727703712b36426db75d0e99085a350) Importer(2089858483,0ecaa5967403d082aa24f35e1b516d23)  -> (artifact id: 'e9f73a8815974762883eee581496bc34') in 0.234538 seconds
Number of updated asset objects reloaded before import = 0
Number of asset objects unloaded after import = 1
========================================================================
Received Import Request.
  Time since last request: 0.000051 seconds.
  path: Assets/_Course Library/Source Files/Editor/XRLeverEditor.cs
  artifactKey: Guid(f9ca5fddb6772974788548ffb1f9953e) Importer(2089858483,0ecaa5967403d082aa24f35e1b516d23)
Start importing Assets/_Course Library/Source Files/Editor/XRLeverEditor.cs using Guid(f9ca5fddb6772974788548ffb1f9953e) Importer(2089858483,0ecaa5967403d082aa24f35e1b516d23)  -> (artifact id: '9be163782e8acc1f48eefe728511e167') in 0.077349 seconds
Number of updated asset objects reloaded before import = 0
Number of asset objects unloaded after import = 1
========================================================================
Received Import Request.
  Time since last request: 0.000254 seconds.
  path: Assets/_Course Library/Scripts/Controls/XRLever.cs
  artifactKey: Guid(e601cf28e9702c945abe3b90e7f51974) Importer(2089858483,0ecaa5967403d082aa24f35e1b516d23)
Start importing Assets/_Course Library/Scripts/Controls/XRLever.cs using Guid(e601cf28e9702c945abe3b90e7f51974) Importer(2089858483,0ecaa5967403d082aa24f35e1b516d23)  -> (artifact id: '3ad748091af4e2031a25fdccc15f14fe') in 0.061731 seconds
Number of updated asset objects reloaded before import = 0
Number of asset objects unloaded after import = 1
========================================================================
Received Import Request.
  Time since last request: 0.000584 seconds.
  path: Assets/_Course Library/Source Files/Models/Bin_A_1.fbx
  artifactKey: Guid(f2110f23f107b174186bdcb3d376b30c) Importer(2089858483,0ecaa5967403d082aa24f35e1b516d23)
Start importing Assets/_Course Library/Source Files/Models/Bin_A_1.fbx using Guid(f2110f23f107b174186bdcb3d376b30c) Importer(2089858483,0ecaa5967403d082aa24f35e1b516d23)  -> (artifact id: '3b94ebfa8b93af78b43fcb8fe1a038c1') in 0.153306 seconds
Number of updated asset objects reloaded before import = 0
Number of asset objects unloaded after import = 8
========================================================================
Received Import Request.
  Time since last request: 0.000039 seconds.
  path: Assets/_Course Library/Source Files/Models/Drawers_Traditional.fbx
  artifactKey: Guid(67694f14d5fd8314bb5cbefc9d95a47a) Importer(2089858483,0ecaa5967403d082aa24f35e1b516d23)
Start importing Assets/_Course Library/Source Files/Models/Drawers_Traditional.fbx using Guid(67694f14d5fd8314bb5cbefc9d95a47a) Importer(2089858483,0ecaa5967403d082aa24f35e1b516d23)  -> (artifact id: '346bf08c6cf508cfce609a7ef15455db') in 0.100337 seconds
Number of updated asset objects reloaded before import = 0
Number of asset objects unloaded after import = 61
========================================================================
Received Import Request.
  Time since last request: 0.000035 seconds.
  path: Assets/Samples/XR Interaction Toolkit/2.5.2/Starter Assets/DemoSceneAssets/Prefabs/Teleport/Snapping Teleport Anchor.prefab
  artifactKey: Guid(037ba65d346be2a48ad006b9a9a3873e) Importer(2089858483,3d70f49cd1c2eb9ae422958d1c652c6b)
Start importing Assets/Samples/XR Interaction Toolkit/2.5.2/Starter Assets/DemoSceneAssets/Prefabs/Teleport/Snapping Teleport Anchor.prefab using Guid(037ba65d346be2a48ad006b9a9a3873e) Importer(2089858483,3d70f49cd1c2eb9ae422958d1c652c6b)  -> (artifact id: '013c08429b2989e13b6ead66d103f9f5') in 0.073765 seconds
Number of updated asset objects reloaded before import = 0
Number of asset objects unloaded after import = 29
========================================================================
Received Import Request.
  Time since last request: 0.000026 seconds.
  path: Assets/_Course Library/Source Files/Models/Fireplace_Rustic_Log3.FBX
  artifactKey: Guid(2e83f813a2e2b1c4b8c973144bcd0aab) Importer(2089858483,0ecaa5967403d082aa24f35e1b516d23)
Start importing Assets/_Course Library/Source Files/Models/Fireplace_Rustic_Log3.FBX using Guid(2e83f813a2e2b1c4b8c973144bcd0aab) Importer(2089858483,0ecaa5967403d082aa24f35e1b516d23)  -> (artifact id: '5a9c6eb87335a5372c34c4191e418fc6') in 0.087611 seconds
Number of updated asset objects reloaded before import = 0
Number of asset objects unloaded after import = 9
========================================================================
Received Import Request.
  Time since last request: 0.000026 seconds.
  path: Assets/_Course Library/Source Files/Models/Object_Phone_A.fbx
  artifactKey: Guid(3190234ad73802c49ad5c2eb80570b60) Importer(2089858483,0ecaa5967403d082aa24f35e1b516d23)
Start importing Assets/_Course Library/Source Files/Models/Object_Phone_A.fbx using Guid(3190234ad73802c49ad5c2eb80570b60) Importer(2089858483,0ecaa5967403d082aa24f35e1b516d23)  -> (artifact id: 'eae21abaa45f6beecd94359564644638') in 0.152246 seconds
Number of updated asset objects reloaded before import = 0
Number of asset objects unloaded after import = 8
========================================================================
Received Import Request.
  Time since last request: 0.000039 seconds.
  path: Assets/_Course Library/Source Files/Models/Object_Notebook_C.fbx
  artifactKey: Guid(fb1cb1c8e9755c54690de96e0f076dfe) Importer(2089858483,0ecaa5967403d082aa24f35e1b516d23)
Start importing Assets/_Course Library/Source Files/Models/Object_Notebook_C.fbx using Guid(fb1cb1c8e9755c54690de96e0f076dfe) Importer(2089858483,0ecaa5967403d082aa24f35e1b516d23)  -> (artifact id: 'd9077e31a6be01aca42bf6917dc4dffd') in 0.076657 seconds
Number of updated asset objects reloaded before import = 0
Number of asset objects unloaded after import = 15
========================================================================
Received Import Request.
  Time since last request: 0.000034 seconds.
  path: Assets/_Course Library/Source Files/Models/Hat_Cap.fbx
  artifactKey: Guid(60d768ce4d3e8bf4e977015d18b28e23) Importer(2089858483,0ecaa5967403d082aa24f35e1b516d23)
Start importing Assets/_Course Library/Source Files/Models/Hat_Cap.fbx using Guid(60d768ce4d3e8bf4e977015d18b28e23) Importer(2089858483,0ecaa5967403d082aa24f35e1b516d23)  -> (artifact id: '9b90b009ce3abd5a441c889f993c26fe') in 0.085324 seconds
Number of updated asset objects reloaded before import = 0
Number of asset objects unloaded after import = 8
========================================================================
Received Import Request.
  Time since last request: 0.000213 seconds.
  path: Assets/_Course Library/Source Files/Models/Hat_Straw.fbx
  artifactKey: Guid(4e1a09cb5eed4d34494b1ab5bdc4ecc6) Importer(2089858483,0ecaa5967403d082aa24f35e1b516d23)
Start importing Assets/_Course Library/Source Files/Models/Hat_Straw.fbx using Guid(4e1a09cb5eed4d34494b1ab5bdc4ecc6) Importer(2089858483,0ecaa5967403d082aa24f35e1b516d23)  -> (artifact id: 'daf890a7bc1bd198c61c2a57989b16d4') in 0.084499 seconds
Number of updated asset objects reloaded before import = 0
Number of asset objects unloaded after import = 8
========================================================================
Received Import Request.
  Time since last request: 0.002744 seconds.
  path: Assets/_Course Library/Source Files/Models/Launcher_Dart.fbx
  artifactKey: Guid(2acafd95d729d5042b127656b965d6c6) Importer(2089858483,0ecaa5967403d082aa24f35e1b516d23)
Start importing Assets/_Course Library/Source Files/Models/Launcher_Dart.fbx using Guid(2acafd95d729d5042b127656b965d6c6) Importer(2089858483,0ecaa5967403d082aa24f35e1b516d23)  -> (artifact id: 'a97ad37b5eb4a0d8064ee07fde2e15ca') in 0.094081 seconds
Number of updated asset objects reloaded before import = 0
Number of asset objects unloaded after import = 8
========================================================================
Received Import Request.
  Time since last request: 0.000257 seconds.
  path: Assets/_Course Library/Source Files/Models/Sports_TennisRacket.fbx
  artifactKey: Guid(c9fd28eb722fde74d80442a931b47e1c) Importer(2089858483,0ecaa5967403d082aa24f35e1b516d23)
Start importing Assets/_Course Library/Source Files/Models/Sports_TennisRacket.fbx using Guid(c9fd28eb722fde74d80442a931b47e1c) Importer(2089858483,0ecaa5967403d082aa24f35e1b516d23)  -> (artifact id: '4c58f46c623d73d265904a6d1d7b5f32') in 0.122757 seconds
Number of updated asset objects reloaded before import = 0
Number of asset objects unloaded after import = 8
========================================================================
Received Import Request.
  Time since last request: 0.000072 seconds.
  path: Assets/_Course Library/Source Files/Models/Sports_Cricket_Bat_B.fbx
  artifactKey: Guid(163336123a8366e468095f7c5efe0a33) Importer(2089858483,0ecaa5967403d082aa24f35e1b516d23)
Start importing Assets/_Course Library/Source Files/Models/Sports_Cricket_Bat_B.fbx using Guid(163336123a8366e468095f7c5efe0a33) Importer(2089858483,0ecaa5967403d082aa24f35e1b516d23)  -> (artifact id: 'd6d133203b0c22eddbc9a730a18f329a') in 0.095611 seconds
Number of updated asset objects reloaded before import = 0
Number of asset objects unloaded after import = 8
========================================================================
Received Import Request.
  Time since last request: 0.000055 seconds.
  path: Assets/_Course Library/Source Files/Models/Table_Side_Modern_B.fbx
  artifactKey: Guid(4972fc4c3bc90024795a1c8937b927fd) Importer(2089858483,0ecaa5967403d082aa24f35e1b516d23)
Start importing Assets/_Course Library/Source Files/Models/Table_Side_Modern_B.fbx using Guid(4972fc4c3bc90024795a1c8937b927fd) Importer(2089858483,0ecaa5967403d082aa24f35e1b516d23)  -> (artifact id: '4ccc305ea43b3649310a415b27b3ed4d') in 0.064763 seconds
Number of updated asset objects reloaded before import = 0
Number of asset objects unloaded after import = 8
========================================================================
Received Import Request.
  Time since last request: 0.000025 seconds.
  path: Assets/_Course Library/Source Files/Models/Speaker_RecordPlayer.fbx
  artifactKey: Guid(f421bf55cae3aa8488d771ccf269bca2) Importer(2089858483,0ecaa5967403d082aa24f35e1b516d23)
Start importing Assets/_Course Library/Source Files/Models/Speaker_RecordPlayer.fbx using Guid(f421bf55cae3aa8488d771ccf269bca2) Importer(2089858483,0ecaa5967403d082aa24f35e1b516d23)  -> (artifact id: 'dcd3e82ff06f29ea2016bad42a884254') in 0.075437 seconds
Number of updated asset objects reloaded before import = 0
Number of asset objects unloaded after import = 30
========================================================================
Received Import Request.
  Time since last request: 0.000032 seconds.
  path: Assets/_Course Library/Source Files/Models/Rug_Oval_2.fbx
  artifactKey: Guid(9489287415015c24b9f6cb9dfbc0cfb0) Importer(2089858483,0ecaa5967403d082aa24f35e1b516d23)
Start importing Assets/_Course Library/Source Files/Models/Rug_Oval_2.fbx using Guid(9489287415015c24b9f6cb9dfbc0cfb0) Importer(2089858483,0ecaa5967403d082aa24f35e1b516d23)  -> (artifact id: '1640fc644de6fed72decfb76569bff31') in 0.107173 seconds
Number of updated asset objects reloaded before import = 0
Number of asset objects unloaded after import = 8
========================================================================
Received Import Request.
  Time since last request: 0.000033 seconds.
  path: Assets/_Course Library/_Prefabs/Storage/Shelving_Traditional.prefab
  artifactKey: Guid(fc29def7fd957db4085fce30f5fcefcc) Importer(2089858483,0ecaa5967403d082aa24f35e1b516d23)
Start importing Assets/_Course Library/_Prefabs/Storage/Shelving_Traditional.prefab using Guid(fc29def7fd957db4085fce30f5fcefcc) Importer(2089858483,0ecaa5967403d082aa24f35e1b516d23)  -> (artifact id: '9c93eb06462f66b6435a2002716e4f3d') in 0.083067 seconds
Number of updated asset objects reloaded before import = 0
Number of asset objects unloaded after import = 8
========================================================================
Received Import Request.
  Time since last request: 0.000050 seconds.
  path: Assets/_Course Library/_Prefabs/Rugs/Rug_Rect_Gray.prefab
  artifactKey: Guid(4fedbc191226c1146a147611e5fc67ac) Importer(2089858483,0ecaa5967403d082aa24f35e1b516d23)
Start importing Assets/_Course Library/_Prefabs/Rugs/Rug_Rect_Gray.prefab using Guid(4fedbc191226c1146a147611e5fc67ac) Importer(2089858483,0ecaa5967403d082aa24f35e1b516d23)  -> (artifact id: 'a1a28069303b8afe8c02b35912006397') in 0.058064 seconds
Number of updated asset objects reloaded before import = 0
Number of asset objects unloaded after import = 8
========================================================================
Received Import Request.
  Time since last request: 0.000024 seconds.
  path: Assets/_Course Library/_Prefabs/Lighting/Sconce_Modern.prefab
  artifactKey: Guid(f52e0acfc02c3124dbc1a953d4276adb) Importer(2089858483,0ecaa5967403d082aa24f35e1b516d23)
Start importing Assets/_Course Library/_Prefabs/Lighting/Sconce_Modern.prefab using Guid(f52e0acfc02c3124dbc1a953d4276adb) Importer(2089858483,0ecaa5967403d082aa24f35e1b516d23)  -> (artifact id: '1d11db11a4c0a1c1ea74dafcc240f5cc') in 0.077978 seconds
Number of updated asset objects reloaded before import = 0
Number of asset objects unloaded after import = 8
========================================================================
Received Import Request.
  Time since last request: 0.000023 seconds.
  path: Assets/_Course Library/_Prefabs/Rugs/Mat_Rect_Black.prefab
  artifactKey: Guid(7d586b4a941812f4c96edf51d20fdc73) Importer(2089858483,0ecaa5967403d082aa24f35e1b516d23)
Start importing Assets/_Course Library/_Prefabs/Rugs/Mat_Rect_Black.prefab using Guid(7d586b4a941812f4c96edf51d20fdc73) Importer(2089858483,0ecaa5967403d082aa24f35e1b516d23)  -> (artifact id: '0a35973898ea59a9071f525346b53788') in 0.070407 seconds
Number of updated asset objects reloaded before import = 0
Number of asset objects unloaded after import = 8
========================================================================
Received Import Request.
  Time since last request: 0.000025 seconds.
  path: Assets/_Course Library/_Prefabs/Controls/Control_Lever_Yellow.prefab
  artifactKey: Guid(8e5de6ea3a1c74dd6befd58bc007f95a) Importer(2089858483,0ecaa5967403d082aa24f35e1b516d23)
Start importing Assets/_Course Library/_Prefabs/Controls/Control_Lever_Yellow.prefab using Guid(8e5de6ea3a1c74dd6befd58bc007f95a) Importer(2089858483,0ecaa5967403d082aa24f35e1b516d23)  -> (artifact id: 'd366b50e5a7926125fd08039a9139cc2') in 0.070045 seconds
Number of updated asset objects reloaded before import = 0
Number of asset objects unloaded after import = 16
========================================================================
Received Import Request.
  Time since last request: 0.000035 seconds.
  path: Assets/_Course Library/_Prefabs/Lighting/Lamp_Table_Blue.prefab
  artifactKey: Guid(1acee1ebf7d3fa747afaa7a2ae044238) Importer(2089858483,0ecaa5967403d082aa24f35e1b516d23)
Start importing Assets/_Course Library/_Prefabs/Lighting/Lamp_Table_Blue.prefab using Guid(1acee1ebf7d3fa747afaa7a2ae044238) Importer(2089858483,0ecaa5967403d082aa24f35e1b516d23)  -> (artifact id: '9ce13f512903c8e71ba561a58198648a') in 0.068273 seconds
Number of updated asset objects reloaded before import = 0
Number of asset objects unloaded after import = 35
========================================================================
Received Import Request.
  Time since last request: 0.000045 seconds.
  path: Assets/AK Studio Art/Bowling Club/Textures/Wood 3/Wood 3 Albedo.png
  artifactKey: Guid(4617e1da09d5d964787f00e6bcb20788) Importer(2089858483,0ecaa5967403d082aa24f35e1b516d23)
Start importing Assets/AK Studio Art/Bowling Club/Textures/Wood 3/Wood 3 Albedo.png using Guid(4617e1da09d5d964787f00e6bcb20788) Importer(2089858483,0ecaa5967403d082aa24f35e1b516d23)  -> (artifact id: '8dd1e56515feb7517b2294f56d7ed3ef') in 0.126830 seconds
Number of updated asset objects reloaded before import = 0
Number of asset objects unloaded after import = 1
========================================================================
Received Import Request.
  Time since last request: 0.000027 seconds.
  path: Assets/AK Studio Art/Bowling Club/Scenes/Demo/ReflectionProbe-1.exr
  artifactKey: Guid(cbb000dac02c153459eef893db63f962) Importer(2089858483,0ecaa5967403d082aa24f35e1b516d23)
Start importing Assets/AK Studio Art/Bowling Club/Scenes/Demo/ReflectionProbe-1.exr using Guid(cbb000dac02c153459eef893db63f962) Importer(2089858483,0ecaa5967403d082aa24f35e1b516d23)  -> (artifact id: 'bf9c763ed2540bf64c4cd061c9ec44fb') in 0.111259 seconds
Number of updated asset objects reloaded before import = 0
Number of asset objects unloaded after import = 1
========================================================================
Received Import Request.
  Time since last request: 0.000053 seconds.
  path: Assets/AK Studio Art/Bowling Club/Scenes/Demo/Lightmap-0_comp_light.exr
  artifactKey: Guid(dce48f46a812fc147a8eeafeb82b766f) Importer(2089858483,0ecaa5967403d082aa24f35e1b516d23)
Start importing Assets/AK Studio Art/Bowling Club/Scenes/Demo/Lightmap-0_comp_light.exr using Guid(dce48f46a812fc147a8eeafeb82b766f) Importer(2089858483,0ecaa5967403d082aa24f35e1b516d23)  -> (artifact id: 'c9842637c1fc74a54e644055d7065fa8') in 0.278755 seconds
Number of updated asset objects reloaded before import = 0
Number of asset objects unloaded after import = 1
========================================================================
Received Import Request.
  Time since last request: 0.000025 seconds.
  path: Assets/ArchVizPRO Interior Vol.5/3D MODEL/House/Metal_Joint/Metal_Joint_AlbedoTransparency.jpg
  artifactKey: Guid(0f5c91ee6cfd838469c642e9559e39d7) Importer(2089858483,0ecaa5967403d082aa24f35e1b516d23)
Start importing Assets/ArchVizPRO Interior Vol.5/3D MODEL/House/Metal_Joint/Metal_Joint_AlbedoTransparency.jpg using Guid(0f5c91ee6cfd838469c642e9559e39d7) Importer(2089858483,0ecaa5967403d082aa24f35e1b516d23)  -> (artifact id: '9f7c1ae5989651e3c899d8a2773fadd0') in 0.102456 seconds
Number of updated asset objects reloaded before import = 0
Number of asset objects unloaded after import = 1
========================================================================
Received Import Request.
  Time since last request: 0.000087 seconds.
  path: Assets/Isle of Assets/Simple UI Blur/Scenes/3D SampleScene/Lightmap-3_comp_dir.png
  artifactKey: Guid(7b8bed72ec99f77419f9a38acbf38048) Importer(2089858483,0ecaa5967403d082aa24f35e1b516d23)
Start importing Assets/Isle of Assets/Simple UI Blur/Scenes/3D SampleScene/Lightmap-3_comp_dir.png using Guid(7b8bed72ec99f77419f9a38acbf38048) Importer(2089858483,0ecaa5967403d082aa24f35e1b516d23)  -> (artifact id: '8c7f7aeeb54c929c4b52253f329ebda9') in 0.082892 seconds
Number of updated asset objects reloaded before import = 0
Number of asset objects unloaded after import = 1
========================================================================
Received Import Request.
  Time since last request: 0.000022 seconds.
  path: Assets/AK Studio Art/Bowling Club/Models/Room/Panel MetallicSmoothness.png
  artifactKey: Guid(d2b246e99013c264a9ba9d30d87bec1d) Importer(2089858483,0ecaa5967403d082aa24f35e1b516d23)
Start importing Assets/AK Studio Art/Bowling Club/Models/Room/Panel MetallicSmoothness.png using Guid(d2b246e99013c264a9ba9d30d87bec1d) Importer(2089858483,0ecaa5967403d082aa24f35e1b516d23)  -> (artifact id: 'a0766ab9d4a51b2f67cc33e957269cac') in 0.101972 seconds
Number of updated asset objects reloaded before import = 0
Number of asset objects unloaded after import = 1
========================================================================
Received Import Request.
  Time since last request: 0.000026 seconds.
  path: Assets/ArchVizPRO Interior Vol.5/3D MODEL/House/Wood_Exterior2/Wood_Exterior2.mat
  artifactKey: Guid(602450bda96649648809cd6d9e4d11eb) Importer(2089858483,0ecaa5967403d082aa24f35e1b516d23)
Start importing Assets/ArchVizPRO Interior Vol.5/3D MODEL/House/Wood_Exterior2/Wood_Exterior2.mat using Guid(602450bda96649648809cd6d9e4d11eb) Importer(2089858483,0ecaa5967403d082aa24f35e1b516d23)  -> (artifact id: '567e24d8619e0ac17e796ea118956376') in 0.115993 seconds
Number of updated asset objects reloaded before import = 0
Number of asset objects unloaded after import = 5
========================================================================
Received Import Request.
  Time since last request: 0.000035 seconds.
  path: Assets/_Course Library/Source Files/Models/RoomModern_Models/Room_Modern_All.FBX
  artifactKey: Guid(be28df98030e8f64591e136832fc9829) Importer(2089858483,0ecaa5967403d082aa24f35e1b516d23)
Start importing Assets/_Course Library/Source Files/Models/RoomModern_Models/Room_Modern_All.FBX using Guid(be28df98030e8f64591e136832fc9829) Importer(2089858483,0ecaa5967403d082aa24f35e1b516d23)  -> (artifact id: 'a30b16552a8a1a4e77f69e3e9396a75d') in 0.095601 seconds
Number of updated asset objects reloaded before import = 0
Number of asset objects unloaded after import = 34
========================================================================
Received Import Request.
  Time since last request: 0.000044 seconds.
  path: Assets/_Course Library/Source Files/Models/RoomModern_Models/Room_Modern_DoorPanel.fbx
  artifactKey: Guid(06fa93e6873e8c44fbd668b15d71fb14) Importer(2089858483,0ecaa5967403d082aa24f35e1b516d23)
Start importing Assets/_Course Library/Source Files/Models/RoomModern_Models/Room_Modern_DoorPanel.fbx using Guid(06fa93e6873e8c44fbd668b15d71fb14) Importer(2089858483,0ecaa5967403d082aa24f35e1b516d23)  -> (artifact id: '29ad6d424a3c88a79e8a758b6aa29aab') in 0.140323 seconds
Number of updated asset objects reloaded before import = 0
Number of asset objects unloaded after import = 8
========================================================================
Received Import Request.
  Time since last request: 0.000028 seconds.
  path: Assets/AK Studio Art/Bowling Club/Models/Ball Return/Ball Return.fbx
  artifactKey: Guid(e32e4657b6f341e4a93c0d09c8849ffd) Importer(2089858483,0ecaa5967403d082aa24f35e1b516d23)
Start importing Assets/AK Studio Art/Bowling Club/Models/Ball Return/Ball Return.fbx using Guid(e32e4657b6f341e4a93c0d09c8849ffd) Importer(2089858483,0ecaa5967403d082aa24f35e1b516d23)  -> (artifact id: '2d67e9c876babb97b36ebd96065ca458') in 0.079528 seconds
Number of updated asset objects reloaded before import = 0
Number of asset objects unloaded after import = 13
========================================================================
Received Import Request.
  Time since last request: 0.000039 seconds.
  path: Assets/_Course Library/Source Files/Models/RoomRustic_Models/Room_Rustic_Door.fbx
  artifactKey: Guid(fb6def4110e9f5e47867742140db3077) Importer(2089858483,0ecaa5967403d082aa24f35e1b516d23)
Start importing Assets/_Course Library/Source Files/Models/RoomRustic_Models/Room_Rustic_Door.fbx using Guid(fb6def4110e9f5e47867742140db3077) Importer(2089858483,0ecaa5967403d082aa24f35e1b516d23)  -> (artifact id: '7998eb0506a8a48c8b8f0e91b2d55cdd') in 0.081726 seconds
Number of updated asset objects reloaded before import = 0
Number of asset objects unloaded after import = 15
========================================================================
Received Import Request.
  Time since last request: 0.000023 seconds.
  path: Assets/_Course Library/_Prefabs/Objects/Electronics/Camera.prefab
  artifactKey: Guid(ae789ad601c1b51489889f8e89d55e4d) Importer(2089858483,0ecaa5967403d082aa24f35e1b516d23)
Start importing Assets/_Course Library/_Prefabs/Objects/Electronics/Camera.prefab using Guid(ae789ad601c1b51489889f8e89d55e4d) Importer(2089858483,0ecaa5967403d082aa24f35e1b516d23)  -> (artifact id: 'a079157f8c000b3af72175bc14495fa9') in 0.078318 seconds
Number of updated asset objects reloaded before import = 0
Number of asset objects unloaded after import = 16
========================================================================
Received Import Request.
  Time since last request: 0.000022 seconds.
  path: Assets/_Course Library/_Prefabs/Objects/Fruit/Food_Orange.prefab
  artifactKey: Guid(09bd87055b19ae4469a98d1af1a6c792) Importer(2089858483,0ecaa5967403d082aa24f35e1b516d23)
Start importing Assets/_Course Library/_Prefabs/Objects/Fruit/Food_Orange.prefab using Guid(09bd87055b19ae4469a98d1af1a6c792) Importer(2089858483,0ecaa5967403d082aa24f35e1b516d23)  -> (artifact id: '2b5be2554adddd1b1773addce110b20f') in 0.079636 seconds
Number of updated asset objects reloaded before import = 0
Number of asset objects unloaded after import = 8
========================================================================
Received Import Request.
  Time since last request: 0.000037 seconds.
  path: Assets/_Course Library/_Prefabs/Objects/Books/Book_B_Blue.prefab
  artifactKey: Guid(35d6eb4069e999c4085fb83c0d486fd2) Importer(2089858483,0ecaa5967403d082aa24f35e1b516d23)
Start importing Assets/_Course Library/_Prefabs/Objects/Books/Book_B_Blue.prefab using Guid(35d6eb4069e999c4085fb83c0d486fd2) Importer(2089858483,0ecaa5967403d082aa24f35e1b516d23)  -> (artifact id: 'e042e8a358bfd4a4d06e30026f3bbde2') in 0.081784 seconds
Number of updated asset objects reloaded before import = 0
Number of asset objects unloaded after import = 8
========================================================================
Received Import Request.
  Time since last request: 0.000304 seconds.
  path: Assets/_Course Library/_Prefabs/Objects/Light Sources/Lightsource_Lantern.prefab
  artifactKey: Guid(b8018346294f7d5488c6ddbf35ca0268) Importer(2089858483,0ecaa5967403d082aa24f35e1b516d23)
Start importing Assets/_Course Library/_Prefabs/Objects/Light Sources/Lightsource_Lantern.prefab using Guid(b8018346294f7d5488c6ddbf35ca0268) Importer(2089858483,0ecaa5967403d082aa24f35e1b516d23)  -> (artifact id: 'a3a050355013748a1bff5ec61ba10702') in 0.056455 seconds
Number of updated asset objects reloaded before import = 0
Number of asset objects unloaded after import = 16
========================================================================
Received Import Request.
  Time since last request: 0.000023 seconds.
  path: Assets/AK Studio Art/Bowling Club/Models/Ball Return/Ball Return AlbedoTransparency.png
  artifactKey: Guid(e07e678903b7341418a96a5ffa227f09) Importer(2089858483,0ecaa5967403d082aa24f35e1b516d23)
Start importing Assets/AK Studio Art/Bowling Club/Models/Ball Return/Ball Return AlbedoTransparency.png using Guid(e07e678903b7341418a96a5ffa227f09) Importer(2089858483,0ecaa5967403d082aa24f35e1b516d23)  -> (artifact id: '52c896c6bfde06cb7661d6c0408b32c7') in 0.072256 seconds
Number of updated asset objects reloaded before import = 0
Number of asset objects unloaded after import = 1
========================================================================
Received Import Request.
  Time since last request: 0.000029 seconds.
  path: Assets/AK Studio Art/Bowling Club/Textures/Plastic/Plastic Normal.png
  artifactKey: Guid(299d239fc9238b744ad51533078cbc57) Importer(2089858483,0ecaa5967403d082aa24f35e1b516d23)
Start importing Assets/AK Studio Art/Bowling Club/Textures/Plastic/Plastic Normal.png using Guid(299d239fc9238b744ad51533078cbc57) Importer(2089858483,0ecaa5967403d082aa24f35e1b516d23)  -> (artifact id: '37fc32333d8b2e069fed6278464d2c33') in 0.085325 seconds
Number of updated asset objects reloaded before import = 0
Number of asset objects unloaded after import = 1
========================================================================
Received Import Request.
  Time since last request: 0.000029 seconds.
  path: Assets/_Course Library/Source Files/Models/Object_Tablet_B.fbx
  artifactKey: Guid(d0736963586b9ef4ab90c4c632f18739) Importer(2089858483,0ecaa5967403d082aa24f35e1b516d23)
Start importing Assets/_Course Library/Source Files/Models/Object_Tablet_B.fbx using Guid(d0736963586b9ef4ab90c4c632f18739) Importer(2089858483,0ecaa5967403d082aa24f35e1b516d23)  -> (artifact id: '4c88e9dfc767485f9838268a0ff581e5') in 0.096584 seconds
Number of updated asset objects reloaded before import = 0
Number of asset objects unloaded after import = 8
========================================================================
Received Import Request.
  Time since last request: 0.045523 seconds.
  path: Assets/_Course Library/_Prefabs/Objects/Speakers/Speaker_Modern.prefab
  artifactKey: Guid(514f67743caf97444b25c61779fd9ecd) Importer(2089858483,0ecaa5967403d082aa24f35e1b516d23)
Start importing Assets/_Course Library/_Prefabs/Objects/Speakers/Speaker_Modern.prefab using Guid(514f67743caf97444b25c61779fd9ecd) Importer(2089858483,0ecaa5967403d082aa24f35e1b516d23)  -> (artifact id: '1878ea31419a84880737bc2a5825a34e') in 0.071683 seconds
Number of updated asset objects reloaded before import = 0
Number of asset objects unloaded after import = 8
========================================================================
Received Import Request.
  Time since last request: 0.000260 seconds.
  path: Assets/Samples/XR Interaction Toolkit/2.5.2/XR Device Simulator/Scripts/XRDeviceSimulatorUI.cs
  artifactKey: Guid(e8b922481d9264546b97958b2c7cf0a0) Importer(2089858483,0ecaa5967403d082aa24f35e1b516d23)
Start importing Assets/Samples/XR Interaction Toolkit/2.5.2/XR Device Simulator/Scripts/XRDeviceSimulatorUI.cs using Guid(e8b922481d9264546b97958b2c7cf0a0) Importer(2089858483,0ecaa5967403d082aa24f35e1b516d23)  -> (artifact id: '7499a0ea554e9bcf8eb0a9eb16ad6be8') in 0.066581 seconds
Number of updated asset objects reloaded before import = 0
Number of asset objects unloaded after import = 1
========================================================================
Received Import Request.
  Time since last request: 0.000027 seconds.
  path: Assets/_Course Library/_Prefabs/Rooms/Room_Components/Room_Traditional/Room_Traditional_Panel.prefab
  artifactKey: Guid(8f82d5b62133a4e829ef517a4af818b3) Importer(2089858483,0ecaa5967403d082aa24f35e1b516d23)
Start importing Assets/_Course Library/_Prefabs/Rooms/Room_Components/Room_Traditional/Room_Traditional_Panel.prefab using Guid(8f82d5b62133a4e829ef517a4af818b3) Importer(2089858483,0ecaa5967403d082aa24f35e1b516d23)  -> (artifact id: '11d4c440c566c8b6f67ce08bcd4951cf') in 0.080247 seconds
Number of updated asset objects reloaded before import = 0
Number of asset objects unloaded after import = 10
========================================================================
Received Import Request.
  Time since last request: 0.000046 seconds.
  path: Assets/Samples/XR Interaction Toolkit/2.5.2/Starter Assets/Scripts/DynamicMoveProvider.cs
  artifactKey: Guid(9b1e8c997df241c1a67045eeac79b41b) Importer(2089858483,0ecaa5967403d082aa24f35e1b516d23)
Start importing Assets/Samples/XR Interaction Toolkit/2.5.2/Starter Assets/Scripts/DynamicMoveProvider.cs using Guid(9b1e8c997df241c1a67045eeac79b41b) Importer(2089858483,0ecaa5967403d082aa24f35e1b516d23)  -> (artifact id: '5f22e0eb1e40d2a862e53f6b3551cc9b') in 0.070617 seconds
Number of updated asset objects reloaded before import = 0
Number of asset objects unloaded after import = 1
========================================================================
Received Import Request.
  Time since last request: 0.000024 seconds.
  path: Assets/Samples/XR Interaction Toolkit/2.5.2/Starter Assets/Presets/XRI Default XR Screen Space Controller.preset
  artifactKey: Guid(d3223012ddb39d24584825882e7ea40b) Importer(2089858483,0ecaa5967403d082aa24f35e1b516d23)
Start importing Assets/Samples/XR Interaction Toolkit/2.5.2/Starter Assets/Presets/XRI Default XR Screen Space Controller.preset using Guid(d3223012ddb39d24584825882e7ea40b) Importer(2089858483,0ecaa5967403d082aa24f35e1b516d23)  -> (artifact id: '297bdb3947a696fe9df8c2cbbab40985') in 0.112116 seconds
Number of updated asset objects reloaded before import = 0
Number of asset objects unloaded after import = 11
========================================================================
Received Import Request.
  Time since last request: 0.000846 seconds.
  path: Assets/Samples/XR Interaction Toolkit/2.5.2/Starter Assets/DemoSceneAssets/Models/Primitive_Torus.fbx
  artifactKey: Guid(f077c919501a44778a0c2edb6eb1a54a) Importer(2089858483,0ecaa5967403d082aa24f35e1b516d23)
Start importing Assets/Samples/XR Interaction Toolkit/2.5.2/Starter Assets/DemoSceneAssets/Models/Primitive_Torus.fbx using Guid(f077c919501a44778a0c2edb6eb1a54a) Importer(2089858483,0ecaa5967403d082aa24f35e1b516d23)  -> (artifact id: '58f00eb057003b39d55025712b42ba5b') in 0.128736 seconds
Number of updated asset objects reloaded before import = 0
Number of asset objects unloaded after import = 8
========================================================================
Received Import Request.
  Time since last request: 0.000071 seconds.
  path: Assets/Samples/XR Interaction Toolkit/2.5.2/XR Device Simulator/UI/Mouse/Mouse.png
  artifactKey: Guid(f997d60d79a4e45cab6b1814e377a1b3) Importer(2089858483,0ecaa5967403d082aa24f35e1b516d23)
Start importing Assets/Samples/XR Interaction Toolkit/2.5.2/XR Device Simulator/UI/Mouse/Mouse.png using Guid(f997d60d79a4e45cab6b1814e377a1b3) Importer(2089858483,0ecaa5967403d082aa24f35e1b516d23)  -> (artifact id: '821b9064abd438a70cb05c75c8788b3a') in 0.095745 seconds
Number of updated asset objects reloaded before import = 0
Number of asset objects unloaded after import = 3
========================================================================
Received Import Request.
  Time since last request: 0.000304 seconds.
  path: Assets/Samples/XR Interaction Toolkit/2.5.2/Starter Assets/DemoSceneAssets/Prefabs/UI/Text Toggle.prefab
  artifactKey: Guid(6a448845c7017044e8a9f3d711cfe825) Importer(2089858483,0ecaa5967403d082aa24f35e1b516d23)
Start importing Assets/Samples/XR Interaction Toolkit/2.5.2/Starter Assets/DemoSceneAssets/Prefabs/UI/Text Toggle.prefab using Guid(6a448845c7017044e8a9f3d711cfe825) Importer(2089858483,0ecaa5967403d082aa24f35e1b516d23)  -> (artifact id: '5f2612a673f01f953ed4c531cfcadc61') in 0.305972 seconds
Number of updated asset objects reloaded before import = 0
Number of asset objects unloaded after import = 28
========================================================================
Received Import Request.
  Time since last request: 0.000025 seconds.
  path: Assets/Samples/XR Interaction Toolkit/2.5.2/Starter Assets/Prefabs/Interactors/Poke Interactor.prefab
  artifactKey: Guid(27024f5809f4a4347b9cd7f26a1bdf93) Importer(2089858483,0ecaa5967403d082aa24f35e1b516d23)
Start importing Assets/Samples/XR Interaction Toolkit/2.5.2/Starter Assets/Prefabs/Interactors/Poke Interactor.prefab using Guid(27024f5809f4a4347b9cd7f26a1bdf93) Importer(2089858483,0ecaa5967403d082aa24f35e1b516d23)  -> (artifact id: 'bff4748057f9fac7c833e80be66c9cf2') in 0.161105 seconds
Number of updated asset objects reloaded before import = 0
Number of asset objects unloaded after import = 13
========================================================================
Received Import Request.
  Time since last request: 0.002228 seconds.
  path: Assets/Samples/XR Interaction Toolkit/2.5.2/XR Device Simulator/Hand Expression Captures/Fist Expression Capture.asset
  artifactKey: Guid(2a7c8ca0feac7cc44a5c225164ef311d) Importer(2089858483,0ecaa5967403d082aa24f35e1b516d23)
Start importing Assets/Samples/XR Interaction Toolkit/2.5.2/XR Device Simulator/Hand Expression Captures/Fist Expression Capture.asset using Guid(2a7c8ca0feac7cc44a5c225164ef311d) Importer(2089858483,0ecaa5967403d082aa24f35e1b516d23)  -> (artifact id: 'e6236cab8a70c5caf36941267d6b7c98') in 0.082158 seconds
Number of updated asset objects reloaded before import = 0
Number of asset objects unloaded after import = 2
========================================================================
Received Import Request.
  Time since last request: 0.000158 seconds.
  path: Assets/_Course Library/_Prefabs/VR/Hands/VR_Hand_Blue_Left.prefab
  artifactKey: Guid(eb91affb984e740dbb2082626ba96efb) Importer(2089858483,0ecaa5967403d082aa24f35e1b516d23)
Start importing Assets/_Course Library/_Prefabs/VR/Hands/VR_Hand_Blue_Left.prefab using Guid(eb91affb984e740dbb2082626ba96efb) Importer(2089858483,0ecaa5967403d082aa24f35e1b516d23)  -> (artifact id: 'd09d06d0a632cfa94b7a34cf1a7d2f9f') in 0.098597 seconds
Number of updated asset objects reloaded before import = 0
Number of asset objects unloaded after import = 9
========================================================================
Received Import Request.
  Time since last request: 0.000094 seconds.
  path: Assets/Samples/XR Interaction Toolkit/2.5.2/Starter Assets/Scripts/DestroySelf.cs
  artifactKey: Guid(717c12e2a4cfe764ab2580b1135e10fd) Importer(2089858483,0ecaa5967403d082aa24f35e1b516d23)
Start importing Assets/Samples/XR Interaction Toolkit/2.5.2/Starter Assets/Scripts/DestroySelf.cs using Guid(717c12e2a4cfe764ab2580b1135e10fd) Importer(2089858483,0ecaa5967403d082aa24f35e1b516d23)  -> (artifact id: '2312d083abda50ef87940b675519293a') in 0.070828 seconds
Number of updated asset objects reloaded before import = 0
Number of asset objects unloaded after import = 1
========================================================================
Received Import Request.
  Time since last request: 0.000044 seconds.
  path: Assets/Samples/XR Interaction Toolkit/2.5.2/XR Device Simulator/Scripts/XRDeviceSimulatorControllerUI.cs
  artifactKey: Guid(a907ece591e731e49b5d7be45f089972) Importer(2089858483,0ecaa5967403d082aa24f35e1b516d23)
Start importing Assets/Samples/XR Interaction Toolkit/2.5.2/XR Device Simulator/Scripts/XRDeviceSimulatorControllerUI.cs using Guid(a907ece591e731e49b5d7be45f089972) Importer(2089858483,0ecaa5967403d082aa24f35e1b516d23)  -> (artifact id: '2d7c67dc65050dffc9f989bf77813482') in 0.068089 seconds
Number of updated asset objects reloaded before import = 0
Number of asset objects unloaded after import = 1
========================================================================
Received Import Request.
  Time since last request: 0.000029 seconds.
  path: Assets/_Course Library/_Prefabs/Objects/Sports/Tennis_Ball_BlueRed.prefab
  artifactKey: Guid(fa28b352862d5cd4bb3513f56942579a) Importer(2089858483,0ecaa5967403d082aa24f35e1b516d23)
Start importing Assets/_Course Library/_Prefabs/Objects/Sports/Tennis_Ball_BlueRed.prefab using Guid(fa28b352862d5cd4bb3513f56942579a) Importer(2089858483,0ecaa5967403d082aa24f35e1b516d23)  -> (artifact id: '986912ab974d0d58112fe8621d565dbe') in 0.059400 seconds
Number of updated asset objects reloaded before import = 0
Number of asset objects unloaded after import = 8
========================================================================
Received Import Request.
  Time since last request: 0.000023 seconds.
  path: Assets/Samples/XR Interaction Toolkit/2.5.2/Starter Assets/DemoSceneAssets/Prefabs/UI/Scroll UI Sample.prefab
  artifactKey: Guid(0cbc0856f0fb8d84a81be5dea463c369) Importer(2089858483,0ecaa5967403d082aa24f35e1b516d23)
Start importing Assets/Samples/XR Interaction Toolkit/2.5.2/Starter Assets/DemoSceneAssets/Prefabs/UI/Scroll UI Sample.prefab using Guid(0cbc0856f0fb8d84a81be5dea463c369) Importer(2089858483,0ecaa5967403d082aa24f35e1b516d23)  -> (artifact id: 'babac81837c0a18c140335801e28b584') in 0.049359 seconds
Number of updated asset objects reloaded before import = 0
Number of asset objects unloaded after import = 72
Editor requested this worker to shutdown with reason: balancing worker count downwards
TcpMessagingSession - receive error: operation aborted. errorcode: 995, details:  I/O 
AssetImportWorker is now disconnected from the server
Process exiting
Exiting without the bug reporter. Application will terminate with return code 0