Using pre-set license
Built from '2022.3/staging' branch; Version is '2022.3.23f1 (dbb3f7c5b5c6) revision 14398455'; Using compiler version '192829333'; Build Type 'Release'
OS: 'Windows 10  (10.0.19045) 64bit Professional' Language: 'zh' Physical Memory: 32674 MB
BatchMode: 1, IsHumanControllingUs: 0, StartBugReporterOnCrash: 0, Is64bit: 1, IsPro: 1

COMMAND LINE ARGUMENTS:
C:\Program Files\Unity\Hub\Editor\2022.3.23f1\Editor\Unity.exe
-adb2
-batchMode
-noUpm
-name
AssetImportWorker14
-projectPath
C:/Users/ChenD/Downloads/cs190i_ZMMWM/VR Room
-logFile
Logs/AssetImportWorker14.log
-srvPort
55018
Successfully changed project path to: C:/Users/ChenD/Downloads/cs190i_ZMMWM/VR Room
C:/Users/ChenD/Downloads/cs190i_ZMMWM/VR Room
[UnityMemory] Configuration Parameters - Can be set up in boot.config
    "memorysetup-bucket-allocator-granularity=16"
    "memorysetup-bucket-allocator-bucket-count=8"
    "memorysetup-bucket-allocator-block-size=33554432"
    "memorysetup-bucket-allocator-block-count=8"
    "memorysetup-main-allocator-block-size=16777216"
    "memorysetup-thread-allocator-block-size=16777216"
    "memorysetup-gfx-main-allocator-block-size=16777216"
    "memorysetup-gfx-thread-allocator-block-size=16777216"
    "memorysetup-cache-allocator-block-size=4194304"
    "memorysetup-typetree-allocator-block-size=2097152"
    "memorysetup-profiler-bucket-allocator-granularity=16"
    "memorysetup-profiler-bucket-allocator-bucket-count=8"
    "memorysetup-profiler-bucket-allocator-block-size=33554432"
    "memorysetup-profiler-bucket-allocator-block-count=8"
    "memorysetup-profiler-allocator-block-size=16777216"
    "memorysetup-profiler-editor-allocator-block-size=1048576"
    "memorysetup-temp-allocator-size-main=16777216"
    "memorysetup-job-temp-allocator-block-size=2097152"
    "memorysetup-job-temp-allocator-block-size-background=1048576"
    "memorysetup-job-temp-allocator-reduction-small-platforms=262144"
    "memorysetup-allocator-temp-initial-block-size-main=262144"
    "memorysetup-allocator-temp-initial-block-size-worker=262144"
    "memorysetup-temp-allocator-size-background-worker=32768"
    "memorysetup-temp-allocator-size-job-worker=262144"
    "memorysetup-temp-allocator-size-preload-manager=33554432"
    "memorysetup-temp-allocator-size-nav-mesh-worker=65536"
    "memorysetup-temp-allocator-size-audio-worker=65536"
    "memorysetup-temp-allocator-size-cloud-worker=32768"
    "memorysetup-temp-allocator-size-gi-baking-worker=262144"
    "memorysetup-temp-allocator-size-gfx=262144"
Unable to join player connection multicast group (err: 10013).
Player connection [98004] Host "[IP] 172.23.0.1 [Port] 0 [Flags] 2 [Guid] 3692398607 [EditorId] 3692398607 [Version] 1048832 [Id] WindowsEditor(7,DESKTOP-R6511M2) [Debug] 1 [PackageName] WindowsEditor [ProjectName] Editor" joined alternative multi-casting on [225.0.0.222:34997]...

[Physics::Module] Initialized MultithreadedJobDispatcher with 15 workers.
Refreshing native plugins compatible for Editor in 299.21 ms, found 11 plugins.
Preloading 3 native plugins for Editor in 9.53 ms.
Initialize engine version: 2022.3.23f1 (dbb3f7c5b5c6)
[Subsystems] Discovering subsystems at path C:/Program Files/Unity/Hub/Editor/2022.3.23f1/Editor/Data/Resources/UnitySubsystems
[Subsystems] Discovering subsystems at path C:/Users/ChenD/Downloads/cs190i_ZMMWM/VR Room/Assets
GfxDevice: creating device client; threaded=0; jobified=0
Direct3D:
    Version:  Direct3D 11.0 [level 11.1]
    Renderer: NVIDIA GeForce RTX 2070 Super with Max-Q Design (ID=0x1ed1)
    Vendor:   NVIDIA
    VRAM:     7989 MB
    Driver:   32.0.15.5585
Shader 'Meta/MRUK/Scene/HighlightsAndShadows': fallback shader 'Off' not found
Shader 'Oculus/OVRMRCameraFrameLit': fallback shader 'Alpha-Diffuse' not found
Initialize mono
Mono path[0] = 'C:/Program Files/Unity/Hub/Editor/2022.3.23f1/Editor/Data/Managed'
Mono path[1] = 'C:/Program Files/Unity/Hub/Editor/2022.3.23f1/Editor/Data/MonoBleedingEdge/lib/mono/unityjit-win32'
Mono config path = 'C:/Program Files/Unity/Hub/Editor/2022.3.23f1/Editor/Data/MonoBleedingEdge/etc'
Using monoOptions --debugger-agent=transport=dt_socket,embedding=1,server=y,suspend=n,address=127.0.0.1:56544
Begin MonoManager ReloadAssembly
Registering precompiled unity dll's ...
Register platform support module: C:/Program Files/Unity/Hub/Editor/2022.3.23f1/Editor/Data/PlaybackEngines/WebGLSupport/UnityEditor.WebGL.Extensions.dll
Register platform support module: C:/Program Files/Unity/Hub/Editor/2022.3.23f1/Editor/Data/PlaybackEngines/MacStandaloneSupport/UnityEditor.OSXStandalone.Extensions.dll
Register platform support module: C:/Program Files/Unity/Hub/Editor/2022.3.23f1/Editor/Data/PlaybackEngines/AndroidPlayer/UnityEditor.Android.Extensions.dll
Register platform support module: C:/Program Files/Unity/Hub/Editor/2022.3.23f1/Editor/Data/PlaybackEngines/WindowsStandaloneSupport/UnityEditor.WindowsStandalone.Extensions.dll
Register platform support module: C:/Program Files/Unity/Hub/Editor/2022.3.23f1/Editor/Data/PlaybackEngines/MetroSupport/UnityEditor.UWP.Extensions.dll
Registered in 0.236503 seconds.
- Loaded All Assemblies, in  2.911 seconds
Native extension for UWP target not found
Native extension for WindowsStandalone target not found
Native extension for Android target not found
Android Extension - Scanning For ADB Devices 2373 ms
Native extension for OSXStandalone target not found
Native extension for WebGL target not found
Mono: successfully reloaded assembly
- Finished resetting the current domain, in  3.843 seconds
Domain Reload Profiling: 6692ms
	BeginReloadAssembly (1406ms)
		ExecutionOrderSort (0ms)
		DisableScriptedObjects (0ms)
		BackupInstance (0ms)
		ReleaseScriptingObjects (0ms)
		CreateAndSetChildDomain (1ms)
	RebuildCommonClasses (188ms)
	RebuildNativeTypeToScriptingClass (40ms)
	initialDomainReloadingComplete (497ms)
	LoadAllAssembliesAndSetupDomain (717ms)
		LoadAssemblies (1300ms)
		RebuildTransferFunctionScriptingTraits (0ms)
		AnalyzeDomain (696ms)
			TypeCache.Refresh (693ms)
				TypeCache.ScanAssembly (638ms)
			ScanForSourceGeneratedMonoScriptInfo (1ms)
			ResolveRequiredComponents (1ms)
	FinalizeReload (3844ms)
		ReleaseScriptCaches (0ms)
		RebuildScriptCaches (0ms)
		SetupLoadedEditorAssemblies (3502ms)
			LogAssemblyErrors (0ms)
			InitializePlatformSupportModulesInManaged (2836ms)
			SetLoadedEditorAssemblies (9ms)
			RefreshPlugins (0ms)
			BeforeProcessingInitializeOnLoad (8ms)
			ProcessInitializeOnLoadAttributes (446ms)
			ProcessInitializeOnLoadMethodAttributes (203ms)
			AfterProcessingInitializeOnLoad (0ms)
			EditorAssembliesLoaded (0ms)
		ExecutionOrderSort2 (0ms)
		AwakeInstancesAfterBackupRestoration (0ms)
========================================================================
Worker process is ready to serve import requests
Begin MonoManager ReloadAssembly
Symbol file LoadedFromMemory is not a mono symbol file
- Loaded All Assemblies, in  5.347 seconds
Refreshing native plugins compatible for Editor in 131.40 ms, found 11 plugins.
Native extension for UWP target not found
Native extension for WindowsStandalone target not found
Native extension for Android target not found
Native extension for OSXStandalone target not found
Native extension for WebGL target not found
Package Manager log level set to [2]
[Package Manager] Server::EnsureServerProcessIsRunning -- launch failed, reason: Unity was launched with the -noUpm command-line argument
[Package Manager] UpmClient::Send -- Unable to send message (not connected to UPM process).
[Package Manager] Cannot connect to Unity Package Manager local server
[Package Manager] Server::EnsureServerProcessIsRunning -- launch failed, reason: Unity was launched with the -noUpm command-line argument
[Package Manager] UpmClient::Send -- Unable to send message (not connected to UPM process).
[Package Manager] Cannot connect to Unity Package Manager local server
[Package Manager] Server::EnsureServerProcessIsRunning -- launch failed, reason: Unity was launched with the -noUpm command-line argument
[Package Manager] UpmClient::Send -- Unable to send message (not connected to UPM process).
[Package Manager] Cannot connect to Unity Package Manager local server
System.Reflection.TargetInvocationException: Exception has been thrown by the target of an invocation. ---> System.NullReferenceException: Object reference not set to an instance of an object
  at Unity.XR.Oculus.OculusLoader.AssetPathToAbsolutePath (System.String assetPath) [0x0003d] in .\Library\PackageCache\com.unity.xr.oculus@4.2.0\Runtime\OculusLoader.cs:298 
  at Unity.XR.Oculus.OculusLoader.EditorLoadOVRPlugin () [0x0008c] in .\Library\PackageCache\com.unity.xr.oculus@4.2.0\Runtime\OculusLoader.cs:283 
  at (wrapper managed-to-native) System.Reflection.RuntimeMethodInfo.InternalInvoke(System.Reflection.RuntimeMethodInfo,object,object[],System.Exception&)
  at System.Reflection.RuntimeMethodInfo.Invoke (System.Object obj, System.Reflection.BindingFlags invokeAttr, System.Reflection.Binder binder, System.Object[] parameters, System.Globalization.CultureInfo culture) [0x0006a] in <b11ba2a8fbf24f219f7cc98532a11304>:0 
   --- End of inner exception stack trace ---
  at System.Reflection.RuntimeMethodInfo.Invoke (System.Object obj, System.Reflection.BindingFlags invokeAttr, System.Reflection.Binder binder, System.Object[] parameters, System.Globalization.CultureInfo culture) [0x00083] in <b11ba2a8fbf24f219f7cc98532a11304>:0 
  at System.Reflection.MethodBase.Invoke (System.Object obj, System.Object[] parameters) [0x00000] in <b11ba2a8fbf24f219f7cc98532a11304>:0 
  at UnityEditor.EditorAssemblies.ProcessInitializeOnLoadMethodAttributes () [0x000a5] in <1899c5bd2a6d466081cd705bee01d689>:0 
UnityEngine.StackTraceUtility:ExtractStackTrace ()
UnityEngine.DebugLogHandler:LogFormat (UnityEngine.LogType,UnityEngine.Object,string,object[])
UnityEngine.Logger:Log (UnityEngine.LogType,object)
UnityEngine.Debug:LogError (object)
UnityEditor.EditorAssemblies:ProcessInitializeOnLoadMethodAttributes ()

Mono: successfully reloaded assembly
[Package Manager] Server::EnsureServerProcessIsRunning -- launch failed, reason: Unity was launched with the -noUpm command-line argument
[Package Manager] UpmClient::Send -- Unable to send message (not connected to UPM process).
[Package Manager] Cannot connect to Unity Package Manager local server
[Package Manager] Server::EnsureServerProcessIsRunning -- launch failed, reason: Unity was launched with the -noUpm command-line argument
[Package Manager] UpmClient::Send -- Unable to send message (not connected to UPM process).
[Package Manager] Cannot connect to Unity Package Manager local server
- Finished resetting the current domain, in  3.858 seconds
Domain Reload Profiling: 8942ms
	BeginReloadAssembly (1177ms)
		ExecutionOrderSort (0ms)
		DisableScriptedObjects (12ms)
		BackupInstance (0ms)
		ReleaseScriptingObjects (0ms)
		CreateAndSetChildDomain (48ms)
	RebuildCommonClasses (117ms)
	RebuildNativeTypeToScriptingClass (30ms)
	initialDomainReloadingComplete (311ms)
	LoadAllAssembliesAndSetupDomain (3448ms)
		LoadAssemblies (3417ms)
		RebuildTransferFunctionScriptingTraits (0ms)
		AnalyzeDomain (964ms)
			TypeCache.Refresh (806ms)
				TypeCache.ScanAssembly (737ms)
			ScanForSourceGeneratedMonoScriptInfo (106ms)
			ResolveRequiredComponents (49ms)
	FinalizeReload (3859ms)
		ReleaseScriptCaches (0ms)
		RebuildScriptCaches (0ms)
		SetupLoadedEditorAssemblies (3301ms)
			LogAssemblyErrors (0ms)
			InitializePlatformSupportModulesInManaged (205ms)
			SetLoadedEditorAssemblies (20ms)
			RefreshPlugins (0ms)
			BeforeProcessingInitializeOnLoad (1294ms)
			ProcessInitializeOnLoadAttributes (1402ms)
			ProcessInitializeOnLoadMethodAttributes (232ms)
			AfterProcessingInitializeOnLoad (147ms)
			EditorAssembliesLoaded (1ms)
		ExecutionOrderSort2 (0ms)
		AwakeInstancesAfterBackupRestoration (34ms)
Shader 'Oculus/OVRMRCameraFrameLit': fallback shader 'Alpha-Diffuse' not found
Shader 'Meta/MRUK/Scene/HighlightsAndShadows': fallback shader 'Off' not found
Launched and connected shader compiler UnityShaderCompiler.exe after 0.51 seconds
Refreshing native plugins compatible for Editor in 131.34 ms, found 11 plugins.
Preloading 3 native plugins for Editor in 0.84 ms.
Unloading 8027 Unused Serialized files (Serialized files now loaded: 0)
Unloading 119 unused Assets / (369.6 KB). Loaded Objects now: 8463.
Memory consumption went from 299.9 MB to 299.5 MB.
Total: 13.859300 ms (FindLiveObjects: 1.077400 ms CreateObjectMapping: 1.466700 ms MarkObjects: 10.809100 ms  DeleteObjects: 0.504300 ms)

AssetImportParameters requested are different than current active one (requested -> active):
  custom:scripting/monoscript/fileName/MetaXRSubsampledLayout.cs: 6aaebe357f0f2d3b4a093057b5676315 -> 
  custom:container-demuxer-ogg: 62fdf1f143b41e24485cea50d1cbac27 -> 
  custom:scripting/monoscript/fileName/UWPCoreWindowBuildHooks.cs: 528ee0545204f8083d130ec04efc78bc -> 
  custom:scripting/monoscript/fileName/MetaQuestFeatureEditor.cs: fff340053bb2e94334d0d5989f2eb349 -> 
  custom:scripting/monoscript/fileName/PalmPoseInteraction.cs: 6bd25b6029acb9127f25748cb0b6d2a8 -> 
  custom:scripting/monoscript/fileName/OpenXRRuntime.cs: c3a00f9ce6a0283dcb391b83637adf44 -> 
  custom:framework-win-MediaFoundation: 216162199b28c13a410421893ffa2e32 -> 
  custom:scripting/monoscript/fileName/OpenXRFeatureSettings.cs: 90647cc400823b41df847a6cbfc29026 -> 
  custom:scripting/monoscript/fileName/OpenXRBuildProcessor.cs: 48dc0e114f75799c0d74bafe70808189 -> 
  custom:scripting/monoscript/fileName/OpenXRFeatureInternal.cs: 90647cc400823b41df847a6cbfc29026 -> 
  custom:scripting/monoscript/fileName/OpenXRSpaceSettings.cs: 90647cc400823b41df847a6cbfc29026 -> 
  custom:scripting/monoscript/fileName/DPadInteractionCustomEditor.cs: d93785eeae2b4d41d39f603bd6f9849d -> 
  custom:scripting/monoscript/fileName/FeatureHelpers.cs: 0e8d07707daeed1da30b1605e903226b -> 
  custom:scripting/monoscript/fileName/DebuggerState.cs: 41070b7a08cc178a9ea51324cdaf5b81 -> 
  custom:scripting/monoscript/fileName/OpenXRHmd.cs: 1624687aa096b40d58d149d9c6304cca -> 
  custom:scripting/monoscript/fileName/OculusTouchControllerProfile.cs: 03df51b5c781d1980f509408bae72bc8 -> 
  custom:scripting/monoscript/fileName/RuntimeDebuggerWindow.cs: 0bc1d5ee7ce2553d42d62861471f3c44 -> 
  custom:scripting/monoscript/fileName/MetaXRSpaceWarp.cs: f1275400e64de7ac37cd4ecb60b92864 -> 
  custom:container-muxer-webm: aa71ff27fc2769a1b78a27578f13a17b -> 
  custom:video-decoder-webm-vp8: 9c59270c3fd7afecdb556c50c9e8de78 -> 
  custom:scripting/monoscript/fileName/OculusQuestFeature.cs: 041c3418dd65b8e99ca410c708996814 -> 
  custom:scripting/monoscript/fileName/OpenXRFeatureSetManager.cs: 4f340a53d115a7e1888d00ddc4cd614b -> 
  custom:SearchIndexIgnoredProperties: e643bd26f0fe6173181afceb89e7c659 -> 
  custom:AudioImporter_EditorPlatform: d09bf68614088b80899f8185d706f6e7 -> 
  custom:scripting/monoscript/fileName/OpenXRDevice.cs: 1b3be9b024fb29351711164fb0577202 -> 
  custom:scripting/monoscript/fileName/HTCViveControllerProfile.cs: 575b921c71649e99576a05f0add9cf5d -> 
  custom:scripting/monoscript/fileName/OpenXRRenderSettings.cs: 90647cc400823b41df847a6cbfc29026 -> 
  custom:scripting/monoscript/fileName/EyeGazeInteraction.cs: dc1f12620c8656649cfc16f13969f5fa -> 
  custom:scripting/monoscript/fileName/OpenXRAnalytics.cs: 67d5de80ae8e3ee46bb1b4907783d54c -> 
  custom:scripting/monoscript/fileName/MetaXRFeature.cs: 782504a5ed2525f1dc5bc090683802e5 -> 
  custom:scripting/monoscript/fileName/OpenXRFeatureAttribute.cs: cb6dde4b346c754b123a290cdf928c65 -> 
  custom:scripting/monoscript/fileName/OpenXRLoaderNoPreInit.cs: 8f7a064e1e0bb6e17b9f5d171fe53dfc -> 
  custom:scripting/monoscript/fileName/HandCommonPosesInteraction.cs: c984aa78f460c3bf39ec56bc9a0a414a -> 
  custom:scripting/monoscript/fileName/RuntimeDebuggerOpenXRFeatureEditor.cs: 26a9be57964b520d3a47d8c20db877e9 -> 
  custom:scripting/monoscript/fileName/HPReverbG2ControllerProfile.cs: 6aadb5e22feaccfa77ef6db6c4d4541c -> 
  custom:scripting/monoscript/fileName/BootConfig.cs: b2c4d54615a39b14509e601dd0f329ff -> 
  custom:audio-decoder-ogg-vorbis: bf7c407c2cedff20999df2af8eb42d56 -> 
  custom:scripting/monoscript/fileName/MetaXRFeatureEnabler.cs: 411456e96065709848597c49ea9e7866 -> 
  custom:scripting/monoscript/fileName/OpenXRPackageSettings.cs: 4f4aaba453bf105fb1c3c3d64247142d -> 
  custom:scripting/monoscript/fileName/OpenXRFeatureSetAttribute.cs: 9e20f05fe0a3688af8836175869f0bb7 -> 
  custom:scripting/monoscript/fileName/HapticControl.cs: d7a5389cafde2a1337c58e2f0d91a837 -> 
  custom:scripting/monoscript/fileName/MetaQuestFeature.cs: b9c317336250afc5bb5fa2c2df269ea6 -> 
  custom:scripting/monoscript/fileName/OpenXRRuntimeSelector.cs: 976a19637455f3c9d6af12ad00b783e3 -> 
  custom:scripting/monoscript/fileName/BuildHelperUtils.cs: 619773c3d1b7f3f0ca7461f5c27242a8 -> 
  custom:audio-encoder-webm-vorbis: bf7c407c2cedff20999df2af8eb42d56 -> 
  custom:scripting/monoscript/fileName/RuntimeDebuggerOpenXRFeature.cs: 8b269b64ad1c99e85d7f28185c15f7bb -> 
  custom:scripting/monoscript/fileName/MetaQuestFeatureBuildHooks.cs: 2ac755c66ffd4e4b7c22530386a7ba47 -> 
  custom:scripting/monoscript/fileName/OpenXRInteractionFeature.cs: a60484418ad6b497996467bb6f98db73 -> 
  custom:scripting/monoscript/fileName/DPadInteraction.cs: 93f85c8ba74c4199c8fc9b6e8c6fb8a6 -> 
  custom:scripting/monoscript/fileName/OpenXRFeatureSettingsEditor.cs: 46f7bc9b6667349416d592c92274a2cd -> 
  custom:video-decoder-ogg-theora: a1e56fd34408186e4bbccfd4996cb3dc -> 
  custom:scripting/monoscript/fileName/MetaQuestTouchProControllerProfile.cs: 9fffae235d4c14901711127c7daeb86c -> 
  custom:scripting/monoscript/fileName/OpenXRConstants.cs: f878d042bd3999b796b9387b0c8a1032 -> 
  custom:scripting/monoscript/fileName/OpenXRFeatureUICommon.cs: 45f7a59cd9c5cd84e28e0f7a429879c2 -> 
  custom:scripting/monoscript/fileName/OpenXRLoaderUI.cs: ebd8d704d5e26f054d43886c272cd005 -> 
  custom:scripting/monoscript/fileName/WaitForRestartFinish.cs: 0e76bf389cf347a5d8d6432ec661895f -> 
  custom:scripting/monoscript/fileName/KHRSimpleControllerProfile.cs: bcdcb81587b2075f7af2f75706b9e69a -> 
  custom:scripting/monoscript/fileName/ConformanceAutomationFeature.cs: 97112e825fad9ed87f6a9c7acc231c0b -> 
  custom:scripting/monoscript/fileName/OpenXRLoaderInternal.cs: 90647cc400823b41df847a6cbfc29026 -> 
  custom:CustomObjectIndexerAttribute: 72b91833f83ae208fae7752999fa3104 -> 
  custom:scripting/monoscript/fileName/OpenXRMangementSettings.cs: 5a013b6c45b1e1d06085cb1496493b86 -> 
  custom:scripting/monoscript/fileName/OpenXRNativeTypes.cs: 91cde5f962ea5dcb75652e72bac8769f -> 
  custom:container-demuxer-webm: 4f35f7cbe854078d1ac9338744f61a02 -> 
  custom:scripting/monoscript/fileName/KnownFeatureSets.cs: 2cf391597f07a52473981e9cc2b41b67 -> 
  custom:scripting/monoscript/fileName/OpenXRProjectValidationRulesSetup.cs: 63c520149123eced22b6028c5ebd9d08 -> 
  custom:scripting/monoscript/fileName/MicrosoftHandInteraction.cs: dac920740153b0163dda0f7e56920e40 -> 
  custom:scripting/monoscript/fileName/PackageSettingsEditor.cs: 6212fddebb8f67c4da0f50592230839b -> 
  custom:scripting/monoscript/fileName/OpenXRLoader.cs: 18020e98a4b26e822e0c5684b0251e04 -> 
  custom:scripting/monoscript/fileName/ValveIndexControllerProfile.cs: f923b1771c835a70375d3505e818878d -> 
  custom:scripting/monoscript/fileName/OculusQuestFeatureEditor.cs: af70b82209b4cf6ce20a2da2892dfc5f -> 
  custom:scripting/monoscript/fileName/OpenXRChooseRuntimeLibraries.cs: 3923c2f1337a35d737ad0192eb46b432 -> 
  custom:scripting/monoscript/fileName/MetaXREyeTrackedFoveationFeature.cs: 460473d07f8096e9f1344662eb214fcc -> 
  custom:scripting/monoscript/fileName/MockRuntime.cs: 8e970d93da4762c7d57e9c9dd2b36dbb -> 
  custom:scripting/monoscript/fileName/MetaXRFeatureSet.cs: e0d039fe304aca373e5d7962ffb0e24d -> 
  custom:scripting/monoscript/fileName/BootConfigBuilder.cs: a174d8870c7a69fabc7d42a75b0f23aa -> 
  custom:scripting/monoscript/fileName/MicrosoftMotionControllerProfile.cs: 6dcaa2067404bed7771687f2f9dfa057 -> 
  custom:scripting/monoscript/fileName/OpenXRRestarter.cs: c236f3f43c026f409512d203b81e6184 -> 
  custom:scripting/monoscript/fileName/OpenXRDiagnosticReport.cs: f43e8307d90025ed39c346ed63d1208d -> 
  custom:scripting/monoscript/fileName/PoseControl.cs: 4ff0d325328ef40fb1693e34ac3358bf -> 26044499bf9bfd77ab38d92d33de1d80
  custom:scripting/monoscript/fileName/OpenXRFeatureBuildHooks.cs: da31756dd3c74e69bcd7ed1a1983ed53 -> 
  custom:scripting/monoscript/fileName/MetaXRFoveationFeature.cs: cfbe3655078beed7fcdedd0ad51afce0 -> 
  custom:video-encoder-webm-vp8: eb34c28f22e8b96e1ab97ce403110664 -> 
  custom:scripting/monoscript/fileName/ModifyAndroidManifestMeta.cs: 3b920058e4dd8cbdb95cce4af271f981 -> 
  custom:scripting/monoscript/fileName/OpenXRFeatureEditor.cs: 01dd3fecc4e9c7ce9fb6af5d0948ba2a -> 
  custom:scripting/monoscript/fileName/HandInteractionProfile.cs: 9c7649bd495ee99cc73ddacbe0a8cd95 -> 
  custom:scripting/monoscript/fileName/ModifyAndroidManifestOculus.cs: 1d09740e7edd66fffc5895aae9e385d3 -> 
  custom:scripting/monoscript/fileName/OpenXRInput.cs: b351db87f98ee399e568b78e0ed353e3 -> 
  custom:scripting/monoscript/fileName/OpenXREditorSettings.cs: 321e3a8126bc4b0248cbcecf63892f31 -> 
  custom:scripting/monoscript/fileName/OpenXRProjectValidation.cs: 181508e149a91a64c6dfdc447b97c322 -> 
========================================================================
Received Import Request.
  Time since last request: 60401.554877 seconds.
  path: Assets/_Course Library/_Prefabs/Objects/Books/Book_C_Yellow.prefab
  artifactKey: Guid(39d7359826a9e9c4f8fd08564b0bdd30) Importer(2089858483,3d70f49cd1c2eb9ae422958d1c652c6b)
Start importing Assets/_Course Library/_Prefabs/Objects/Books/Book_C_Yellow.prefab using Guid(39d7359826a9e9c4f8fd08564b0bdd30) Importer(2089858483,3d70f49cd1c2eb9ae422958d1c652c6b)  -> (artifact id: '30a7d6a28ad75fdac39b82b588e74d92') in 0.642337 seconds
Number of updated asset objects reloaded before import = 0
Number of asset objects unloaded after import = 9
========================================================================
Received Import Request.
  Time since last request: 0.000038 seconds.
  path: Assets/ArchVizPRO Interior Vol.5/3D MATERIAL/Ground_Dry/Ground_Dry_metallic.png
  artifactKey: Guid(db4de334b896f904ab2292c9bf43e617) Importer(2089858483,0ecaa5967403d082aa24f35e1b516d23)
Start importing Assets/ArchVizPRO Interior Vol.5/3D MATERIAL/Ground_Dry/Ground_Dry_metallic.png using Guid(db4de334b896f904ab2292c9bf43e617) Importer(2089858483,0ecaa5967403d082aa24f35e1b516d23)  -> (artifact id: '50559cc6731a223685d2e86cc48cc508') in 0.359729 seconds
Number of updated asset objects reloaded before import = 0
Number of asset objects unloaded after import = 1
========================================================================
Received Import Request.
  Time since last request: 0.000024 seconds.
  path: Assets/Challenges/03_Training/Prefabs/Magnet.prefab
  artifactKey: Guid(76e436b666f4e3d4b8ffa548dd600ce8) Importer(2089858483,0ecaa5967403d082aa24f35e1b516d23)
Start importing Assets/Challenges/03_Training/Prefabs/Magnet.prefab using Guid(76e436b666f4e3d4b8ffa548dd600ce8) Importer(2089858483,0ecaa5967403d082aa24f35e1b516d23)  -> (artifact id: '9cb910e48bd81f66f4388f699c0690db') in 0.309658 seconds
Number of updated asset objects reloaded before import = 0
Number of asset objects unloaded after import = 41
========================================================================
Received Import Request.
  Time since last request: 0.000041 seconds.
  path: Assets/TextMesh Pro/Examples & Extras/Scripts/Benchmark01.cs
  artifactKey: Guid(f970ea55f9f84bf79b05dab180b8c125) Importer(2089858483,0ecaa5967403d082aa24f35e1b516d23)
Start importing Assets/TextMesh Pro/Examples & Extras/Scripts/Benchmark01.cs using Guid(f970ea55f9f84bf79b05dab180b8c125) Importer(2089858483,0ecaa5967403d082aa24f35e1b516d23)  -> (artifact id: '58934d52eea4ff27b4f30bf7dde193a1') in 0.077612 seconds
Number of updated asset objects reloaded before import = 0
Number of asset objects unloaded after import = 1
========================================================================
Received Import Request.
  Time since last request: 0.000026 seconds.
  path: Assets/TextMesh Pro/Examples & Extras/Scripts/TextMeshProFloatingText.cs
  artifactKey: Guid(a4d4c76e63944cba8c7d00f56334b98c) Importer(2089858483,0ecaa5967403d082aa24f35e1b516d23)
Start importing Assets/TextMesh Pro/Examples & Extras/Scripts/TextMeshProFloatingText.cs using Guid(a4d4c76e63944cba8c7d00f56334b98c) Importer(2089858483,0ecaa5967403d082aa24f35e1b516d23)  -> (artifact id: 'c5eb24f709e88eccd162e6ee3cb0b056') in 0.075997 seconds
Number of updated asset objects reloaded before import = 0
Number of asset objects unloaded after import = 1
========================================================================
Received Import Request.
  Time since last request: 0.000024 seconds.
  path: Assets/TextMesh Pro/Examples & Extras/Scripts/ChatController.cs
  artifactKey: Guid(53d91f98a2664f5cb9af11de72ac54ec) Importer(2089858483,0ecaa5967403d082aa24f35e1b516d23)
Start importing Assets/TextMesh Pro/Examples & Extras/Scripts/ChatController.cs using Guid(53d91f98a2664f5cb9af11de72ac54ec) Importer(2089858483,0ecaa5967403d082aa24f35e1b516d23)  -> (artifact id: 'b5373f7bd79e999d0d53b88032c234cb') in 0.082698 seconds
Number of updated asset objects reloaded before import = 0
Number of asset objects unloaded after import = 1
========================================================================
Received Import Request.
  Time since last request: 0.000255 seconds.
  path: Assets/_Course Library/_Prefabs/Objects/Electronics/Clock_Analog_Red.prefab
  artifactKey: Guid(ed9d61a9f6613044996e81235826dd03) Importer(2089858483,3d70f49cd1c2eb9ae422958d1c652c6b)
Start importing Assets/_Course Library/_Prefabs/Objects/Electronics/Clock_Analog_Red.prefab using Guid(ed9d61a9f6613044996e81235826dd03) Importer(2089858483,3d70f49cd1c2eb9ae422958d1c652c6b)  -> (artifact id: '9e742b0abe18a365b081c07f6ea298a1') in 0.113549 seconds
Number of updated asset objects reloaded before import = 0
Number of asset objects unloaded after import = 26
========================================================================
Received Import Request.
  Time since last request: 0.000037 seconds.
  path: Assets/Isle of Assets/Simple UI Blur/Sprites/BG.png
  artifactKey: Guid(76a62d78194573645bc535abf49b7ee3) Importer(2089858483,0ecaa5967403d082aa24f35e1b516d23)
Start importing Assets/Isle of Assets/Simple UI Blur/Sprites/BG.png using Guid(76a62d78194573645bc535abf49b7ee3) Importer(2089858483,0ecaa5967403d082aa24f35e1b516d23)  -> (artifact id: '20666fc5d68bb444cd63b3de6cf07432') in 0.140920 seconds
Number of updated asset objects reloaded before import = 0
Number of asset objects unloaded after import = 3
========================================================================
Received Import Request.
  Time since last request: 0.001130 seconds.
  path: Assets/ArchVizPRO Interior Vol.5/3D TEXTURE/Trees/Tree2.png
  artifactKey: Guid(9facc3a0334e1fe46b2a8a7533bfcd58) Importer(2089858483,0ecaa5967403d082aa24f35e1b516d23)
Start importing Assets/ArchVizPRO Interior Vol.5/3D TEXTURE/Trees/Tree2.png using Guid(9facc3a0334e1fe46b2a8a7533bfcd58) Importer(2089858483,0ecaa5967403d082aa24f35e1b516d23)  -> (artifact id: '4b0f61d1ebc1e05e351a11c8fd43cb6f') in 0.105465 seconds
Number of updated asset objects reloaded before import = 0
Number of asset objects unloaded after import = 1
========================================================================
Received Import Request.
  Time since last request: 0.000879 seconds.
  path: Assets/_Course Library/_Prefabs/Plants/Plant_B.prefab
  artifactKey: Guid(8085ccd0a01eb441da3fd9ab66229f33) Importer(2089858483,3d70f49cd1c2eb9ae422958d1c652c6b)
Start importing Assets/_Course Library/_Prefabs/Plants/Plant_B.prefab using Guid(8085ccd0a01eb441da3fd9ab66229f33) Importer(2089858483,3d70f49cd1c2eb9ae422958d1c652c6b)  -> (artifact id: 'e6149cd2bd2b55b8618d733569dc115c') in 0.157753 seconds
Number of updated asset objects reloaded before import = 0
Number of asset objects unloaded after import = 29
========================================================================
Received Import Request.
  Time since last request: 0.000028 seconds.
  path: Assets/Challenges/03_Training/Prefabs/Warehouse.prefab
  artifactKey: Guid(8980268b5ce0408469f50acaabc17213) Importer(2089858483,3d70f49cd1c2eb9ae422958d1c652c6b)
Start importing Assets/Challenges/03_Training/Prefabs/Warehouse.prefab using Guid(8980268b5ce0408469f50acaabc17213) Importer(2089858483,3d70f49cd1c2eb9ae422958d1c652c6b)  -> (artifact id: '7a3ec0f836e00b1690f0afbce64eec30') in 0.298901 seconds
Number of updated asset objects reloaded before import = 0
Number of asset objects unloaded after import = 697
========================================================================
Received Import Request.
  Time since last request: 0.000046 seconds.
  path: Assets/_Course Library/Audio/FX/SFX_UI_Quick_3.ogg
  artifactKey: Guid(113942fcb94a14f7386264fc45956b13) Importer(2089858483,0ecaa5967403d082aa24f35e1b516d23)
Start importing Assets/_Course Library/Audio/FX/SFX_UI_Quick_3.ogg using Guid(113942fcb94a14f7386264fc45956b13) Importer(2089858483,0ecaa5967403d082aa24f35e1b516d23)  -> (artifact id: '6ddb1132deceac8e46be71bc5d08c124') in 0.113742 seconds
Number of updated asset objects reloaded before import = 0
Number of asset objects unloaded after import = 1
========================================================================
Received Import Request.
  Time since last request: 0.000034 seconds.
  path: Assets/_Course Library/Audio/Music/Music_Classical_Bach_Goldberg-Variations.ogg
  artifactKey: Guid(fe112c6648072400daed693075b62682) Importer(2089858483,0ecaa5967403d082aa24f35e1b516d23)
Start importing Assets/_Course Library/Audio/Music/Music_Classical_Bach_Goldberg-Variations.ogg using Guid(fe112c6648072400daed693075b62682) Importer(2089858483,0ecaa5967403d082aa24f35e1b516d23)  -> (artifact id: '20f1fc3f492cb9e65acb6856ad589855') in 0.456297 seconds
Number of updated asset objects reloaded before import = 0
Number of asset objects unloaded after import = 1
========================================================================
Received Import Request.
  Time since last request: 0.002262 seconds.
  path: Assets/ArchVizPRO Interior Vol.5/3D MODEL/Bullone/Bullone_AlbedoTransparency.jpg
  artifactKey: Guid(8d0b0bbd5d59fe94b9b45492a231b18e) Importer(2089858483,0ecaa5967403d082aa24f35e1b516d23)
Start importing Assets/ArchVizPRO Interior Vol.5/3D MODEL/Bullone/Bullone_AlbedoTransparency.jpg using Guid(8d0b0bbd5d59fe94b9b45492a231b18e) Importer(2089858483,0ecaa5967403d082aa24f35e1b516d23)  -> (artifact id: '0eeac24e90793f41529f60f3ba65ca25') in 0.084621 seconds
Number of updated asset objects reloaded before import = 0
Number of asset objects unloaded after import = 1
========================================================================
Received Import Request.
  Time since last request: 0.000037 seconds.
  path: Assets/_Course Library/_Prefabs/Storage/Chest_Modern_Dark.prefab
  artifactKey: Guid(0f35b98739529f9448c26470b6f4187b) Importer(2089858483,3d70f49cd1c2eb9ae422958d1c652c6b)
Start importing Assets/_Course Library/_Prefabs/Storage/Chest_Modern_Dark.prefab using Guid(0f35b98739529f9448c26470b6f4187b) Importer(2089858483,3d70f49cd1c2eb9ae422958d1c652c6b)  -> (artifact id: 'f967105d37a4030640e8fdf8fca5bb3f') in 0.114667 seconds
Number of updated asset objects reloaded before import = 0
Number of asset objects unloaded after import = 23
========================================================================
Received Import Request.
  Time since last request: 0.000574 seconds.
  path: Assets/_Course Library/Materials/Solid Colors/YellowGlow.mat
  artifactKey: Guid(f7804b0b3784fa943a415ff6cf3e57f7) Importer(2089858483,0ecaa5967403d082aa24f35e1b516d23)
Start importing Assets/_Course Library/Materials/Solid Colors/YellowGlow.mat using Guid(f7804b0b3784fa943a415ff6cf3e57f7) Importer(2089858483,0ecaa5967403d082aa24f35e1b516d23)  -> (artifact id: '02436fe4ed8fab6f56e00955b138ff6d') in 0.160693 seconds
Number of updated asset objects reloaded before import = 0
Number of asset objects unloaded after import = 1
========================================================================
Received Import Request.
  Time since last request: 0.000025 seconds.
  path: Assets/_Course Library/Scripts/Actions/LaunchProjectile.cs
  artifactKey: Guid(623c5848030e9674893bb3bb376834b8) Importer(2089858483,0ecaa5967403d082aa24f35e1b516d23)
Start importing Assets/_Course Library/Scripts/Actions/LaunchProjectile.cs using Guid(623c5848030e9674893bb3bb376834b8) Importer(2089858483,0ecaa5967403d082aa24f35e1b516d23)  -> (artifact id: '154f8521f4a4a3a95bb20ca237242ab1') in 0.103096 seconds
Number of updated asset objects reloaded before import = 0
Number of asset objects unloaded after import = 1
========================================================================
Received Import Request.
  Time since last request: 0.000030 seconds.
  path: Assets/_Course Library/Scripts/Actions/ScaleObject.cs
  artifactKey: Guid(091efd902c2bede4fa71851697450155) Importer(2089858483,0ecaa5967403d082aa24f35e1b516d23)
Start importing Assets/_Course Library/Scripts/Actions/ScaleObject.cs using Guid(091efd902c2bede4fa71851697450155) Importer(2089858483,0ecaa5967403d082aa24f35e1b516d23)  -> (artifact id: '7113750198d1efef1456c3619e24e3aa') in 0.060755 seconds
Number of updated asset objects reloaded before import = 0
Number of asset objects unloaded after import = 1
========================================================================
Received Import Request.
  Time since last request: 0.000036 seconds.
  path: Assets/_Course Library/Scripts/Actions/VibrateController.cs
  artifactKey: Guid(b7686e657f003894781f5cc6240c99f9) Importer(2089858483,0ecaa5967403d082aa24f35e1b516d23)
Start importing Assets/_Course Library/Scripts/Actions/VibrateController.cs using Guid(b7686e657f003894781f5cc6240c99f9) Importer(2089858483,0ecaa5967403d082aa24f35e1b516d23)  -> (artifact id: '14e9acfd4697792f807af96a59d51960') in 0.071703 seconds
Number of updated asset objects reloaded before import = 0
Number of asset objects unloaded after import = 1
========================================================================
Received Import Request.
  Time since last request: 0.000027 seconds.
  path: Assets/_Course Library/Materials/Solid Colors/White.mat
  artifactKey: Guid(e4072eb07deefa44db8eb55cc1772070) Importer(2089858483,0ecaa5967403d082aa24f35e1b516d23)
Start importing Assets/_Course Library/Materials/Solid Colors/White.mat using Guid(e4072eb07deefa44db8eb55cc1772070) Importer(2089858483,0ecaa5967403d082aa24f35e1b516d23)  -> (artifact id: '09f8a21f26f16d0b81a4d349c222c310') in 0.098568 seconds
Number of updated asset objects reloaded before import = 0
Number of asset objects unloaded after import = 1
========================================================================
Received Import Request.
  Time since last request: 0.000055 seconds.
  path: Assets/_Course Library/Materials/Solid Colors/RedGlow.mat
  artifactKey: Guid(cb26f7e030d2caf42816d1e99c2b8dcb) Importer(2089858483,0ecaa5967403d082aa24f35e1b516d23)
Start importing Assets/_Course Library/Materials/Solid Colors/RedGlow.mat using Guid(cb26f7e030d2caf42816d1e99c2b8dcb) Importer(2089858483,0ecaa5967403d082aa24f35e1b516d23)  -> (artifact id: '9d57618f8aadc19b2d7571d07e9b145a') in 0.118901 seconds
Number of updated asset objects reloaded before import = 0
Number of asset objects unloaded after import = 1
========================================================================
Received Import Request.
  Time since last request: 0.000039 seconds.
  path: Assets/Challenges/02_3DPainting/Materials/Ground.mat
  artifactKey: Guid(896f645177a7443e19e1de985db6a45b) Importer(2089858483,0ecaa5967403d082aa24f35e1b516d23)
Start importing Assets/Challenges/02_3DPainting/Materials/Ground.mat using Guid(896f645177a7443e19e1de985db6a45b) Importer(2089858483,0ecaa5967403d082aa24f35e1b516d23)  -> (artifact id: 'bf603504704518033d204af11c1523b3') in 0.044539 seconds
Number of updated asset objects reloaded before import = 0
Number of asset objects unloaded after import = 1
========================================================================
Received Import Request.
  Time since last request: 0.000029 seconds.
  path: Assets/_Course Library/Source Files/Models/Dimmer_1.fbx
  artifactKey: Guid(474d742cc0076d3428ba1caf5382a962) Importer(2089858483,0ecaa5967403d082aa24f35e1b516d23)
Start importing Assets/_Course Library/Source Files/Models/Dimmer_1.fbx using Guid(474d742cc0076d3428ba1caf5382a962) Importer(2089858483,0ecaa5967403d082aa24f35e1b516d23)  -> (artifact id: '980d879eb49b64f0d6c0c9abf2148ab7') in 0.142929 seconds
Number of updated asset objects reloaded before import = 0
Number of asset objects unloaded after import = 16
========================================================================
Received Import Request.
  Time since last request: 0.000044 seconds.
  path: Assets/_Course Library/Source Files/Models/Chair_Traditional_B.fbx
  artifactKey: Guid(c85425214953d3e458c75798dc76fde9) Importer(2089858483,0ecaa5967403d082aa24f35e1b516d23)
Start importing Assets/_Course Library/Source Files/Models/Chair_Traditional_B.fbx using Guid(c85425214953d3e458c75798dc76fde9) Importer(2089858483,0ecaa5967403d082aa24f35e1b516d23)  -> (artifact id: '8cd3023c030c325143ee663d6c37d249') in 0.179698 seconds
Number of updated asset objects reloaded before import = 0
Number of asset objects unloaded after import = 8
========================================================================
Received Import Request.
  Time since last request: 0.000034 seconds.
  path: Assets/_Course Library/Source Files/Models/Button_Pause.fbx
  artifactKey: Guid(b29014f100d952745a4548e8069f1d95) Importer(2089858483,0ecaa5967403d082aa24f35e1b516d23)
Start importing Assets/_Course Library/Source Files/Models/Button_Pause.fbx using Guid(b29014f100d952745a4548e8069f1d95) Importer(2089858483,0ecaa5967403d082aa24f35e1b516d23)  -> (artifact id: '9183313c6d899b77410313a3c5693848') in 0.085449 seconds
Number of updated asset objects reloaded before import = 0
Number of asset objects unloaded after import = 8
========================================================================
Received Import Request.
  Time since last request: 0.000022 seconds.
  path: Assets/_Course Library/Source Files/Models/Dimmer_2.FBX
  artifactKey: Guid(33a1c756b70d2774491855713431eb4d) Importer(2089858483,0ecaa5967403d082aa24f35e1b516d23)
Start importing Assets/_Course Library/Source Files/Models/Dimmer_2.FBX using Guid(33a1c756b70d2774491855713431eb4d) Importer(2089858483,0ecaa5967403d082aa24f35e1b516d23)  -> (artifact id: '96e1b1a32263c5ba3d9d02637fb31778') in 0.077744 seconds
Number of updated asset objects reloaded before import = 0
Number of asset objects unloaded after import = 16
========================================================================
Received Import Request.
  Time since last request: 0.000027 seconds.
  path: Assets/_Course Library/Source Files/Models/Chandalier_Modern.fbx
  artifactKey: Guid(8c6a7cdc75fd7ed46baea0f967191dc7) Importer(2089858483,0ecaa5967403d082aa24f35e1b516d23)
Start importing Assets/_Course Library/Source Files/Models/Chandalier_Modern.fbx using Guid(8c6a7cdc75fd7ed46baea0f967191dc7) Importer(2089858483,0ecaa5967403d082aa24f35e1b516d23)  -> (artifact id: '5faab0457a6e9425e0d0ed4e6970ef83') in 0.078249 seconds
Number of updated asset objects reloaded before import = 0
Number of asset objects unloaded after import = 8
========================================================================
Received Import Request.
  Time since last request: 0.000028 seconds.
  path: Assets/Challenges/03_Training/Prefabs/Magnet.prefab
  artifactKey: Guid(76e436b666f4e3d4b8ffa548dd600ce8) Importer(2089858483,3d70f49cd1c2eb9ae422958d1c652c6b)
Start importing Assets/Challenges/03_Training/Prefabs/Magnet.prefab using Guid(76e436b666f4e3d4b8ffa548dd600ce8) Importer(2089858483,3d70f49cd1c2eb9ae422958d1c652c6b)  -> (artifact id: 'a98402a3a05889bc4aaf0ff7ce77c66e') in 0.099313 seconds
Number of updated asset objects reloaded before import = 0
Number of asset objects unloaded after import = 42
========================================================================
Received Import Request.
  Time since last request: 0.000037 seconds.
  path: Assets/_Course Library/Source Files/Models/Object_Book_C_3.fbx
  artifactKey: Guid(48d9919b6a821a049b892481e0a2b6d6) Importer(2089858483,0ecaa5967403d082aa24f35e1b516d23)
Start importing Assets/_Course Library/Source Files/Models/Object_Book_C_3.fbx using Guid(48d9919b6a821a049b892481e0a2b6d6) Importer(2089858483,0ecaa5967403d082aa24f35e1b516d23)  -> (artifact id: 'ba8321f5935a399ead261a5b43627cb8') in 0.097471 seconds
Number of updated asset objects reloaded before import = 0
Number of asset objects unloaded after import = 8
========================================================================
Received Import Request.
  Time since last request: 0.000088 seconds.
  path: Assets/_Course Library/Source Files/Models/Food_Apple_B.fbx
  artifactKey: Guid(ae4c2bc1a8ad5254dbeabd398a416c3c) Importer(2089858483,0ecaa5967403d082aa24f35e1b516d23)
Start importing Assets/_Course Library/Source Files/Models/Food_Apple_B.fbx using Guid(ae4c2bc1a8ad5254dbeabd398a416c3c) Importer(2089858483,0ecaa5967403d082aa24f35e1b516d23)  -> (artifact id: '2f193f0504c42450c7071899374b2d4d') in 0.119178 seconds
Number of updated asset objects reloaded before import = 0
Number of asset objects unloaded after import = 8
========================================================================
Received Import Request.
  Time since last request: 0.000027 seconds.
  path: Assets/_Course Library/Source Files/Models/Launcher_DartGun.fbx
  artifactKey: Guid(49344d184707a6d488a27aa72f9df271) Importer(2089858483,0ecaa5967403d082aa24f35e1b516d23)
Start importing Assets/_Course Library/Source Files/Models/Launcher_DartGun.fbx using Guid(49344d184707a6d488a27aa72f9df271) Importer(2089858483,0ecaa5967403d082aa24f35e1b516d23)  -> (artifact id: 'd13a7dda741ea62870c0792f816d4863') in 0.094268 seconds
Number of updated asset objects reloaded before import = 0
Number of asset objects unloaded after import = 15
========================================================================
Received Import Request.
  Time since last request: 0.000036 seconds.
  path: Assets/_Course Library/Source Files/Models/Lamp_Floor_2.fbx
  artifactKey: Guid(96ec14d4c6beb574ebb19ec5ad88778a) Importer(2089858483,0ecaa5967403d082aa24f35e1b516d23)
Start importing Assets/_Course Library/Source Files/Models/Lamp_Floor_2.fbx using Guid(96ec14d4c6beb574ebb19ec5ad88778a) Importer(2089858483,0ecaa5967403d082aa24f35e1b516d23)  -> (artifact id: '99d1d06e17972e2f528011df783ddbee') in 0.082237 seconds
Number of updated asset objects reloaded before import = 0
Number of asset objects unloaded after import = 8
========================================================================
Received Import Request.
  Time since last request: 0.000025 seconds.
  path: Assets/_Course Library/Source Files/Models/Fireplace_Traditional_Log5.FBX
  artifactKey: Guid(2ca5b4c69a70354458bbe61a53e0d628) Importer(2089858483,0ecaa5967403d082aa24f35e1b516d23)
Start importing Assets/_Course Library/Source Files/Models/Fireplace_Traditional_Log5.FBX using Guid(2ca5b4c69a70354458bbe61a53e0d628) Importer(2089858483,0ecaa5967403d082aa24f35e1b516d23)  -> (artifact id: 'd0f7d031da888001ff140f7e9bf7f586') in 0.110830 seconds
Number of updated asset objects reloaded before import = 0
Number of asset objects unloaded after import = 9
========================================================================
Received Import Request.
  Time since last request: 0.000033 seconds.
  path: Assets/_Course Library/Source Files/Models/Plant_Pot_Flare.fbx
  artifactKey: Guid(aec7665d811335147a2261045ef7665d) Importer(2089858483,0ecaa5967403d082aa24f35e1b516d23)
Start importing Assets/_Course Library/Source Files/Models/Plant_Pot_Flare.fbx using Guid(aec7665d811335147a2261045ef7665d) Importer(2089858483,0ecaa5967403d082aa24f35e1b516d23)  -> (artifact id: '8f9eeb32149e57ace21a5e242c822182') in 0.146431 seconds
Number of updated asset objects reloaded before import = 0
Number of asset objects unloaded after import = 9
========================================================================
Received Import Request.
  Time since last request: 0.000036 seconds.
  path: Assets/_Course Library/Source Files/Models/Plant_Pot_Cylinder.fbx
  artifactKey: Guid(9a839d2141cd30746b46c090e6638fbe) Importer(2089858483,0ecaa5967403d082aa24f35e1b516d23)
Start importing Assets/_Course Library/Source Files/Models/Plant_Pot_Cylinder.fbx using Guid(9a839d2141cd30746b46c090e6638fbe) Importer(2089858483,0ecaa5967403d082aa24f35e1b516d23)  -> (artifact id: '2eeac0a8008e1056cacce4b9f641a5b6') in 0.110727 seconds
Number of updated asset objects reloaded before import = 0
Number of asset objects unloaded after import = 9
========================================================================
Received Import Request.
  Time since last request: 0.000028 seconds.
  path: Assets/_Course Library/Source Files/Models/Sports_PingPongPaddle_B.fbx
  artifactKey: Guid(cf103f895044209449eef2a9878fdb80) Importer(2089858483,0ecaa5967403d082aa24f35e1b516d23)
Start importing Assets/_Course Library/Source Files/Models/Sports_PingPongPaddle_B.fbx using Guid(cf103f895044209449eef2a9878fdb80) Importer(2089858483,0ecaa5967403d082aa24f35e1b516d23)  -> (artifact id: 'ed387459da87325673c191a2473ecce8') in 0.077382 seconds
Number of updated asset objects reloaded before import = 0
Number of asset objects unloaded after import = 8
========================================================================
Received Import Request.
  Time since last request: 0.000022 seconds.
  path: Assets/_Course Library/_Prefabs/Bins/Bin_Round_Brown.prefab
  artifactKey: Guid(aacffe4a73d9b934ea85092756f457ab) Importer(2089858483,0ecaa5967403d082aa24f35e1b516d23)
Start importing Assets/_Course Library/_Prefabs/Bins/Bin_Round_Brown.prefab using Guid(aacffe4a73d9b934ea85092756f457ab) Importer(2089858483,0ecaa5967403d082aa24f35e1b516d23)  -> (artifact id: '46b35c5ddbc519d58744b1ea7eda43d7') in 0.058888 seconds
Number of updated asset objects reloaded before import = 0
Number of asset objects unloaded after import = 34
========================================================================
Received Import Request.
  Time since last request: 0.000041 seconds.
  path: Assets/_Course Library/Source Files/Models/Slider_2.FBX
  artifactKey: Guid(dcbacd2e11ea73b4ea57e56fed4ae4b8) Importer(2089858483,0ecaa5967403d082aa24f35e1b516d23)
Start importing Assets/_Course Library/Source Files/Models/Slider_2.FBX using Guid(dcbacd2e11ea73b4ea57e56fed4ae4b8) Importer(2089858483,0ecaa5967403d082aa24f35e1b516d23)  -> (artifact id: '1404b11ba8c8dcf14edb9ec5d4e285b1') in 0.096522 seconds
Number of updated asset objects reloaded before import = 0
Number of asset objects unloaded after import = 16
========================================================================
Received Import Request.
  Time since last request: 0.000025 seconds.
  path: Assets/ArchVizPRO Interior Vol.5/3D MATERIAL/Plaster/Plaster_normal.jpg
  artifactKey: Guid(29d72d089d9e70646ba22f370d18f37b) Importer(2089858483,0ecaa5967403d082aa24f35e1b516d23)
Start importing Assets/ArchVizPRO Interior Vol.5/3D MATERIAL/Plaster/Plaster_normal.jpg using Guid(29d72d089d9e70646ba22f370d18f37b) Importer(2089858483,0ecaa5967403d082aa24f35e1b516d23)  -> (artifact id: 'fb958d91b39e9a462d5bf8e0a1f3ef3a') in 0.102944 seconds
Number of updated asset objects reloaded before import = 0
Number of asset objects unloaded after import = 1
========================================================================
Received Import Request.
  Time since last request: 0.000511 seconds.
  path: Assets/_Course Library/_Prefabs/Lighting/Chandelier_Modern.prefab
  artifactKey: Guid(d5bb5377bb2f0bd45a41101a27ddecee) Importer(2089858483,0ecaa5967403d082aa24f35e1b516d23)
Start importing Assets/_Course Library/_Prefabs/Lighting/Chandelier_Modern.prefab using Guid(d5bb5377bb2f0bd45a41101a27ddecee) Importer(2089858483,0ecaa5967403d082aa24f35e1b516d23)  -> (artifact id: '440aa76d95106e849ce97bb8a28be11b') in 0.107979 seconds
Number of updated asset objects reloaded before import = 0
Number of asset objects unloaded after import = 13
========================================================================
Received Import Request.
  Time since last request: 0.000389 seconds.
  path: Assets/_Course Library/_Prefabs/Seating/Chair_Traditional_Light.prefab
  artifactKey: Guid(b4d538715c7469342811939a08b911d2) Importer(2089858483,0ecaa5967403d082aa24f35e1b516d23)
Start importing Assets/_Course Library/_Prefabs/Seating/Chair_Traditional_Light.prefab using Guid(b4d538715c7469342811939a08b911d2) Importer(2089858483,0ecaa5967403d082aa24f35e1b516d23)  -> (artifact id: 'f3502cb861a15a94abcfdec6565ac61e') in 0.074301 seconds
Number of updated asset objects reloaded before import = 0
Number of asset objects unloaded after import = 25
========================================================================
Received Import Request.
  Time since last request: 0.000028 seconds.
  path: Assets/_Course Library/_Prefabs/Storage/Cabinet_Traditional_Brown.prefab
  artifactKey: Guid(8fc3fe44f914ec742ab17fca8615fc44) Importer(2089858483,0ecaa5967403d082aa24f35e1b516d23)
Start importing Assets/_Course Library/_Prefabs/Storage/Cabinet_Traditional_Brown.prefab using Guid(8fc3fe44f914ec742ab17fca8615fc44) Importer(2089858483,0ecaa5967403d082aa24f35e1b516d23)  -> (artifact id: '225b88b9dace44e4b26a73fcc6d16dd7') in 0.053126 seconds
Number of updated asset objects reloaded before import = 0
Number of asset objects unloaded after import = 36
========================================================================
Received Import Request.
  Time since last request: 0.000035 seconds.
  path: Assets/_Course Library/_Prefabs/Seating/Couch_Traditional_Gold.prefab
  artifactKey: Guid(9fd62c09090ff5448be42411d830128d) Importer(2089858483,0ecaa5967403d082aa24f35e1b516d23)
Start importing Assets/_Course Library/_Prefabs/Seating/Couch_Traditional_Gold.prefab using Guid(9fd62c09090ff5448be42411d830128d) Importer(2089858483,0ecaa5967403d082aa24f35e1b516d23)  -> (artifact id: 'd211bbeac3d83e0a41226bd1e5a30564') in 0.084874 seconds
Number of updated asset objects reloaded before import = 0
Number of asset objects unloaded after import = 34
========================================================================
Received Import Request.
  Time since last request: 0.000864 seconds.
  path: Assets/Standard Assets/Utility/SmoothFollow.cs
  artifactKey: Guid(f76806479d916a64aa03f8e3eba7912f) Importer(2089858483,0ecaa5967403d082aa24f35e1b516d23)
Start importing Assets/Standard Assets/Utility/SmoothFollow.cs using Guid(f76806479d916a64aa03f8e3eba7912f) Importer(2089858483,0ecaa5967403d082aa24f35e1b516d23)  -> (artifact id: '2caaa65f65a736209f11da6eaa9c7a34') in 0.092476 seconds
Number of updated asset objects reloaded before import = 0
Number of asset objects unloaded after import = 1
========================================================================
Received Import Request.
  Time since last request: 0.000118 seconds.
  path: Assets/AK Studio Art/Bowling Club/Textures/Plastic/Plastic Roughness.png
  artifactKey: Guid(d6f4fa236c587c143bd3d38ed6fda00a) Importer(2089858483,0ecaa5967403d082aa24f35e1b516d23)
Start importing Assets/AK Studio Art/Bowling Club/Textures/Plastic/Plastic Roughness.png using Guid(d6f4fa236c587c143bd3d38ed6fda00a) Importer(2089858483,0ecaa5967403d082aa24f35e1b516d23)  -> (artifact id: '7c79b03a202162c023cfb34fca3c1697') in 0.096556 seconds
Number of updated asset objects reloaded before import = 0
Number of asset objects unloaded after import = 1
========================================================================
Received Import Request.
  Time since last request: 0.000041 seconds.
  path: Assets/_Course Library/_Prefabs/Televisions/TV_FlatWallMounted.prefab
  artifactKey: Guid(a3051c696c83442f8b9a1c115ffa2359) Importer(2089858483,0ecaa5967403d082aa24f35e1b516d23)
Start importing Assets/_Course Library/_Prefabs/Televisions/TV_FlatWallMounted.prefab using Guid(a3051c696c83442f8b9a1c115ffa2359) Importer(2089858483,0ecaa5967403d082aa24f35e1b516d23)  -> (artifact id: '6c5ea243b3dffec8d590f87611419c80') in 0.059079 seconds
Number of updated asset objects reloaded before import = 0
Number of asset objects unloaded after import = 17
========================================================================
Received Import Request.
  Time since last request: 0.000024 seconds.
  path: Assets/ArchVizPRO Interior Vol.5/3D MODEL/House/Basement/Basement_MetallicSmoothness.png
  artifactKey: Guid(5817eb0caef8fb44aa654efc7ac128f1) Importer(2089858483,0ecaa5967403d082aa24f35e1b516d23)
Start importing Assets/ArchVizPRO Interior Vol.5/3D MODEL/House/Basement/Basement_MetallicSmoothness.png using Guid(5817eb0caef8fb44aa654efc7ac128f1) Importer(2089858483,0ecaa5967403d082aa24f35e1b516d23)  -> (artifact id: '5831b42783f41d39b826797f1569ea37') in 0.111621 seconds
Number of updated asset objects reloaded before import = 0
Number of asset objects unloaded after import = 1
========================================================================
Received Import Request.
  Time since last request: 0.001206 seconds.
  path: Assets/ArchVizPRO Interior Vol.5/3D MODEL/House/Concrete_Bottom/Concrete_Bottom_Detail_AlbedoTransparency.jpg
  artifactKey: Guid(491d7b6361c1f5744b48ddaab2f8fa4c) Importer(2089858483,0ecaa5967403d082aa24f35e1b516d23)
Start importing Assets/ArchVizPRO Interior Vol.5/3D MODEL/House/Concrete_Bottom/Concrete_Bottom_Detail_AlbedoTransparency.jpg using Guid(491d7b6361c1f5744b48ddaab2f8fa4c) Importer(2089858483,0ecaa5967403d082aa24f35e1b516d23)  -> (artifact id: '94c47fd80f4c234c7ddf683fb29c0ff3') in 0.090620 seconds
Number of updated asset objects reloaded before import = 0
Number of asset objects unloaded after import = 1
========================================================================
Received Import Request.
  Time since last request: 0.000028 seconds.
  path: Assets/ArchVizPRO Interior Vol.5/3D MODEL/House/Metal_Joint/Metal_Joint_Normal.jpg
  artifactKey: Guid(325628a67737d9b4796230b06404af09) Importer(2089858483,0ecaa5967403d082aa24f35e1b516d23)
Start importing Assets/ArchVizPRO Interior Vol.5/3D MODEL/House/Metal_Joint/Metal_Joint_Normal.jpg using Guid(325628a67737d9b4796230b06404af09) Importer(2089858483,0ecaa5967403d082aa24f35e1b516d23)  -> (artifact id: '7325fe4a6f42cd718f9c4615c5245d6f') in 0.113587 seconds
Number of updated asset objects reloaded before import = 0
Number of asset objects unloaded after import = 1
========================================================================
Received Import Request.
  Time since last request: 0.000209 seconds.
  path: Assets/ArchVizPRO Interior Vol.5/3D MODEL/House/Metal_Pillars_Bottom/Metal_Pillars_Bottom.mat
  artifactKey: Guid(631e0fa6597061d4db7b159a4fd4c686) Importer(2089858483,0ecaa5967403d082aa24f35e1b516d23)
Start importing Assets/ArchVizPRO Interior Vol.5/3D MODEL/House/Metal_Pillars_Bottom/Metal_Pillars_Bottom.mat using Guid(631e0fa6597061d4db7b159a4fd4c686) Importer(2089858483,0ecaa5967403d082aa24f35e1b516d23)  -> (artifact id: '284804172d3fa5e1235e3732f4299794') in 0.120376 seconds
Number of updated asset objects reloaded before import = 0
Number of asset objects unloaded after import = 5
========================================================================
Received Import Request.
  Time since last request: 0.000026 seconds.
  path: Assets/AK Studio Art/Bowling Club/Scenes/Demo/Lightmap-0_comp_dir.png
  artifactKey: Guid(548c3fb113ff92044b48ed9aad0ca1f2) Importer(2089858483,0ecaa5967403d082aa24f35e1b516d23)
Start importing Assets/AK Studio Art/Bowling Club/Scenes/Demo/Lightmap-0_comp_dir.png using Guid(548c3fb113ff92044b48ed9aad0ca1f2) Importer(2089858483,0ecaa5967403d082aa24f35e1b516d23)  -> (artifact id: '25c46995bdcbfb322a79cf128e8b580f') in 0.187973 seconds
Number of updated asset objects reloaded before import = 0
Number of asset objects unloaded after import = 1
========================================================================
Received Import Request.
  Time since last request: 0.000376 seconds.
  path: Assets/ArchVizPRO Interior Vol.5/3D MODEL/House/Metal_Joint/Metal_Joint_AO.jpg
  artifactKey: Guid(332f5cc5fbe854d44ae2b14feeac71ed) Importer(2089858483,0ecaa5967403d082aa24f35e1b516d23)
Start importing Assets/ArchVizPRO Interior Vol.5/3D MODEL/House/Metal_Joint/Metal_Joint_AO.jpg using Guid(332f5cc5fbe854d44ae2b14feeac71ed) Importer(2089858483,0ecaa5967403d082aa24f35e1b516d23)  -> (artifact id: '0fd148ab04e2a5f258b60b09c9c3517c') in 0.082491 seconds
Number of updated asset objects reloaded before import = 0
Number of asset objects unloaded after import = 1
========================================================================
Received Import Request.
  Time since last request: 0.000056 seconds.
  path: Assets/_Course Library/Source Files/Models/Backgrounds/BuldingBlock_2.fbx
  artifactKey: Guid(fafbe2be630728948b3232d286fcfec1) Importer(2089858483,0ecaa5967403d082aa24f35e1b516d23)
Start importing Assets/_Course Library/Source Files/Models/Backgrounds/BuldingBlock_2.fbx using Guid(fafbe2be630728948b3232d286fcfec1) Importer(2089858483,0ecaa5967403d082aa24f35e1b516d23)  -> (artifact id: 'd2a0810abb586d8d1cab6ca58c80f613') in 0.102415 seconds
Number of updated asset objects reloaded before import = 0
Number of asset objects unloaded after import = 8
========================================================================
Received Import Request.
  Time since last request: 0.000047 seconds.
  path: Assets/_Course Library/Source Files/Models/RoomRustic_Models/Room_Rustic_Window.fbx
  artifactKey: Guid(9f5c53910dd424f42992a7404dd82035) Importer(2089858483,0ecaa5967403d082aa24f35e1b516d23)
Start importing Assets/_Course Library/Source Files/Models/RoomRustic_Models/Room_Rustic_Window.fbx using Guid(9f5c53910dd424f42992a7404dd82035) Importer(2089858483,0ecaa5967403d082aa24f35e1b516d23)  -> (artifact id: '692338459413db8eebe39f5e755fc9d2') in 0.090898 seconds
Number of updated asset objects reloaded before import = 0
Number of asset objects unloaded after import = 8
========================================================================
Received Import Request.
  Time since last request: 0.000042 seconds.
  path: Assets/ArchVizPRO Interior Vol.5/3D MODEL/House/Metal_Joint/Metal_Joint_MetallicSmoothness.png
  artifactKey: Guid(d9c8d542885babb4eb0ec972aec49841) Importer(2089858483,0ecaa5967403d082aa24f35e1b516d23)
Start importing Assets/ArchVizPRO Interior Vol.5/3D MODEL/House/Metal_Joint/Metal_Joint_MetallicSmoothness.png using Guid(d9c8d542885babb4eb0ec972aec49841) Importer(2089858483,0ecaa5967403d082aa24f35e1b516d23)  -> (artifact id: '615f8f96fa6f738762188347004f1123') in 0.090268 seconds
Number of updated asset objects reloaded before import = 0
Number of asset objects unloaded after import = 1
========================================================================
Received Import Request.
  Time since last request: 0.000024 seconds.
  path: Assets/Isle of Assets/Simple UI Blur/Scenes/3D SampleScene/Lightmap-0_comp_dir.png
  artifactKey: Guid(2fca0edf8c31cac43816b2b58bc37c8c) Importer(2089858483,0ecaa5967403d082aa24f35e1b516d23)
Start importing Assets/Isle of Assets/Simple UI Blur/Scenes/3D SampleScene/Lightmap-0_comp_dir.png using Guid(2fca0edf8c31cac43816b2b58bc37c8c) Importer(2089858483,0ecaa5967403d082aa24f35e1b516d23)  -> (artifact id: '8607eafc41446b0951e9864a4f22c115') in 0.091412 seconds
Number of updated asset objects reloaded before import = 0
Number of asset objects unloaded after import = 1
========================================================================
Received Import Request.
  Time since last request: 0.000039 seconds.
  path: Assets/_Course Library/_Prefabs/Objects/Electronics/Gaming_Controller.prefab
  artifactKey: Guid(d402ff832ccc1404c8a7261215a1a706) Importer(2089858483,0ecaa5967403d082aa24f35e1b516d23)
Start importing Assets/_Course Library/_Prefabs/Objects/Electronics/Gaming_Controller.prefab using Guid(d402ff832ccc1404c8a7261215a1a706) Importer(2089858483,0ecaa5967403d082aa24f35e1b516d23)  -> (artifact id: '6a1e2d9a48a1c36361d29e71849c24f4') in 0.052660 seconds
Number of updated asset objects reloaded before import = 0
Number of asset objects unloaded after import = 57
========================================================================
Received Import Request.
  Time since last request: 0.000036 seconds.
  path: Assets/_Course Library/_Prefabs/Objects/Hats/Hat_Straw.prefab
  artifactKey: Guid(e47d1d603e6f7de498727aba1230cd7d) Importer(2089858483,0ecaa5967403d082aa24f35e1b516d23)
Start importing Assets/_Course Library/_Prefabs/Objects/Hats/Hat_Straw.prefab using Guid(e47d1d603e6f7de498727aba1230cd7d) Importer(2089858483,0ecaa5967403d082aa24f35e1b516d23)  -> (artifact id: 'ff17b9b3cbff8060666116830fcc702b') in 0.127498 seconds
Number of updated asset objects reloaded before import = 0
Number of asset objects unloaded after import = 8
========================================================================
Received Import Request.
  Time since last request: 0.000040 seconds.
  path: Assets/_Course Library/_Prefabs/Objects/Miscellaneous/Object_MagnifyingGlass.prefab
  artifactKey: Guid(33dc28eb77358df4394d6ecb6e5a188b) Importer(2089858483,0ecaa5967403d082aa24f35e1b516d23)
Start importing Assets/_Course Library/_Prefabs/Objects/Miscellaneous/Object_MagnifyingGlass.prefab using Guid(33dc28eb77358df4394d6ecb6e5a188b) Importer(2089858483,0ecaa5967403d082aa24f35e1b516d23)  -> (artifact id: '77bc93ce4c7dacf6fd53a2bcb20786f5') in 0.059380 seconds
Number of updated asset objects reloaded before import = 0
Number of asset objects unloaded after import = 16
========================================================================
Received Import Request.
  Time since last request: 0.000027 seconds.
  path: Assets/_Course Library/_Prefabs/Objects/Electronics/Phone_Blue.prefab
  artifactKey: Guid(f91e2960a3aa55e469f93bf615efa036) Importer(2089858483,0ecaa5967403d082aa24f35e1b516d23)
Start importing Assets/_Course Library/_Prefabs/Objects/Electronics/Phone_Blue.prefab using Guid(f91e2960a3aa55e469f93bf615efa036) Importer(2089858483,0ecaa5967403d082aa24f35e1b516d23)  -> (artifact id: 'f7ab7d9954645a94e64fc68d66a12723') in 0.074524 seconds
Number of updated asset objects reloaded before import = 0
Number of asset objects unloaded after import = 13
========================================================================
Received Import Request.
  Time since last request: 0.000033 seconds.
  path: Assets/_Course Library/Source Files/Models/RoomModern_Models/Room_Modern_Window.fbx
  artifactKey: Guid(1f8f4dd08a8e1c346a29c4ea114b20b0) Importer(2089858483,0ecaa5967403d082aa24f35e1b516d23)
Start importing Assets/_Course Library/Source Files/Models/RoomModern_Models/Room_Modern_Window.fbx using Guid(1f8f4dd08a8e1c346a29c4ea114b20b0) Importer(2089858483,0ecaa5967403d082aa24f35e1b516d23)  -> (artifact id: '29ce69f3b789086aebf5a1d79c85f0c8') in 0.065941 seconds
Number of updated asset objects reloaded before import = 0
Number of asset objects unloaded after import = 13
========================================================================
Received Import Request.
  Time since last request: 0.000025 seconds.
  path: Assets/AK Studio Art/Bowling Club/Scenes/Demo/Lightmap-0_comp_shadowmask.png
  artifactKey: Guid(3193d12562bdb744aa8d4e94af2cd823) Importer(2089858483,0ecaa5967403d082aa24f35e1b516d23)
Start importing Assets/AK Studio Art/Bowling Club/Scenes/Demo/Lightmap-0_comp_shadowmask.png using Guid(3193d12562bdb744aa8d4e94af2cd823) Importer(2089858483,0ecaa5967403d082aa24f35e1b516d23)  -> (artifact id: 'bc83b37bb83f98cc00c1cb0e07338ce1') in 0.108868 seconds
Number of updated asset objects reloaded before import = 0
Number of asset objects unloaded after import = 1
========================================================================
Received Import Request.
  Time since last request: 0.000463 seconds.
  path: Assets/TextMesh Pro/Examples & Extras/Scripts/SkewTextExample.cs
  artifactKey: Guid(d412675cfb3441efa3bf8dcd9b7624dc) Importer(2089858483,0ecaa5967403d082aa24f35e1b516d23)
Start importing Assets/TextMesh Pro/Examples & Extras/Scripts/SkewTextExample.cs using Guid(d412675cfb3441efa3bf8dcd9b7624dc) Importer(2089858483,0ecaa5967403d082aa24f35e1b516d23)  -> (artifact id: '332aebc63afeda527478e1bad0c8c67a') in 0.067482 seconds
Number of updated asset objects reloaded before import = 0
Number of asset objects unloaded after import = 1
========================================================================
Received Import Request.
  Time since last request: 0.101925 seconds.
  path: Assets/_Course Library/_Prefabs/Objects/Sports/Cricket_Bat_Green.prefab
  artifactKey: Guid(bf9d8472e621dc14cbc8dd8dfea844f7) Importer(2089858483,0ecaa5967403d082aa24f35e1b516d23)
Start importing Assets/_Course Library/_Prefabs/Objects/Sports/Cricket_Bat_Green.prefab using Guid(bf9d8472e621dc14cbc8dd8dfea844f7) Importer(2089858483,0ecaa5967403d082aa24f35e1b516d23)  -> (artifact id: 'b83707212c6b5f4143a3b438180a6736') in 0.045995 seconds
Number of updated asset objects reloaded before import = 0
Number of asset objects unloaded after import = 8
========================================================================
Received Import Request.
  Time since last request: 0.000027 seconds.
  path: Assets/Samples/XR Interaction Toolkit/2.5.2/XR Device Simulator/Hand Expression Captures/Pinch Expression Capture.asset
  artifactKey: Guid(d6e15a52475c2564ca7d2977fdece24a) Importer(2089858483,0ecaa5967403d082aa24f35e1b516d23)
Start importing Assets/Samples/XR Interaction Toolkit/2.5.2/XR Device Simulator/Hand Expression Captures/Pinch Expression Capture.asset using Guid(d6e15a52475c2564ca7d2977fdece24a) Importer(2089858483,0ecaa5967403d082aa24f35e1b516d23)  -> (artifact id: '9035564bf8935d8dfe06d8ac9b3b87be') in 0.049132 seconds
Number of updated asset objects reloaded before import = 0
Number of asset objects unloaded after import = 2
========================================================================
Received Import Request.
  Time since last request: 0.000035 seconds.
  path: Assets/_Course Library/_Prefabs/VR/Hands/VR_Hand_Gray_Left.prefab
  artifactKey: Guid(8c5aedbedb31848488e8007c3432c990) Importer(2089858483,0ecaa5967403d082aa24f35e1b516d23)
Start importing Assets/_Course Library/_Prefabs/VR/Hands/VR_Hand_Gray_Left.prefab using Guid(8c5aedbedb31848488e8007c3432c990) Importer(2089858483,0ecaa5967403d082aa24f35e1b516d23)  -> (artifact id: '47d5d99b083bb907dc8d27ebbecf4afe') in 0.057403 seconds
Number of updated asset objects reloaded before import = 0
Number of asset objects unloaded after import = 9
========================================================================
Received Import Request.
  Time since last request: 0.000024 seconds.
  path: Assets/Samples/XR Interaction Toolkit/2.5.2/Starter Assets/Scripts/XRPokeFollowAffordance.cs
  artifactKey: Guid(07b3638c2f5db5b479ff24c2859713d4) Importer(2089858483,0ecaa5967403d082aa24f35e1b516d23)
Start importing Assets/Samples/XR Interaction Toolkit/2.5.2/Starter Assets/Scripts/XRPokeFollowAffordance.cs using Guid(07b3638c2f5db5b479ff24c2859713d4) Importer(2089858483,0ecaa5967403d082aa24f35e1b516d23)  -> (artifact id: '5296f053eb6d42dee34c015236d64aa4') in 0.052964 seconds
Number of updated asset objects reloaded before import = 0
Number of asset objects unloaded after import = 1
========================================================================
Received Import Request.
  Time since last request: 0.000024 seconds.
  path: Assets/_Course Library/_Prefabs/Objects/Sports/PingPong_Paddle_Red.prefab
  artifactKey: Guid(c8f3c4914ed09be4999d3eb1e3a7b5f5) Importer(2089858483,0ecaa5967403d082aa24f35e1b516d23)
Start importing Assets/_Course Library/_Prefabs/Objects/Sports/PingPong_Paddle_Red.prefab using Guid(c8f3c4914ed09be4999d3eb1e3a7b5f5) Importer(2089858483,0ecaa5967403d082aa24f35e1b516d23)  -> (artifact id: '54ef4651497dd8b3ccd8e580df18d218') in 0.138544 seconds
Number of updated asset objects reloaded before import = 0
Number of asset objects unloaded after import = 15
========================================================================
Received Import Request.
  Time since last request: 0.000328 seconds.
  path: Assets/Samples/XR Interaction Toolkit/2.5.2/Starter Assets/Scripts/ObjectSpawner.cs
  artifactKey: Guid(956dd6cf70eaca449a45b6a95b96c8c1) Importer(2089858483,0ecaa5967403d082aa24f35e1b516d23)
Start importing Assets/Samples/XR Interaction Toolkit/2.5.2/Starter Assets/Scripts/ObjectSpawner.cs using Guid(956dd6cf70eaca449a45b6a95b96c8c1) Importer(2089858483,0ecaa5967403d082aa24f35e1b516d23)  -> (artifact id: '8d8dbe13a707be2282c9dd6530432046') in 0.092183 seconds
Number of updated asset objects reloaded before import = 0
Number of asset objects unloaded after import = 1
========================================================================
Received Import Request.
  Time since last request: 0.000526 seconds.
  path: Assets/Samples/XR Interaction Toolkit/2.5.2/Starter Assets/DemoSceneAssets/Prefabs/Climb/Ladder.prefab
  artifactKey: Guid(b3830b3b2f190ee46a9c88433e985221) Importer(2089858483,0ecaa5967403d082aa24f35e1b516d23)
Start importing Assets/Samples/XR Interaction Toolkit/2.5.2/Starter Assets/DemoSceneAssets/Prefabs/Climb/Ladder.prefab using Guid(b3830b3b2f190ee46a9c88433e985221) Importer(2089858483,0ecaa5967403d082aa24f35e1b516d23)  -> (artifact id: '4140e9df7fbd537d58f4a1c7f62e31d0') in 0.137693 seconds
Number of updated asset objects reloaded before import = 0
Number of asset objects unloaded after import = 141
========================================================================
Received Import Request.
  Time since last request: 0.000028 seconds.
  path: Assets/Samples/XR Interaction Toolkit/2.5.2/Starter Assets/DemoSceneAssets/Prefabs/UI Sample.prefab
  artifactKey: Guid(fd28f23af44f73f4a95e33435872ad15) Importer(2089858483,0ecaa5967403d082aa24f35e1b516d23)
Start importing Assets/Samples/XR Interaction Toolkit/2.5.2/Starter Assets/DemoSceneAssets/Prefabs/UI Sample.prefab using Guid(fd28f23af44f73f4a95e33435872ad15) Importer(2089858483,0ecaa5967403d082aa24f35e1b516d23)  -> (artifact id: 'b4c6e6eb00d356d610fc638179347680') in 0.255001 seconds
Number of updated asset objects reloaded before import = 0
Number of asset objects unloaded after import = 315
========================================================================
Received Import Request.
  Time since last request: 0.000043 seconds.
  path: Assets/Samples/XR Interaction Toolkit/2.5.2/Starter Assets/DemoSceneAssets/Scripts/IncrementUIText.cs
  artifactKey: Guid(ba6ff5e7c92519444bc2a7ca46558963) Importer(2089858483,0ecaa5967403d082aa24f35e1b516d23)
Start importing Assets/Samples/XR Interaction Toolkit/2.5.2/Starter Assets/DemoSceneAssets/Scripts/IncrementUIText.cs using Guid(ba6ff5e7c92519444bc2a7ca46558963) Importer(2089858483,0ecaa5967403d082aa24f35e1b516d23)  -> (artifact id: '1f9306c19da2905298f6421be5ad0ed3') in 0.064466 seconds
Number of updated asset objects reloaded before import = 0
Number of asset objects unloaded after import = 1
========================================================================
Received Import Request.
  Time since last request: 0.000023 seconds.
  path: Assets/Samples/XR Interaction Toolkit/2.5.2/Starter Assets/DemoSceneAssets/Prefabs/UI/MinMaxSlider.prefab
  artifactKey: Guid(657321a07c3561043af55547ec4b0ed7) Importer(2089858483,0ecaa5967403d082aa24f35e1b516d23)
Start importing Assets/Samples/XR Interaction Toolkit/2.5.2/Starter Assets/DemoSceneAssets/Prefabs/UI/MinMaxSlider.prefab using Guid(657321a07c3561043af55547ec4b0ed7) Importer(2089858483,0ecaa5967403d082aa24f35e1b516d23)  -> (artifact id: 'e0eb560c82359f9e752ff0582e405965') in 0.145009 seconds
Number of updated asset objects reloaded before import = 0
Number of asset objects unloaded after import = 26
========================================================================
Received Import Request.
  Time since last request: 0.000028 seconds.
  path: Assets/Samples/XR Interaction Toolkit/2.5.2/Starter Assets/DemoSceneAssets/Prefabs/UI/Interactive Controls.prefab
  artifactKey: Guid(7bbb1960bab3e75459304488d8d1ffba) Importer(2089858483,0ecaa5967403d082aa24f35e1b516d23)
Start importing Assets/Samples/XR Interaction Toolkit/2.5.2/Starter Assets/DemoSceneAssets/Prefabs/UI/Interactive Controls.prefab using Guid(7bbb1960bab3e75459304488d8d1ffba) Importer(2089858483,0ecaa5967403d082aa24f35e1b516d23)  -> (artifact id: 'd6439804aca4c136842a1ef895b17b06') in 0.130010 seconds
Number of updated asset objects reloaded before import = 0
Number of asset objects unloaded after import = 204
========================================================================
Received Import Request.
  Time since last request: 0.000039 seconds.
  path: Assets/Samples/XR Interaction Toolkit/2.5.2/Starter Assets/DemoSceneAssets/Prefabs/Interactables/Push Button.prefab
  artifactKey: Guid(76f3439a0ae796e4b81bee3f91f888ee) Importer(2089858483,0ecaa5967403d082aa24f35e1b516d23)
Start importing Assets/Samples/XR Interaction Toolkit/2.5.2/Starter Assets/DemoSceneAssets/Prefabs/Interactables/Push Button.prefab using Guid(76f3439a0ae796e4b81bee3f91f888ee) Importer(2089858483,0ecaa5967403d082aa24f35e1b516d23)  -> (artifact id: '6996a7bffb4aef216db4b9ce9139dc8b') in 0.234458 seconds
Number of updated asset objects reloaded before import = 0
Number of asset objects unloaded after import = 30
========================================================================
Received Import Request.
  Time since last request: 0.000028 seconds.
  path: Assets/_Course Library/_Prefabs/VR/Hands/VR_Hand_Sphere.prefab
  artifactKey: Guid(94722d2f12fff44dc9f81e18afb2f945) Importer(2089858483,0ecaa5967403d082aa24f35e1b516d23)
Start importing Assets/_Course Library/_Prefabs/VR/Hands/VR_Hand_Sphere.prefab using Guid(94722d2f12fff44dc9f81e18afb2f945) Importer(2089858483,0ecaa5967403d082aa24f35e1b516d23)  -> (artifact id: '27b970dc697247ffcaded77d09784686') in 0.069810 seconds
Number of updated asset objects reloaded before import = 0
Number of asset objects unloaded after import = 8
========================================================================
Received Import Request.
  Time since last request: 0.000037 seconds.
  path: Assets/Samples/XR Interaction Toolkit/2.5.2/Starter Assets/Editor/Scripts/StarterAssetsSampleProjectValidation.cs
  artifactKey: Guid(ef67ceb22b2224643a2d5004fc2a678a) Importer(2089858483,0ecaa5967403d082aa24f35e1b516d23)
Start importing Assets/Samples/XR Interaction Toolkit/2.5.2/Starter Assets/Editor/Scripts/StarterAssetsSampleProjectValidation.cs using Guid(ef67ceb22b2224643a2d5004fc2a678a) Importer(2089858483,0ecaa5967403d082aa24f35e1b516d23)  -> (artifact id: 'fbcda964fc94a9f815f4d47add314b50') in 0.037460 seconds
Number of updated asset objects reloaded before import = 0
Number of asset objects unloaded after import = 1
========================================================================
Received Import Request.
  Time since last request: 18.943461 seconds.
  path: Assets/Settings/High Fidelity_PipelineAsset.asset
  artifactKey: Guid(d49b52b6ba2c2054b9a8375b4afce4eb) Importer(2089858483,0ecaa5967403d082aa24f35e1b516d23)
Start importing Assets/Settings/High Fidelity_PipelineAsset.asset using Guid(d49b52b6ba2c2054b9a8375b4afce4eb) Importer(2089858483,0ecaa5967403d082aa24f35e1b516d23)  -> (artifact id: '75a6abe9fc579bb7d9dda1b86e727121') in 0.080988 seconds
Number of updated asset objects reloaded before import = 0
Number of asset objects unloaded after import = 2
========================================================================
Received Import Request.
  Time since last request: 0.000029 seconds.
  path: Assets/Isle of Assets/Simple UI Blur/Materials/Cylinder.mat
  artifactKey: Guid(bd1d1dd24a63e754a81389c7f2dfed33) Importer(2089858483,0ecaa5967403d082aa24f35e1b516d23)
Start importing Assets/Isle of Assets/Simple UI Blur/Materials/Cylinder.mat using Guid(bd1d1dd24a63e754a81389c7f2dfed33) Importer(2089858483,0ecaa5967403d082aa24f35e1b516d23)  -> (artifact id: '798ce6763b8ff771deeea600f0406400') in 0.051046 seconds
Number of updated asset objects reloaded before import = 0
Number of asset objects unloaded after import = 1
========================================================================
Received Prepare
Begin MonoManager ReloadAssembly
Symbol file LoadedFromMemory is not a mono symbol file
- Loaded All Assemblies, in  1.734 seconds
Refreshing native plugins compatible for Editor in 61.25 ms, found 11 plugins.
Native extension for UWP target not found
Native extension for WindowsStandalone target not found
Native extension for Android target not found
Native extension for OSXStandalone target not found
Native extension for WebGL target not found
[Package Manager] Server::EnsureServerProcessIsRunning -- launch failed, reason: Unity was launched with the -noUpm command-line argument
[Package Manager] UpmClient::Send -- Unable to send message (not connected to UPM process).
[Package Manager] Cannot connect to Unity Package Manager local server
[Package Manager] Server::EnsureServerProcessIsRunning -- launch failed, reason: Unity was launched with the -noUpm command-line argument
[Package Manager] UpmClient::Send -- Unable to send message (not connected to UPM process).
[Package Manager] Cannot connect to Unity Package Manager local server
[Package Manager] Server::EnsureServerProcessIsRunning -- launch failed, reason: Unity was launched with the -noUpm command-line argument
[Package Manager] UpmClient::Send -- Unable to send message (not connected to UPM process).
[Package Manager] Cannot connect to Unity Package Manager local server
System.Reflection.TargetInvocationException: Exception has been thrown by the target of an invocation. ---> System.NullReferenceException: Object reference not set to an instance of an object
  at Unity.XR.Oculus.OculusLoader.AssetPathToAbsolutePath (System.String assetPath) [0x0003d] in .\Library\PackageCache\com.unity.xr.oculus@4.2.0\Runtime\OculusLoader.cs:298 
  at Unity.XR.Oculus.OculusLoader.EditorLoadOVRPlugin () [0x0008c] in .\Library\PackageCache\com.unity.xr.oculus@4.2.0\Runtime\OculusLoader.cs:283 
  at (wrapper managed-to-native) System.Reflection.RuntimeMethodInfo.InternalInvoke(System.Reflection.RuntimeMethodInfo,object,object[],System.Exception&)
  at System.Reflection.RuntimeMethodInfo.Invoke (System.Object obj, System.Reflection.BindingFlags invokeAttr, System.Reflection.Binder binder, System.Object[] parameters, System.Globalization.CultureInfo culture) [0x0006a] in <b11ba2a8fbf24f219f7cc98532a11304>:0 
   --- End of inner exception stack trace ---
  at System.Reflection.RuntimeMethodInfo.Invoke (System.Object obj, System.Reflection.BindingFlags invokeAttr, System.Reflection.Binder binder, System.Object[] parameters, System.Globalization.CultureInfo culture) [0x00083] in <b11ba2a8fbf24f219f7cc98532a11304>:0 
  at System.Reflection.MethodBase.Invoke (System.Object obj, System.Object[] parameters) [0x00000] in <b11ba2a8fbf24f219f7cc98532a11304>:0 
  at UnityEditor.EditorAssemblies.ProcessInitializeOnLoadMethodAttributes () [0x000a5] in <1899c5bd2a6d466081cd705bee01d689>:0 
UnityEngine.StackTraceUtility:ExtractStackTrace ()
UnityEngine.DebugLogHandler:LogFormat (UnityEngine.LogType,UnityEngine.Object,string,object[])
UnityEngine.Logger:Log (UnityEngine.LogType,object)
UnityEngine.Debug:LogError (object)
UnityEditor.EditorAssemblies:ProcessInitializeOnLoadMethodAttributes ()

Mono: successfully reloaded assembly
[Package Manager] Server::EnsureServerProcessIsRunning -- launch failed, reason: Unity was launched with the -noUpm command-line argument
[Package Manager] UpmClient::Send -- Unable to send message (not connected to UPM process).
[Package Manager] Cannot connect to Unity Package Manager local server
- Finished resetting the current domain, in 13.395 seconds
Domain Reload Profiling: 15084ms
	BeginReloadAssembly (489ms)
		ExecutionOrderSort (0ms)
		DisableScriptedObjects (4ms)
		BackupInstance (0ms)
		ReleaseScriptingObjects (0ms)
		CreateAndSetChildDomain (86ms)
	RebuildCommonClasses (53ms)
	RebuildNativeTypeToScriptingClass (15ms)
	initialDomainReloadingComplete (88ms)
	LoadAllAssembliesAndSetupDomain (1043ms)
		LoadAssemblies (1323ms)
		RebuildTransferFunctionScriptingTraits (0ms)
		AnalyzeDomain (46ms)
			TypeCache.Refresh (9ms)
				TypeCache.ScanAssembly (0ms)
			ScanForSourceGeneratedMonoScriptInfo (0ms)
			ResolveRequiredComponents (35ms)
	FinalizeReload (13396ms)
		ReleaseScriptCaches (0ms)
		RebuildScriptCaches (0ms)
		SetupLoadedEditorAssemblies (1459ms)
			LogAssemblyErrors (0ms)
			InitializePlatformSupportModulesInManaged (135ms)
			SetLoadedEditorAssemblies (7ms)
			RefreshPlugins (0ms)
			BeforeProcessingInitializeOnLoad (472ms)
			ProcessInitializeOnLoadAttributes (648ms)
			ProcessInitializeOnLoadMethodAttributes (117ms)
			AfterProcessingInitializeOnLoad (80ms)
			EditorAssembliesLoaded (0ms)
		ExecutionOrderSort2 (0ms)
		AwakeInstancesAfterBackupRestoration (32ms)
Shader 'Oculus/OVRMRCameraFrameLit': fallback shader 'Alpha-Diffuse' not found
Shader 'Meta/MRUK/Scene/HighlightsAndShadows': fallback shader 'Off' not found
Refreshing native plugins compatible for Editor in 79.33 ms, found 11 plugins.
Preloading 3 native plugins for Editor in 0.57 ms.
Unloading 7812 Unused Serialized files (Serialized files now loaded: 0)
Unloading 80 unused Assets / (340.5 KB). Loaded Objects now: 8474.
Memory consumption went from 259.4 MB to 259.1 MB.
Total: 9.333100 ms (FindLiveObjects: 0.739600 ms CreateObjectMapping: 0.929500 ms MarkObjects: 7.358800 ms  DeleteObjects: 0.303400 ms)

Prepare: number of updated asset objects reloaded= 0
AssetImportParameters requested are different than current active one (requested -> active):
  custom:scripting/monoscript/fileName/MetaXRSubsampledLayout.cs: 6aaebe357f0f2d3b4a093057b5676315 -> 
  custom:container-demuxer-ogg: 62fdf1f143b41e24485cea50d1cbac27 -> 
  custom:scripting/monoscript/fileName/UWPCoreWindowBuildHooks.cs: 528ee0545204f8083d130ec04efc78bc -> 
  custom:scripting/monoscript/fileName/MetaQuestFeatureEditor.cs: fff340053bb2e94334d0d5989f2eb349 -> 
  custom:scripting/monoscript/fileName/PalmPoseInteraction.cs: 6bd25b6029acb9127f25748cb0b6d2a8 -> 
  custom:scripting/monoscript/fileName/OpenXRRuntime.cs: c3a00f9ce6a0283dcb391b83637adf44 -> 
  custom:framework-win-MediaFoundation: 216162199b28c13a410421893ffa2e32 -> 
  custom:scripting/monoscript/fileName/OpenXRFeatureSettings.cs: 90647cc400823b41df847a6cbfc29026 -> 
  custom:scripting/monoscript/fileName/OpenXRBuildProcessor.cs: 48dc0e114f75799c0d74bafe70808189 -> 
  custom:scripting/monoscript/fileName/OpenXRFeatureInternal.cs: 90647cc400823b41df847a6cbfc29026 -> 
  custom:scripting/monoscript/fileName/OpenXRSpaceSettings.cs: 90647cc400823b41df847a6cbfc29026 -> 
  custom:scripting/monoscript/fileName/DPadInteractionCustomEditor.cs: d93785eeae2b4d41d39f603bd6f9849d -> 
  custom:scripting/monoscript/fileName/FeatureHelpers.cs: 0e8d07707daeed1da30b1605e903226b -> 
  custom:scripting/monoscript/fileName/DebuggerState.cs: 41070b7a08cc178a9ea51324cdaf5b81 -> 
  custom:scripting/monoscript/fileName/OpenXRHmd.cs: 1624687aa096b40d58d149d9c6304cca -> 
  custom:scripting/monoscript/fileName/OculusTouchControllerProfile.cs: 03df51b5c781d1980f509408bae72bc8 -> 
  custom:scripting/monoscript/fileName/RuntimeDebuggerWindow.cs: 0bc1d5ee7ce2553d42d62861471f3c44 -> 
  custom:scripting/monoscript/fileName/MetaXRSpaceWarp.cs: f1275400e64de7ac37cd4ecb60b92864 -> 
  custom:container-muxer-webm: aa71ff27fc2769a1b78a27578f13a17b -> 
  custom:video-decoder-webm-vp8: 9c59270c3fd7afecdb556c50c9e8de78 -> 
  custom:scripting/monoscript/fileName/OculusQuestFeature.cs: 041c3418dd65b8e99ca410c708996814 -> 
  custom:scripting/monoscript/fileName/OpenXRFeatureSetManager.cs: 4f340a53d115a7e1888d00ddc4cd614b -> 
  custom:SearchIndexIgnoredProperties: e643bd26f0fe6173181afceb89e7c659 -> 
  custom:AudioImporter_EditorPlatform: d09bf68614088b80899f8185d706f6e7 -> 
  custom:scripting/monoscript/fileName/OpenXRDevice.cs: 1b3be9b024fb29351711164fb0577202 -> 
  custom:scripting/monoscript/fileName/HTCViveControllerProfile.cs: 575b921c71649e99576a05f0add9cf5d -> 
  custom:scripting/monoscript/fileName/OpenXRRenderSettings.cs: 90647cc400823b41df847a6cbfc29026 -> 
  custom:scripting/monoscript/fileName/EyeGazeInteraction.cs: dc1f12620c8656649cfc16f13969f5fa -> 
  custom:scripting/monoscript/fileName/OpenXRAnalytics.cs: 67d5de80ae8e3ee46bb1b4907783d54c -> 
  custom:scripting/monoscript/fileName/MetaXRFeature.cs: 782504a5ed2525f1dc5bc090683802e5 -> 
  custom:scripting/monoscript/fileName/OpenXRFeatureAttribute.cs: cb6dde4b346c754b123a290cdf928c65 -> 
  custom:scripting/monoscript/fileName/OpenXRLoaderNoPreInit.cs: 8f7a064e1e0bb6e17b9f5d171fe53dfc -> 
  custom:scripting/monoscript/fileName/HandCommonPosesInteraction.cs: c984aa78f460c3bf39ec56bc9a0a414a -> 
  custom:scripting/monoscript/fileName/RuntimeDebuggerOpenXRFeatureEditor.cs: 26a9be57964b520d3a47d8c20db877e9 -> 
  custom:scripting/monoscript/fileName/HPReverbG2ControllerProfile.cs: 6aadb5e22feaccfa77ef6db6c4d4541c -> 
  custom:scripting/monoscript/fileName/BootConfig.cs: b2c4d54615a39b14509e601dd0f329ff -> 
  custom:audio-decoder-ogg-vorbis: bf7c407c2cedff20999df2af8eb42d56 -> 
  custom:scripting/monoscript/fileName/MetaXRFeatureEnabler.cs: 411456e96065709848597c49ea9e7866 -> 
  custom:scripting/monoscript/fileName/OpenXRPackageSettings.cs: 4f4aaba453bf105fb1c3c3d64247142d -> 
  custom:scripting/monoscript/fileName/OpenXRFeatureSetAttribute.cs: 9e20f05fe0a3688af8836175869f0bb7 -> 
  custom:scripting/monoscript/fileName/HapticControl.cs: d7a5389cafde2a1337c58e2f0d91a837 -> 
  custom:scripting/monoscript/fileName/MetaQuestFeature.cs: b9c317336250afc5bb5fa2c2df269ea6 -> 
  custom:scripting/monoscript/fileName/OpenXRRuntimeSelector.cs: 976a19637455f3c9d6af12ad00b783e3 -> 
  custom:scripting/monoscript/fileName/BuildHelperUtils.cs: 619773c3d1b7f3f0ca7461f5c27242a8 -> 
  custom:audio-encoder-webm-vorbis: bf7c407c2cedff20999df2af8eb42d56 -> 
  custom:scripting/monoscript/fileName/RuntimeDebuggerOpenXRFeature.cs: 8b269b64ad1c99e85d7f28185c15f7bb -> 
  custom:scripting/monoscript/fileName/MetaQuestFeatureBuildHooks.cs: 2ac755c66ffd4e4b7c22530386a7ba47 -> 
  custom:scripting/monoscript/fileName/OpenXRInteractionFeature.cs: a60484418ad6b497996467bb6f98db73 -> 
  custom:scripting/monoscript/fileName/DPadInteraction.cs: 93f85c8ba74c4199c8fc9b6e8c6fb8a6 -> 
  custom:scripting/monoscript/fileName/OpenXRFeatureSettingsEditor.cs: 46f7bc9b6667349416d592c92274a2cd -> 
  custom:video-decoder-ogg-theora: a1e56fd34408186e4bbccfd4996cb3dc -> 
  custom:scripting/monoscript/fileName/MetaQuestTouchProControllerProfile.cs: 9fffae235d4c14901711127c7daeb86c -> 
  custom:scripting/monoscript/fileName/OpenXRConstants.cs: f878d042bd3999b796b9387b0c8a1032 -> 
  custom:scripting/monoscript/fileName/OpenXRFeatureUICommon.cs: 45f7a59cd9c5cd84e28e0f7a429879c2 -> 
  custom:scripting/monoscript/fileName/OpenXRLoaderUI.cs: ebd8d704d5e26f054d43886c272cd005 -> 
  custom:scripting/monoscript/fileName/WaitForRestartFinish.cs: 0e76bf389cf347a5d8d6432ec661895f -> 
  custom:scripting/monoscript/fileName/KHRSimpleControllerProfile.cs: bcdcb81587b2075f7af2f75706b9e69a -> 
  custom:scripting/monoscript/fileName/ConformanceAutomationFeature.cs: 97112e825fad9ed87f6a9c7acc231c0b -> 
  custom:scripting/monoscript/fileName/OpenXRLoaderInternal.cs: 90647cc400823b41df847a6cbfc29026 -> 
  custom:CustomObjectIndexerAttribute: 72b91833f83ae208fae7752999fa3104 -> 
  custom:scripting/monoscript/fileName/OpenXRMangementSettings.cs: 5a013b6c45b1e1d06085cb1496493b86 -> 
  custom:scripting/monoscript/fileName/OpenXRNativeTypes.cs: 91cde5f962ea5dcb75652e72bac8769f -> 
  custom:container-demuxer-webm: 4f35f7cbe854078d1ac9338744f61a02 -> 
  custom:scripting/monoscript/fileName/KnownFeatureSets.cs: 2cf391597f07a52473981e9cc2b41b67 -> 
  custom:scripting/monoscript/fileName/OpenXRProjectValidationRulesSetup.cs: 63c520149123eced22b6028c5ebd9d08 -> 
  custom:scripting/monoscript/fileName/MicrosoftHandInteraction.cs: dac920740153b0163dda0f7e56920e40 -> 
  custom:scripting/monoscript/fileName/PackageSettingsEditor.cs: 6212fddebb8f67c4da0f50592230839b -> 
  custom:scripting/monoscript/fileName/OpenXRLoader.cs: 18020e98a4b26e822e0c5684b0251e04 -> 
  custom:scripting/monoscript/fileName/ValveIndexControllerProfile.cs: f923b1771c835a70375d3505e818878d -> 
  custom:scripting/monoscript/fileName/OculusQuestFeatureEditor.cs: af70b82209b4cf6ce20a2da2892dfc5f -> 
  custom:scripting/monoscript/fileName/OpenXRChooseRuntimeLibraries.cs: 3923c2f1337a35d737ad0192eb46b432 -> 
  custom:scripting/monoscript/fileName/MetaXREyeTrackedFoveationFeature.cs: 460473d07f8096e9f1344662eb214fcc -> 
  custom:scripting/monoscript/fileName/MockRuntime.cs: 8e970d93da4762c7d57e9c9dd2b36dbb -> 
  custom:scripting/monoscript/fileName/MetaXRFeatureSet.cs: e0d039fe304aca373e5d7962ffb0e24d -> 
  custom:scripting/monoscript/fileName/BootConfigBuilder.cs: a174d8870c7a69fabc7d42a75b0f23aa -> 
  custom:scripting/monoscript/fileName/MicrosoftMotionControllerProfile.cs: 6dcaa2067404bed7771687f2f9dfa057 -> 
  custom:scripting/monoscript/fileName/OpenXRRestarter.cs: c236f3f43c026f409512d203b81e6184 -> 
  custom:scripting/monoscript/fileName/OpenXRDiagnosticReport.cs: f43e8307d90025ed39c346ed63d1208d -> 
  custom:scripting/monoscript/fileName/PoseControl.cs: 4ff0d325328ef40fb1693e34ac3358bf -> 26044499bf9bfd77ab38d92d33de1d80
  custom:scripting/monoscript/fileName/OpenXRFeatureBuildHooks.cs: da31756dd3c74e69bcd7ed1a1983ed53 -> 
  custom:scripting/monoscript/fileName/MetaXRFoveationFeature.cs: cfbe3655078beed7fcdedd0ad51afce0 -> 
  custom:video-encoder-webm-vp8: eb34c28f22e8b96e1ab97ce403110664 -> 
  custom:scripting/monoscript/fileName/ModifyAndroidManifestMeta.cs: 3b920058e4dd8cbdb95cce4af271f981 -> 
  custom:scripting/monoscript/fileName/OpenXRFeatureEditor.cs: 01dd3fecc4e9c7ce9fb6af5d0948ba2a -> 
  custom:scripting/monoscript/fileName/HandInteractionProfile.cs: 9c7649bd495ee99cc73ddacbe0a8cd95 -> 
  custom:scripting/monoscript/fileName/ModifyAndroidManifestOculus.cs: 1d09740e7edd66fffc5895aae9e385d3 -> 
  custom:scripting/monoscript/fileName/OpenXRInput.cs: b351db87f98ee399e568b78e0ed353e3 -> 
  custom:scripting/monoscript/fileName/OpenXREditorSettings.cs: 321e3a8126bc4b0248cbcecf63892f31 -> 
  custom:scripting/monoscript/fileName/OpenXRProjectValidation.cs: 181508e149a91a64c6dfdc447b97c322 -> 
========================================================================
Received Import Request.
  Time since last request: 150.205669 seconds.
  path: Assets/Isle of Assets/Simple UI Blur/Materials/3D BlurMat.mat
  artifactKey: Guid(f03ab60a997cf4b41b3008d79649cc68) Importer(815301076,1909f56bfc062723c751e8b465ee728b)
Start importing Assets/Isle of Assets/Simple UI Blur/Materials/3D BlurMat.mat using Guid(f03ab60a997cf4b41b3008d79649cc68) Importer(815301076,1909f56bfc062723c751e8b465ee728b)  -> (artifact id: '78e28bf7fe1e13b3f0f2921215bad490') in 0.461823 seconds
Number of updated asset objects reloaded before import = 0
Number of asset objects unloaded after import = 20
========================================================================
Received Import Request.
  Time since last request: 0.000038 seconds.
  path: Assets/Isle of Assets/Simple UI Blur/Materials/Cylinder.mat
  artifactKey: Guid(bd1d1dd24a63e754a81389c7f2dfed33) Importer(815301076,1909f56bfc062723c751e8b465ee728b)
Start importing Assets/Isle of Assets/Simple UI Blur/Materials/Cylinder.mat using Guid(bd1d1dd24a63e754a81389c7f2dfed33) Importer(815301076,1909f56bfc062723c751e8b465ee728b)  -> (artifact id: '396eb477b09394f348885d0f8a0f08e5') in 0.047231 seconds
Number of updated asset objects reloaded before import = 0
Number of asset objects unloaded after import = 2
========================================================================
Received Import Request.
  Time since last request: 0.000047 seconds.
  path: Assets/Isle of Assets/Simple UI Blur/Materials/Ground.mat
  artifactKey: Guid(95a285690136d0f43a8169e9c534cf55) Importer(815301076,1909f56bfc062723c751e8b465ee728b)
Start importing Assets/Isle of Assets/Simple UI Blur/Materials/Ground.mat using Guid(95a285690136d0f43a8169e9c534cf55) Importer(815301076,1909f56bfc062723c751e8b465ee728b)  -> (artifact id: '1e0ea603ef536a3a7ef58543802a3f4f') in 0.029579 seconds
Number of updated asset objects reloaded before import = 0
Number of asset objects unloaded after import = 3
========================================================================
Received Import Request.
  Time since last request: 14.308458 seconds.
  path: Assets/Isle of Assets/Simple UI Blur/Scenes/3D SampleScene/Lightmap-0_comp_dir.png
  artifactKey: Guid(2fca0edf8c31cac43816b2b58bc37c8c) Importer(815301076,1909f56bfc062723c751e8b465ee728b)
Start importing Assets/Isle of Assets/Simple UI Blur/Scenes/3D SampleScene/Lightmap-0_comp_dir.png using Guid(2fca0edf8c31cac43816b2b58bc37c8c) Importer(815301076,1909f56bfc062723c751e8b465ee728b)  -> (artifact id: '2d4f522fac89fa3cc2cd65b6aae2ea2a') in 0.027855 seconds
Number of updated asset objects reloaded before import = 0
Number of asset objects unloaded after import = 2
========================================================================
Received Import Request.
  Time since last request: 0.000027 seconds.
  path: Assets/Isle of Assets/Simple UI Blur/Scenes/3D SampleScene/ReflectionProbe-0.exr
  artifactKey: Guid(c73d3b5962fa4eb40a185d0dd1f50d29) Importer(815301076,1909f56bfc062723c751e8b465ee728b)
Start importing Assets/Isle of Assets/Simple UI Blur/Scenes/3D SampleScene/ReflectionProbe-0.exr using Guid(c73d3b5962fa4eb40a185d0dd1f50d29) Importer(815301076,1909f56bfc062723c751e8b465ee728b)  -> (artifact id: '9734887ecc0477ba108fafec3a0e18be') in 0.037776 seconds
Number of updated asset objects reloaded before import = 0
Number of asset objects unloaded after import = 2
========================================================================
Received Import Request.
  Time since last request: 0.000022 seconds.
  path: Assets/Isle of Assets/Simple UI Blur/Scenes/3D SampleScene/OcclusionCullingData.asset
  artifactKey: Guid(c35ac7708c26dca48a6382fc106a2b69) Importer(815301076,1909f56bfc062723c751e8b465ee728b)
Start importing Assets/Isle of Assets/Simple UI Blur/Scenes/3D SampleScene/OcclusionCullingData.asset using Guid(c35ac7708c26dca48a6382fc106a2b69) Importer(815301076,1909f56bfc062723c751e8b465ee728b)  -> (artifact id: '7a4cbd1e2d197f2806f3b8a966d9f6ae') in 0.002927 seconds
Number of updated asset objects reloaded before import = 0
Number of asset objects unloaded after import = 1
========================================================================
Received Import Request.
  Time since last request: 0.000025 seconds.
  path: Assets/Isle of Assets/Simple UI Blur/Scenes/3D SampleScene/Lightmap-0_comp_light.exr
  artifactKey: Guid(0712ba192f8f26f4fa9cfb601d05ae14) Importer(815301076,1909f56bfc062723c751e8b465ee728b)
Start importing Assets/Isle of Assets/Simple UI Blur/Scenes/3D SampleScene/Lightmap-0_comp_light.exr using Guid(0712ba192f8f26f4fa9cfb601d05ae14) Importer(815301076,1909f56bfc062723c751e8b465ee728b)  -> (artifact id: '8a00f3f50b6856c0b4bbf2f0376afd6a') in 0.030686 seconds
Number of updated asset objects reloaded before import = 0
Number of asset objects unloaded after import = 2
========================================================================
Received Import Request.
  Time since last request: 0.000040 seconds.
  path: Assets/Isle of Assets/Simple UI Blur/Scenes/3D SampleScene/Lightmap-2_comp_light.exr
  artifactKey: Guid(5ea530877fe8c654e84e7b88b9a62cb6) Importer(815301076,1909f56bfc062723c751e8b465ee728b)
Start importing Assets/Isle of Assets/Simple UI Blur/Scenes/3D SampleScene/Lightmap-2_comp_light.exr using Guid(5ea530877fe8c654e84e7b88b9a62cb6) Importer(815301076,1909f56bfc062723c751e8b465ee728b)  -> (artifact id: '37079fb043e65fcf32918a46efeabb52') in 0.023283 seconds
Number of updated asset objects reloaded before import = 0
Number of asset objects unloaded after import = 2
========================================================================
Received Import Request.
  Time since last request: 0.000040 seconds.
  path: Assets/Isle of Assets/Simple UI Blur/Scenes/3D SampleScene/Lightmap-1_comp_dir.png
  artifactKey: Guid(ce5a0d5738fe02949b911c0ae0211315) Importer(815301076,1909f56bfc062723c751e8b465ee728b)
Start importing Assets/Isle of Assets/Simple UI Blur/Scenes/3D SampleScene/Lightmap-1_comp_dir.png using Guid(ce5a0d5738fe02949b911c0ae0211315) Importer(815301076,1909f56bfc062723c751e8b465ee728b)  -> (artifact id: '971a7d303fbb73d39a5db8cb6e28e43c') in 0.023563 seconds
Number of updated asset objects reloaded before import = 0
Number of asset objects unloaded after import = 2
Editor requested this worker to shutdown with reason: Scaling down because of idle timeout
TcpMessagingSession - receive error: operation aborted. errorcode: 995, details:  I/O 
AssetImportWorker is now disconnected from the server
Process exiting
Exiting without the bug reporter. Application will terminate with return code 0